2023.02.25 17:27:04 INFO  tracing is disabled for protocol LSP, to enable tracing of incoming and outgoing JSON messages create an empty file at /Users/harshagudise/Documents/JavaSE/.metals/lsp.trace.json or /Users/harshagudise/Library/Caches/org.scalameta.metals/lsp.trace.json
2023.02.25 17:27:05 INFO  logging to file /Users/harshagudise/Documents/JavaSE/.metals/metals.log
2023.02.25 17:27:05 INFO  Started: Metals version 0.11.10 in workspace '/Users/harshagudise/Documents/JavaSE' for client Visual Studio Code 1.75.1.
SLF4J: No SLF4J providers were found.
SLF4J: Defaulting to no-operation (NOP) logger implementation
SLF4J: See https://www.slf4j.org/codes.html#noProviders for further details.
SLF4J: Class path contains SLF4J bindings targeting slf4j-api versions 1.7.x or earlier.
SLF4J: Ignoring binding found at [jar:file:/Users/harshagudise/Library/Caches/Coursier/v1/https/repo1.maven.org/maven2/com/outr/scribe-slf4j_2.13/3.10.5/scribe-slf4j_2.13-3.10.5.jar!/org/slf4j/impl/StaticLoggerBinder.class]
SLF4J: See https://www.slf4j.org/codes.html#ignoredBindings for an explanation.
2023.02.25 17:27:08 INFO  time: initialize in 2.98s
2023.02.25 17:27:11 WARN  Build server is not auto-connectable.
2023.02.25 17:27:11 WARN  no build tool detected in workspace '/Users/harshagudise/Documents/JavaSE'. The most common cause for this problem is that the editor was opened in the wrong working directory, for example if you use sbt then the workspace directory should contain build.sbt. 
2023.02.25 17:27:11 WARN  no build target for: /Users/harshagudise/Documents/JavaSE/MyFirst.java
2023.02.25 17:39:59 INFO  shutting down Metals
2023.02.25 17:44:00 INFO  tracing is disabled for protocol LSP, to enable tracing of incoming and outgoing JSON messages create an empty file at /Users/harshagudise/Documents/JavaSE/.metals/lsp.trace.json or /Users/harshagudise/Library/Caches/org.scalameta.metals/lsp.trace.json
2023.02.25 17:44:04 INFO  logging to file /Users/harshagudise/Documents/JavaSE/.metals/metals.log
2023.02.25 17:44:04 INFO  Started: Metals version 0.11.10 in workspace '/Users/harshagudise/Documents/JavaSE' for client Visual Studio Code 1.75.1.
SLF4J: No SLF4J providers were found.
SLF4J: Defaulting to no-operation (NOP) logger implementation
SLF4J: See https://www.slf4j.org/codes.html#noProviders for further details.
SLF4J: Class path contains SLF4J bindings targeting slf4j-api versions 1.7.x or earlier.
SLF4J: Ignoring binding found at [jar:file:/Users/harshagudise/Library/Caches/Coursier/v1/https/repo1.maven.org/maven2/com/outr/scribe-slf4j_2.13/3.10.5/scribe-slf4j_2.13-3.10.5.jar!/org/slf4j/impl/StaticLoggerBinder.class]
SLF4J: See https://www.slf4j.org/codes.html#ignoredBindings for an explanation.
2023.02.25 17:44:10 INFO  time: initialize in 6.5s
2023.02.25 17:44:17 WARN  Build server is not auto-connectable.
2023.02.25 17:44:17 WARN  no build tool detected in workspace '/Users/harshagudise/Documents/JavaSE'. The most common cause for this problem is that the editor was opened in the wrong working directory, for example if you use sbt then the workspace directory should contain build.sbt. 
2023.02.25 17:44:17 WARN  no build target for: /Users/harshagudise/Documents/JavaSE/MyFirst.java
2023.02.25 17:44:20 INFO  time: code lens generation in 2.55s
2023.02.25 17:44:20 INFO  time: code lens generation in 2.28s
Feb 25, 2023 5:44:51 PM org.eclipse.lsp4j.jsonrpc.services.GenericEndpoint notify
INFO: Unsupported notification method: $/setTrace
2023.02.25 17:44:57 WARN  no build target for: /Users/harshagudise/Documents/JavaSE/MyFirst.java
2023.02.25 17:44:59 WARN  Running javac-semanticdb failed for file:///Users/harshagudise/Documents/JavaSE/MyFirst.java. Output:
/Users/harshagudise/Documents/JavaSE/MyFirst.java:1: error: reached end of file while parsing
cl
^
1 error
2023.02.25 17:45:03 WARN  no build target for: /Users/harshagudise/Documents/JavaSE/MyFirst.java
2023.02.25 17:45:04 WARN  no build target for: /Users/harshagudise/Documents/JavaSE/MyFirst.java
2023.02.25 17:45:05 WARN  Running javac-semanticdb failed for file:///Users/harshagudise/Documents/JavaSE/MyFirst.java. Output:
/Users/harshagudise/Documents/JavaSE/MyFirst.java:1: error: reached end of file while parsing
import java.la
              ^
1 error
2023.02.25 17:45:07 WARN  no build target for: /Users/harshagudise/Documents/JavaSE/MyFirst.java
2023.02.25 17:45:12 WARN  no build target for: /Users/harshagudise/Documents/JavaSE/MyFirst.java
2023.02.25 17:45:16 WARN  no build target for: /Users/harshagudise/Documents/JavaSE/MyFirst.java
2023.02.25 17:45:17 WARN  no build target for: /Users/harshagudise/Documents/JavaSE/MyFirst.java
2023.02.25 17:45:20 WARN  Running javac-semanticdb failed for file:///Users/harshagudise/Documents/JavaSE/MyFirst.java. Output:
/Users/harshagudise/Documents/JavaSE/MyFirst.java:4: error: reached end of file while parsing
class 
     ^
1 error
2023.02.25 17:45:20 WARN  no build target for: /Users/harshagudise/Documents/JavaSE/MyFirst.java
2023.02.25 17:45:21 WARN  Running javac-semanticdb failed for file:///Users/harshagudise/Documents/JavaSE/MyFirst.java. Output:
/Users/harshagudise/Documents/JavaSE/MyFirst.java:4: error: reached end of file while parsing
class First
           ^
1 error
2023.02.25 17:45:22 WARN  no build target for: /Users/harshagudise/Documents/JavaSE/MyFirst.java
2023.02.25 17:45:24 WARN  no build target for: /Users/harshagudise/Documents/JavaSE/MyFirst.java
2023.02.25 17:45:27 WARN  no build target for: /Users/harshagudise/Documents/JavaSE/MyFirst.java
2023.02.25 17:45:27 WARN  Running javac-semanticdb failed for file:///Users/harshagudise/Documents/JavaSE/MyFirst.java. Output:
/Users/harshagudise/Documents/JavaSE/MyFirst.java:6: error: <identifier> expected
    ps
      ^
1 error
2023.02.25 17:45:34 WARN  no build target for: /Users/harshagudise/Documents/JavaSE/MyFirst.java
2023.02.25 17:45:39 WARN  no build target for: /Users/harshagudise/Documents/JavaSE/MyFirst.java
2023.02.25 17:45:41 WARN  Running javac-semanticdb failed for file:///Users/harshagudise/Documents/JavaSE/MyFirst.java. Output:
/Users/harshagudise/Documents/JavaSE/MyFirst.java:7: error: not a statement
        System.out.printl"");
                  ^
/Users/harshagudise/Documents/JavaSE/MyFirst.java:7: error: ';' expected
        System.out.printl"");
                         ^
2 errors
2023.02.25 17:45:43 WARN  no build target for: /Users/harshagudise/Documents/JavaSE/MyFirst.java
2023.02.25 17:45:44 WARN  no build target for: /Users/harshagudise/Documents/JavaSE/MyFirst.java
2023.02.25 17:45:44 WARN  Running javac-semanticdb failed for file:///Users/harshagudise/Documents/JavaSE/MyFirst.java. Output:
/Users/harshagudise/Documents/JavaSE/MyFirst.java:7: error: ';' expected
        System.out.printl()"");
                           ^
1 error
2023.02.25 17:45:47 WARN  no build target for: /Users/harshagudise/Documents/JavaSE/MyFirst.java
2023.02.25 17:45:49 INFO  time: code lens generation in 5.31s
2023.02.25 17:45:49 INFO  time: code lens generation in 6.51s
2023.02.25 17:45:49 INFO  time: code lens generation in 2.44s
2023.02.25 17:45:50 WARN  no build target for: /Users/harshagudise/Documents/JavaSE/MyFirst.java
2023.02.25 17:45:51 WARN  Running javac-semanticdb failed for file:///Users/harshagudise/Documents/JavaSE/MyFirst.java. Output:
/Users/harshagudise/Documents/JavaSE/MyFirst.java:7: error: not a statement
        System.out.println"");
                  ^
/Users/harshagudise/Documents/JavaSE/MyFirst.java:7: error: ';' expected
        System.out.println"");
                          ^
2 errors
2023.02.25 17:45:51 INFO  time: code lens generation in 1.15s
2023.02.25 17:45:51 WARN  no build target for: /Users/harshagudise/Documents/JavaSE/MyFirst.java
2023.02.25 17:45:53 WARN  Running javac-semanticdb failed for file:///Users/harshagudise/Documents/JavaSE/MyFirst.java. Output:
/Users/harshagudise/Documents/JavaSE/MyFirst.java:7: error: ';' expected
        System.out.println()"");
                            ^
1 error
2023.02.25 17:45:53 INFO  time: code lens generation in 1.41s
2023.02.25 17:45:53 WARN  no build target for: /Users/harshagudise/Documents/JavaSE/MyFirst.java
2023.02.25 17:45:57 WARN  no build target for: /Users/harshagudise/Documents/JavaSE/MyFirst.java
2023.02.25 17:46:22 WARN  no build target for: /Users/harshagudise/Documents/JavaSE/MyFirst.java
2023.02.25 17:48:19 WARN  no build target for: /Users/harshagudise/Documents/JavaSE/MyFirst.java
2023.02.25 17:48:24 WARN  no build target for: /Users/harshagudise/Documents/JavaSE/MyFirst.java
2023.02.25 17:48:26 WARN  Running javac-semanticdb failed for file:///Users/harshagudise/Documents/JavaSE/MyFirst.java. Output:
/Users/harshagudise/Documents/JavaSE/MyFirst.java:9: error: illegal start of expression
    }
    ^
1 error
2023.02.25 17:48:27 WARN  no build target for: /Users/harshagudise/Documents/JavaSE/MyFirst.java
2023.02.25 17:48:30 WARN  Running javac-semanticdb failed for file:///Users/harshagudise/Documents/JavaSE/MyFirst.java. Output:
/Users/harshagudise/Documents/JavaSE/MyFirst.java:8: error: ';' expected
        Scanner sc = new Scanner(null)
                                      ^
1 error
2023.02.25 17:48:30 INFO  time: code lens generation in 1.71s
2023.02.25 17:48:34 WARN  no build target for: /Users/harshagudise/Documents/JavaSE/MyFirst.java
2023.02.25 17:48:35 WARN  Running javac-semanticdb failed for file:///Users/harshagudise/Documents/JavaSE/MyFirst.java. Output:
/Users/harshagudise/Documents/JavaSE/MyFirst.java:8: error: ';' expected
        Scanner sc = new Scanner(System.in)
                                           ^
1 error
2023.02.25 17:48:36 WARN  no build target for: /Users/harshagudise/Documents/JavaSE/MyFirst.java
2023.02.25 17:48:46 WARN  no build target for: /Users/harshagudise/Documents/JavaSE/MyFirst.java
2023.02.25 17:48:47 WARN  Running javac-semanticdb failed for file:///Users/harshagudise/Documents/JavaSE/MyFirst.java. Output:
/Users/harshagudise/Documents/JavaSE/MyFirst.java:9: error: ';' expected
        int a = sc.ne
                     ^
1 error
2023.02.25 17:48:49 WARN  no build target for: /Users/harshagudise/Documents/JavaSE/MyFirst.java
2023.02.25 17:48:50 WARN  no build target for: /Users/harshagudise/Documents/JavaSE/MyFirst.java
2023.02.25 17:48:51 WARN  Running javac-semanticdb failed for file:///Users/harshagudise/Documents/JavaSE/MyFirst.java. Output:
/Users/harshagudise/Documents/JavaSE/MyFirst.java:9: error: ';' expected
        int a = sc.nextInt()
                            ^
1 error
2023.02.25 17:48:52 WARN  Running javac-semanticdb failed for file:///Users/harshagudise/Documents/JavaSE/MyFirst.java. Output:
/Users/harshagudise/Documents/JavaSE/MyFirst.java:9: error: ';' expected
        int a = sc.nextInt()
                            ^
1 error
2023.02.25 17:48:52 INFO  time: code lens generation in 2.22s
2023.02.25 17:49:05 WARN  no build target for: /Users/harshagudise/Documents/JavaSE/MyFirst.java
2023.02.25 17:49:07 WARN  Running javac-semanticdb failed for file:///Users/harshagudise/Documents/JavaSE/MyFirst.java. Output:
/Users/harshagudise/Documents/JavaSE/MyFirst.java:8: error: ';' expected
        System.out.println("harsha");
              ^
/Users/harshagudise/Documents/JavaSE/MyFirst.java:10: error: ';' expected
        int a = sc.nextInt()
                            ^
2 errors
2023.02.25 17:49:07 WARN  no build target for: /Users/harshagudise/Documents/JavaSE/MyFirst.java
2023.02.25 17:49:08 WARN  Running javac-semanticdb failed for file:///Users/harshagudise/Documents/JavaSE/MyFirst.java. Output:
/Users/harshagudise/Documents/JavaSE/MyFirst.java:10: error: ';' expected
        int a = sc.nextInt()
                            ^
1 error
2023.02.25 17:49:09 WARN  no build target for: /Users/harshagudise/Documents/JavaSE/MyFirst.java
2023.02.25 17:49:11 WARN  Running javac-semanticdb failed for file:///Users/harshagudise/Documents/JavaSE/MyFirst.java. Output:
/Users/harshagudise/Documents/JavaSE/MyFirst.java:10: error: ';' expected
        int a = sc.nextInt(b)
                             ^
1 error
2023.02.25 17:49:11 WARN  no build target for: /Users/harshagudise/Documents/JavaSE/MyFirst.java
2023.02.25 17:49:22 WARN  no build target for: /Users/harshagudise/Documents/JavaSE/MyFirst.java
2023.02.25 17:49:25 WARN  no build target for: /Users/harshagudise/Documents/JavaSE/MyFirst.java
2023.02.25 17:49:30 WARN  no build target for: /Users/harshagudise/Documents/JavaSE/MyFirst.java
2023.02.25 17:49:36 WARN  no build target for: /Users/harshagudise/Documents/JavaSE/MyFirst.java
2023.02.25 17:49:37 WARN  no build target for: /Users/harshagudise/Documents/JavaSE/MyFirst.java
2023.02.25 17:49:39 INFO  time: code lens generation in 2.86s
2023.02.25 17:49:39 INFO  time: code lens generation in 3.25s
2023.02.25 17:49:42 WARN  no build target for: /Users/harshagudise/Documents/JavaSE/MyFirst.java
2023.02.25 17:49:50 WARN  no build target for: /Users/harshagudise/Documents/JavaSE/MyFirst.java
2023.02.25 17:49:56 WARN  no build target for: /Users/harshagudise/Documents/JavaSE/MyFirst.java
2023.02.25 17:50:02 WARN  no build target for: /Users/harshagudise/Documents/JavaSE/MyFirst.java
2023.02.25 17:50:03 WARN  Running javac-semanticdb failed for file:///Users/harshagudise/Documents/JavaSE/MyFirst.java. Output:
/Users/harshagudise/Documents/JavaSE/MyFirst.java:11: error: not a statement
        Syst
        ^
/Users/harshagudise/Documents/JavaSE/MyFirst.java:11: error: ';' expected
        Syst
            ^
2 errors
2023.02.25 17:50:03 WARN  no build target for: /Users/harshagudise/Documents/JavaSE/MyFirst.java
2023.02.25 17:50:05 WARN  Running javac-semanticdb failed for file:///Users/harshagudise/Documents/JavaSE/MyFirst.java. Output:
/Users/harshagudise/Documents/JavaSE/MyFirst.java:11: error: not a statement
        Syste
        ^
/Users/harshagudise/Documents/JavaSE/MyFirst.java:11: error: ';' expected
        Syste
             ^
2 errors
2023.02.25 17:50:05 INFO  time: code lens generation in 1.19s
2023.02.25 17:50:05 INFO  time: code lens generation in 1.53s
2023.02.25 17:50:07 WARN  no build target for: /Users/harshagudise/Documents/JavaSE/MyFirst.java
2023.02.25 17:50:08 WARN  Running javac-semanticdb failed for file:///Users/harshagudise/Documents/JavaSE/MyFirst.java. Output:
/Users/harshagudise/Documents/JavaSE/MyFirst.java:11: error: ';' expected
        System.out.println()
                            ^
1 error
2023.02.25 17:50:09 WARN  no build target for: /Users/harshagudise/Documents/JavaSE/MyFirst.java
2023.02.25 17:50:10 WARN  no build target for: /Users/harshagudise/Documents/JavaSE/MyFirst.java
2023.02.25 17:50:12 INFO  time: code lens generation in 3.17s
2023.02.25 17:50:17 WARN  no build target for: /Users/harshagudise/Documents/JavaSE/MyFirst.java
Feb 25, 2023 5:50:30 PM org.eclipse.lsp4j.jsonrpc.RemoteEndpoint handleCancellation
WARNING: Unmatched cancel notification for request id 385
2023.02.25 17:57:55 WARN  no build target for: /Users/harshagudise/Documents/JavaSE/MyFirst.java
2023.02.25 18:09:25 WARN  no build target for: /Users/harshagudise/Documents/JavaSE/DataType.java
2023.02.25 18:09:27 INFO  time: code lens generation in 1.51s
2023.02.25 18:09:28 WARN  no build target for: /Users/harshagudise/Documents/JavaSE/DataType.java
Feb 25, 2023 6:09:29 PM org.eclipse.lsp4j.jsonrpc.RemoteEndpoint fallbackResponseError
SEVERE: Internal error: java.lang.ArrayIndexOutOfBoundsException: arraycopy: last source index 25 out of bounds for char[24]
java.util.concurrent.CompletionException: java.lang.ArrayIndexOutOfBoundsException: arraycopy: last source index 25 out of bounds for char[24]
	at java.base/java.util.concurrent.CompletableFuture.encodeThrowable(CompletableFuture.java:331)
	at java.base/java.util.concurrent.CompletableFuture.completeThrowable(CompletableFuture.java:346)
	at java.base/java.util.concurrent.CompletableFuture$UniAccept.tryFire(CompletableFuture.java:704)
	at java.base/java.util.concurrent.CompletableFuture.postComplete(CompletableFuture.java:506)
	at java.base/java.util.concurrent.CompletableFuture.completeExceptionally(CompletableFuture.java:2088)
	at scala.meta.internal.metals.CancelTokens$.$anonfun$future$1(CancelTokens.scala:40)
	at scala.meta.internal.metals.CancelTokens$.$anonfun$future$1$adapted(CancelTokens.scala:38)
	at scala.concurrent.impl.Promise$Transformation.run(Promise.scala:484)
	at java.base/java.util.concurrent.ThreadPoolExecutor.runWorker(ThreadPoolExecutor.java:1128)
	at java.base/java.util.concurrent.ThreadPoolExecutor$Worker.run(ThreadPoolExecutor.java:628)
	at java.base/java.lang.Thread.run(Thread.java:834)
Caused by: java.lang.ArrayIndexOutOfBoundsException: arraycopy: last source index 25 out of bounds for char[24]
	at java.base/java.lang.System.arraycopy(Native Method)
	at org.eclipse.jdt.internal.core.util.PublicScanner.getCurrentTokenSource(PublicScanner.java:496)
	at scala.meta.internal.parsing.JavaFoldingRangeExtractor.swallowUntilSemicolon$1(JavaFoldingRangeExtractor.scala:52)
	at scala.meta.internal.parsing.JavaFoldingRangeExtractor.gatherImportLines$1(JavaFoldingRangeExtractor.scala:76)
	at scala.meta.internal.parsing.JavaFoldingRangeExtractor.gather$1(JavaFoldingRangeExtractor.scala:123)
	at scala.meta.internal.parsing.JavaFoldingRangeExtractor.extract(JavaFoldingRangeExtractor.scala:155)
	at scala.meta.internal.parsing.FoldingRangeProvider.$anonfun$getRangedForJava$2(FoldingRangeProvider.scala:54)
	at scala.Option$WithFilter.map(Option.scala:242)
	at scala.meta.internal.parsing.FoldingRangeProvider.getRangedForJava(FoldingRangeProvider.scala:49)
	at scala.meta.internal.metals.MetalsLanguageServer.$anonfun$foldingRange$3(MetalsLanguageServer.scala:1809)
	at scala.concurrent.Future$.$anonfun$apply$1(Future.scala:678)
	at scala.concurrent.impl.Promise$Transformation.run(Promise.scala:467)
	... 3 more

Feb 25, 2023 6:09:34 PM org.eclipse.lsp4j.jsonrpc.RemoteEndpoint fallbackResponseError
SEVERE: Internal error: java.lang.ArrayIndexOutOfBoundsException: arraycopy: last source index 12 out of bounds for char[11]
java.util.concurrent.CompletionException: java.lang.ArrayIndexOutOfBoundsException: arraycopy: last source index 12 out of bounds for char[11]
	at java.base/java.util.concurrent.CompletableFuture.encodeThrowable(CompletableFuture.java:331)
	at java.base/java.util.concurrent.CompletableFuture.completeThrowable(CompletableFuture.java:346)
	at java.base/java.util.concurrent.CompletableFuture$UniAccept.tryFire(CompletableFuture.java:704)
	at java.base/java.util.concurrent.CompletableFuture.postComplete(CompletableFuture.java:506)
	at java.base/java.util.concurrent.CompletableFuture.completeExceptionally(CompletableFuture.java:2088)
	at scala.meta.internal.metals.CancelTokens$.$anonfun$future$1(CancelTokens.scala:40)
	at scala.meta.internal.metals.CancelTokens$.$anonfun$future$1$adapted(CancelTokens.scala:38)
	at scala.concurrent.impl.Promise$Transformation.run(Promise.scala:484)
	at java.base/java.util.concurrent.ThreadPoolExecutor.runWorker(ThreadPoolExecutor.java:1128)
	at java.base/java.util.concurrent.ThreadPoolExecutor$Worker.run(ThreadPoolExecutor.java:628)
	at java.base/java.lang.Thread.run(Thread.java:834)
Caused by: java.lang.ArrayIndexOutOfBoundsException: arraycopy: last source index 12 out of bounds for char[11]
	at org.eclipse.jdt.internal.core.util.PublicScanner.getCurrentTokenSource(PublicScanner.java:496)
	at scala.meta.internal.parsing.JavaFoldingRangeExtractor.swallowUntilSemicolon$1(JavaFoldingRangeExtractor.scala:52)
	at scala.meta.internal.parsing.JavaFoldingRangeExtractor.gatherImportLines$1(JavaFoldingRangeExtractor.scala:76)
	at scala.meta.internal.parsing.JavaFoldingRangeExtractor.gather$1(JavaFoldingRangeExtractor.scala:123)
	at scala.meta.internal.parsing.JavaFoldingRangeExtractor.extract(JavaFoldingRangeExtractor.scala:155)
	at scala.meta.internal.parsing.FoldingRangeProvider.$anonfun$getRangedForJava$2(FoldingRangeProvider.scala:54)
	at scala.Option$WithFilter.map(Option.scala:242)
	at scala.meta.internal.parsing.FoldingRangeProvider.getRangedForJava(FoldingRangeProvider.scala:49)
	at scala.meta.internal.metals.MetalsLanguageServer.$anonfun$foldingRange$3(MetalsLanguageServer.scala:1809)
	at scala.concurrent.Future$.$anonfun$apply$1(Future.scala:678)
	at scala.concurrent.impl.Promise$Transformation.run(Promise.scala:467)
	... 3 more

Feb 25, 2023 6:09:35 PM org.eclipse.lsp4j.jsonrpc.RemoteEndpoint fallbackResponseError
SEVERE: Internal error: java.lang.ArrayIndexOutOfBoundsException: arraycopy: last source index 13 out of bounds for char[12]
java.util.concurrent.CompletionException: java.lang.ArrayIndexOutOfBoundsException: arraycopy: last source index 13 out of bounds for char[12]
	at java.base/java.util.concurrent.CompletableFuture.encodeThrowable(CompletableFuture.java:331)
	at java.base/java.util.concurrent.CompletableFuture.completeThrowable(CompletableFuture.java:346)
	at java.base/java.util.concurrent.CompletableFuture$UniAccept.tryFire(CompletableFuture.java:704)
	at java.base/java.util.concurrent.CompletableFuture.postComplete(CompletableFuture.java:506)
	at java.base/java.util.concurrent.CompletableFuture.completeExceptionally(CompletableFuture.java:2088)
	at scala.meta.internal.metals.CancelTokens$.$anonfun$future$1(CancelTokens.scala:40)
	at scala.meta.internal.metals.CancelTokens$.$anonfun$future$1$adapted(CancelTokens.scala:38)
	at scala.concurrent.impl.Promise$Transformation.run(Promise.scala:484)
	at java.base/java.util.concurrent.ThreadPoolExecutor.runWorker(ThreadPoolExecutor.java:1128)
	at java.base/java.util.concurrent.ThreadPoolExecutor$Worker.run(ThreadPoolExecutor.java:628)
	at java.base/java.lang.Thread.run(Thread.java:834)
Caused by: java.lang.ArrayIndexOutOfBoundsException: arraycopy: last source index 13 out of bounds for char[12]
	at org.eclipse.jdt.internal.core.util.PublicScanner.getCurrentTokenSource(PublicScanner.java:496)
	at scala.meta.internal.parsing.JavaFoldingRangeExtractor.swallowUntilSemicolon$1(JavaFoldingRangeExtractor.scala:52)
	at scala.meta.internal.parsing.JavaFoldingRangeExtractor.gatherImportLines$1(JavaFoldingRangeExtractor.scala:76)
	at scala.meta.internal.parsing.JavaFoldingRangeExtractor.gather$1(JavaFoldingRangeExtractor.scala:123)
	at scala.meta.internal.parsing.JavaFoldingRangeExtractor.extract(JavaFoldingRangeExtractor.scala:155)
	at scala.meta.internal.parsing.FoldingRangeProvider.$anonfun$getRangedForJava$2(FoldingRangeProvider.scala:54)
	at scala.Option$WithFilter.map(Option.scala:242)
	at scala.meta.internal.parsing.FoldingRangeProvider.getRangedForJava(FoldingRangeProvider.scala:49)
	at scala.meta.internal.metals.MetalsLanguageServer.$anonfun$foldingRange$3(MetalsLanguageServer.scala:1809)
	at scala.concurrent.Future$.$anonfun$apply$1(Future.scala:678)
	at scala.concurrent.impl.Promise$Transformation.run(Promise.scala:467)
	... 3 more

Feb 25, 2023 6:09:35 PM org.eclipse.lsp4j.jsonrpc.RemoteEndpoint fallbackResponseError
SEVERE: Internal error: java.lang.ArrayIndexOutOfBoundsException: arraycopy: last source index 14 out of bounds for char[13]
java.util.concurrent.CompletionException: java.lang.ArrayIndexOutOfBoundsException: arraycopy: last source index 14 out of bounds for char[13]
	at java.base/java.util.concurrent.CompletableFuture.encodeThrowable(CompletableFuture.java:331)
	at java.base/java.util.concurrent.CompletableFuture.completeThrowable(CompletableFuture.java:346)
	at java.base/java.util.concurrent.CompletableFuture$UniAccept.tryFire(CompletableFuture.java:704)
	at java.base/java.util.concurrent.CompletableFuture.postComplete(CompletableFuture.java:506)
	at java.base/java.util.concurrent.CompletableFuture.completeExceptionally(CompletableFuture.java:2088)
	at scala.meta.internal.metals.CancelTokens$.$anonfun$future$1(CancelTokens.scala:40)
	at scala.meta.internal.metals.CancelTokens$.$anonfun$future$1$adapted(CancelTokens.scala:38)
	at scala.concurrent.impl.Promise$Transformation.run(Promise.scala:484)
	at java.base/java.util.concurrent.ThreadPoolExecutor.runWorker(ThreadPoolExecutor.java:1128)
	at java.base/java.util.concurrent.ThreadPoolExecutor$Worker.run(ThreadPoolExecutor.java:628)
	at java.base/java.lang.Thread.run(Thread.java:834)
Caused by: java.lang.ArrayIndexOutOfBoundsException: arraycopy: last source index 14 out of bounds for char[13]
	at org.eclipse.jdt.internal.core.util.PublicScanner.getCurrentTokenSource(PublicScanner.java:496)
	at scala.meta.internal.parsing.JavaFoldingRangeExtractor.swallowUntilSemicolon$1(JavaFoldingRangeExtractor.scala:52)
	at scala.meta.internal.parsing.JavaFoldingRangeExtractor.gatherImportLines$1(JavaFoldingRangeExtractor.scala:76)
	at scala.meta.internal.parsing.JavaFoldingRangeExtractor.gather$1(JavaFoldingRangeExtractor.scala:123)
	at scala.meta.internal.parsing.JavaFoldingRangeExtractor.extract(JavaFoldingRangeExtractor.scala:155)
	at scala.meta.internal.parsing.FoldingRangeProvider.$anonfun$getRangedForJava$2(FoldingRangeProvider.scala:54)
	at scala.Option$WithFilter.map(Option.scala:242)
	at scala.meta.internal.parsing.FoldingRangeProvider.getRangedForJava(FoldingRangeProvider.scala:49)
	at scala.meta.internal.metals.MetalsLanguageServer.$anonfun$foldingRange$3(MetalsLanguageServer.scala:1809)
	at scala.concurrent.Future$.$anonfun$apply$1(Future.scala:678)
	at scala.concurrent.impl.Promise$Transformation.run(Promise.scala:467)
	... 3 more

2023.02.25 18:09:36 WARN  no build target for: /Users/harshagudise/Documents/JavaSE/DataType.java
Feb 25, 2023 6:09:37 PM org.eclipse.lsp4j.jsonrpc.RemoteEndpoint fallbackResponseError
SEVERE: Internal error: java.lang.ArrayIndexOutOfBoundsException: arraycopy: last source index 20 out of bounds for char[19]
java.util.concurrent.CompletionException: java.lang.ArrayIndexOutOfBoundsException: arraycopy: last source index 20 out of bounds for char[19]
	at java.base/java.util.concurrent.CompletableFuture.encodeThrowable(CompletableFuture.java:331)
	at java.base/java.util.concurrent.CompletableFuture.completeThrowable(CompletableFuture.java:346)
	at java.base/java.util.concurrent.CompletableFuture$UniAccept.tryFire(CompletableFuture.java:704)
	at java.base/java.util.concurrent.CompletableFuture.postComplete(CompletableFuture.java:506)
	at java.base/java.util.concurrent.CompletableFuture.completeExceptionally(CompletableFuture.java:2088)
	at scala.meta.internal.metals.CancelTokens$.$anonfun$future$1(CancelTokens.scala:40)
	at scala.meta.internal.metals.CancelTokens$.$anonfun$future$1$adapted(CancelTokens.scala:38)
	at scala.concurrent.impl.Promise$Transformation.run(Promise.scala:484)
	at java.base/java.util.concurrent.ThreadPoolExecutor.runWorker(ThreadPoolExecutor.java:1128)
	at java.base/java.util.concurrent.ThreadPoolExecutor$Worker.run(ThreadPoolExecutor.java:628)
	at java.base/java.lang.Thread.run(Thread.java:834)
Caused by: java.lang.ArrayIndexOutOfBoundsException: arraycopy: last source index 20 out of bounds for char[19]
	at java.base/java.lang.System.arraycopy(Native Method)
	at org.eclipse.jdt.internal.core.util.PublicScanner.getRawTokenSource(PublicScanner.java:597)
	at scala.meta.internal.parsing.JavaFoldingRangeExtractor.gatherImportLines$1(JavaFoldingRangeExtractor.scala:73)
	at scala.meta.internal.parsing.JavaFoldingRangeExtractor.gather$1(JavaFoldingRangeExtractor.scala:123)
	at scala.meta.internal.parsing.JavaFoldingRangeExtractor.extract(JavaFoldingRangeExtractor.scala:155)
	at scala.meta.internal.parsing.FoldingRangeProvider.$anonfun$getRangedForJava$2(FoldingRangeProvider.scala:54)
	at scala.Option$WithFilter.map(Option.scala:242)
	at scala.meta.internal.parsing.FoldingRangeProvider.getRangedForJava(FoldingRangeProvider.scala:49)
	at scala.meta.internal.metals.MetalsLanguageServer.$anonfun$foldingRange$3(MetalsLanguageServer.scala:1809)
	at scala.concurrent.Future$.$anonfun$apply$1(Future.scala:678)
	at scala.concurrent.impl.Promise$Transformation.run(Promise.scala:467)
	... 3 more

2023.02.25 18:09:37 WARN  Running javac-semanticdb failed for file:///Users/harshagudise/Documents/JavaSE/DataType.java. Output:
/Users/harshagudise/Documents/JavaSE/DataType.java:1: error: reached end of file while parsing
import java.l
             ^
1 error
2023.02.25 18:09:38 WARN  no build target for: /Users/harshagudise/Documents/JavaSE/DataType.java
Feb 25, 2023 6:09:38 PM org.eclipse.lsp4j.jsonrpc.RemoteEndpoint fallbackResponseError
SEVERE: Internal error: java.lang.ArrayIndexOutOfBoundsException: arraycopy: last source index 19 out of bounds for char[18]
java.util.concurrent.CompletionException: java.lang.ArrayIndexOutOfBoundsException: arraycopy: last source index 19 out of bounds for char[18]
	at java.base/java.util.concurrent.CompletableFuture.encodeThrowable(CompletableFuture.java:331)
	at java.base/java.util.concurrent.CompletableFuture.completeThrowable(CompletableFuture.java:346)
	at java.base/java.util.concurrent.CompletableFuture$UniAccept.tryFire(CompletableFuture.java:704)
	at java.base/java.util.concurrent.CompletableFuture.postComplete(CompletableFuture.java:506)
	at java.base/java.util.concurrent.CompletableFuture.completeExceptionally(CompletableFuture.java:2088)
	at scala.meta.internal.metals.CancelTokens$.$anonfun$future$1(CancelTokens.scala:40)
	at scala.meta.internal.metals.CancelTokens$.$anonfun$future$1$adapted(CancelTokens.scala:38)
	at scala.concurrent.impl.Promise$Transformation.run(Promise.scala:484)
	at java.base/java.util.concurrent.ThreadPoolExecutor.runWorker(ThreadPoolExecutor.java:1128)
	at java.base/java.util.concurrent.ThreadPoolExecutor$Worker.run(ThreadPoolExecutor.java:628)
	at java.base/java.lang.Thread.run(Thread.java:834)
Caused by: java.lang.ArrayIndexOutOfBoundsException: arraycopy: last source index 19 out of bounds for char[18]
	at java.base/java.lang.System.arraycopy(Native Method)
	at org.eclipse.jdt.internal.core.util.PublicScanner.getRawTokenSource(PublicScanner.java:597)
	at scala.meta.internal.parsing.JavaFoldingRangeExtractor.gatherImportLines$1(JavaFoldingRangeExtractor.scala:73)
	at scala.meta.internal.parsing.JavaFoldingRangeExtractor.gather$1(JavaFoldingRangeExtractor.scala:123)
	at scala.meta.internal.parsing.JavaFoldingRangeExtractor.extract(JavaFoldingRangeExtractor.scala:155)
	at scala.meta.internal.parsing.FoldingRangeProvider.$anonfun$getRangedForJava$2(FoldingRangeProvider.scala:54)
	at scala.Option$WithFilter.map(Option.scala:242)
	at scala.meta.internal.parsing.FoldingRangeProvider.getRangedForJava(FoldingRangeProvider.scala:49)
	at scala.meta.internal.metals.MetalsLanguageServer.$anonfun$foldingRange$3(MetalsLanguageServer.scala:1809)
	at scala.concurrent.Future$.$anonfun$apply$1(Future.scala:678)
	at scala.concurrent.impl.Promise$Transformation.run(Promise.scala:467)
	... 3 more

Feb 25, 2023 6:09:40 PM org.eclipse.lsp4j.jsonrpc.RemoteEndpoint fallbackResponseError
SEVERE: Internal error: java.lang.ArrayIndexOutOfBoundsException: arraycopy: last source index 21 out of bounds for char[20]
java.util.concurrent.CompletionException: java.lang.ArrayIndexOutOfBoundsException: arraycopy: last source index 21 out of bounds for char[20]
	at java.base/java.util.concurrent.CompletableFuture.encodeThrowable(CompletableFuture.java:331)
	at java.base/java.util.concurrent.CompletableFuture.completeThrowable(CompletableFuture.java:346)
	at java.base/java.util.concurrent.CompletableFuture$UniAccept.tryFire(CompletableFuture.java:704)
	at java.base/java.util.concurrent.CompletableFuture.postComplete(CompletableFuture.java:506)
	at java.base/java.util.concurrent.CompletableFuture.completeExceptionally(CompletableFuture.java:2088)
	at scala.meta.internal.metals.CancelTokens$.$anonfun$future$1(CancelTokens.scala:40)
	at scala.meta.internal.metals.CancelTokens$.$anonfun$future$1$adapted(CancelTokens.scala:38)
	at scala.concurrent.impl.Promise$Transformation.run(Promise.scala:484)
	at java.base/java.util.concurrent.ThreadPoolExecutor.runWorker(ThreadPoolExecutor.java:1128)
	at java.base/java.util.concurrent.ThreadPoolExecutor$Worker.run(ThreadPoolExecutor.java:628)
	at java.base/java.lang.Thread.run(Thread.java:834)
Caused by: java.lang.ArrayIndexOutOfBoundsException: arraycopy: last source index 21 out of bounds for char[20]
	at java.base/java.lang.System.arraycopy(Native Method)
	at org.eclipse.jdt.internal.core.util.PublicScanner.getRawTokenSource(PublicScanner.java:597)
	at scala.meta.internal.parsing.JavaFoldingRangeExtractor.gatherImportLines$1(JavaFoldingRangeExtractor.scala:73)
	at scala.meta.internal.parsing.JavaFoldingRangeExtractor.gather$1(JavaFoldingRangeExtractor.scala:123)
	at scala.meta.internal.parsing.JavaFoldingRangeExtractor.extract(JavaFoldingRangeExtractor.scala:155)
	at scala.meta.internal.parsing.FoldingRangeProvider.$anonfun$getRangedForJava$2(FoldingRangeProvider.scala:54)
	at scala.Option$WithFilter.map(Option.scala:242)
	at scala.meta.internal.parsing.FoldingRangeProvider.getRangedForJava(FoldingRangeProvider.scala:49)
	at scala.meta.internal.metals.MetalsLanguageServer.$anonfun$foldingRange$3(MetalsLanguageServer.scala:1809)
	at scala.concurrent.Future$.$anonfun$apply$1(Future.scala:678)
	at scala.concurrent.impl.Promise$Transformation.run(Promise.scala:467)
	... 3 more

2023.02.25 18:09:40 INFO  time: code lens generation in 1.61s
2023.02.25 18:09:40 WARN  no build target for: /Users/harshagudise/Documents/JavaSE/DataType.java
Feb 25, 2023 6:09:41 PM org.eclipse.lsp4j.jsonrpc.RemoteEndpoint fallbackResponseError
SEVERE: Internal error: java.lang.ArrayIndexOutOfBoundsException: arraycopy: last source index 22 out of bounds for char[21]
java.util.concurrent.CompletionException: java.lang.ArrayIndexOutOfBoundsException: arraycopy: last source index 22 out of bounds for char[21]
	at java.base/java.util.concurrent.CompletableFuture.encodeThrowable(CompletableFuture.java:331)
	at java.base/java.util.concurrent.CompletableFuture.completeThrowable(CompletableFuture.java:346)
	at java.base/java.util.concurrent.CompletableFuture$UniAccept.tryFire(CompletableFuture.java:704)
	at java.base/java.util.concurrent.CompletableFuture.postComplete(CompletableFuture.java:506)
	at java.base/java.util.concurrent.CompletableFuture.completeExceptionally(CompletableFuture.java:2088)
	at scala.meta.internal.metals.CancelTokens$.$anonfun$future$1(CancelTokens.scala:40)
	at scala.meta.internal.metals.CancelTokens$.$anonfun$future$1$adapted(CancelTokens.scala:38)
	at scala.concurrent.impl.Promise$Transformation.run(Promise.scala:484)
	at java.base/java.util.concurrent.ThreadPoolExecutor.runWorker(ThreadPoolExecutor.java:1128)
	at java.base/java.util.concurrent.ThreadPoolExecutor$Worker.run(ThreadPoolExecutor.java:628)
	at java.base/java.lang.Thread.run(Thread.java:834)
Caused by: java.lang.ArrayIndexOutOfBoundsException: arraycopy: last source index 22 out of bounds for char[21]
	at java.base/java.lang.System.arraycopy(Native Method)
	at org.eclipse.jdt.internal.core.util.PublicScanner.getRawTokenSource(PublicScanner.java:597)
	at scala.meta.internal.parsing.JavaFoldingRangeExtractor.gatherImportLines$1(JavaFoldingRangeExtractor.scala:73)
	at scala.meta.internal.parsing.JavaFoldingRangeExtractor.gather$1(JavaFoldingRangeExtractor.scala:123)
	at scala.meta.internal.parsing.JavaFoldingRangeExtractor.extract(JavaFoldingRangeExtractor.scala:155)
	at scala.meta.internal.parsing.FoldingRangeProvider.$anonfun$getRangedForJava$2(FoldingRangeProvider.scala:54)
	at scala.Option$WithFilter.map(Option.scala:242)
	at scala.meta.internal.parsing.FoldingRangeProvider.getRangedForJava(FoldingRangeProvider.scala:49)
	at scala.meta.internal.metals.MetalsLanguageServer.$anonfun$foldingRange$3(MetalsLanguageServer.scala:1809)
	at scala.concurrent.Future$.$anonfun$apply$1(Future.scala:678)
	at scala.concurrent.impl.Promise$Transformation.run(Promise.scala:467)
	... 3 more

Feb 25, 2023 6:09:41 PM org.eclipse.lsp4j.jsonrpc.RemoteEndpoint fallbackResponseError
SEVERE: Internal error: java.lang.ArrayIndexOutOfBoundsException: arraycopy: last source index 23 out of bounds for char[22]
java.util.concurrent.CompletionException: java.lang.ArrayIndexOutOfBoundsException: arraycopy: last source index 23 out of bounds for char[22]
	at java.base/java.util.concurrent.CompletableFuture.encodeThrowable(CompletableFuture.java:331)
	at java.base/java.util.concurrent.CompletableFuture.completeThrowable(CompletableFuture.java:346)
	at java.base/java.util.concurrent.CompletableFuture$UniAccept.tryFire(CompletableFuture.java:704)
	at java.base/java.util.concurrent.CompletableFuture.postComplete(CompletableFuture.java:506)
	at java.base/java.util.concurrent.CompletableFuture.completeExceptionally(CompletableFuture.java:2088)
	at scala.meta.internal.metals.CancelTokens$.$anonfun$future$1(CancelTokens.scala:40)
	at scala.meta.internal.metals.CancelTokens$.$anonfun$future$1$adapted(CancelTokens.scala:38)
	at scala.concurrent.impl.Promise$Transformation.run(Promise.scala:484)
	at java.base/java.util.concurrent.ThreadPoolExecutor.runWorker(ThreadPoolExecutor.java:1128)
	at java.base/java.util.concurrent.ThreadPoolExecutor$Worker.run(ThreadPoolExecutor.java:628)
	at java.base/java.lang.Thread.run(Thread.java:834)
Caused by: java.lang.ArrayIndexOutOfBoundsException: arraycopy: last source index 23 out of bounds for char[22]
	at java.base/java.lang.System.arraycopy(Native Method)
	at org.eclipse.jdt.internal.core.util.PublicScanner.getRawTokenSource(PublicScanner.java:597)
	at scala.meta.internal.parsing.JavaFoldingRangeExtractor.gatherImportLines$1(JavaFoldingRangeExtractor.scala:73)
	at scala.meta.internal.parsing.JavaFoldingRangeExtractor.gather$1(JavaFoldingRangeExtractor.scala:123)
	at scala.meta.internal.parsing.JavaFoldingRangeExtractor.extract(JavaFoldingRangeExtractor.scala:155)
	at scala.meta.internal.parsing.FoldingRangeProvider.$anonfun$getRangedForJava$2(FoldingRangeProvider.scala:54)
	at scala.Option$WithFilter.map(Option.scala:242)
	at scala.meta.internal.parsing.FoldingRangeProvider.getRangedForJava(FoldingRangeProvider.scala:49)
	at scala.meta.internal.metals.MetalsLanguageServer.$anonfun$foldingRange$3(MetalsLanguageServer.scala:1809)
	at scala.concurrent.Future$.$anonfun$apply$1(Future.scala:678)
	at scala.concurrent.impl.Promise$Transformation.run(Promise.scala:467)
	... 3 more

2023.02.25 18:09:41 WARN  Running javac-semanticdb failed for file:///Users/harshagudise/Documents/JavaSE/DataType.java. Output:
/Users/harshagudise/Documents/JavaSE/DataType.java:1: error: cannot find symbol
import java.lang.In;
                ^
  symbol:   class In
  location: package java.lang
1 error
2023.02.25 18:09:42 WARN  no build target for: /Users/harshagudise/Documents/JavaSE/DataType.java
Feb 25, 2023 6:09:43 PM org.eclipse.lsp4j.jsonrpc.RemoteEndpoint fallbackResponseError
SEVERE: Internal error: java.lang.ArrayIndexOutOfBoundsException: arraycopy: last source index 26 out of bounds for char[25]
java.util.concurrent.CompletionException: java.lang.ArrayIndexOutOfBoundsException: arraycopy: last source index 26 out of bounds for char[25]
	at java.base/java.util.concurrent.CompletableFuture.encodeThrowable(CompletableFuture.java:331)
	at java.base/java.util.concurrent.CompletableFuture.completeThrowable(CompletableFuture.java:346)
	at java.base/java.util.concurrent.CompletableFuture$UniAccept.tryFire(CompletableFuture.java:704)
	at java.base/java.util.concurrent.CompletableFuture.postComplete(CompletableFuture.java:506)
	at java.base/java.util.concurrent.CompletableFuture.completeExceptionally(CompletableFuture.java:2088)
	at scala.meta.internal.metals.CancelTokens$.$anonfun$future$1(CancelTokens.scala:40)
	at scala.meta.internal.metals.CancelTokens$.$anonfun$future$1$adapted(CancelTokens.scala:38)
	at scala.concurrent.impl.Promise$Transformation.run(Promise.scala:484)
	at java.base/java.util.concurrent.ThreadPoolExecutor.runWorker(ThreadPoolExecutor.java:1128)
	at java.base/java.util.concurrent.ThreadPoolExecutor$Worker.run(ThreadPoolExecutor.java:628)
	at java.base/java.lang.Thread.run(Thread.java:834)
Caused by: java.lang.ArrayIndexOutOfBoundsException: arraycopy: last source index 26 out of bounds for char[25]
	at java.base/java.lang.System.arraycopy(Native Method)
	at org.eclipse.jdt.internal.core.util.PublicScanner.getRawTokenSource(PublicScanner.java:597)
	at scala.meta.internal.parsing.JavaFoldingRangeExtractor.gatherImportLines$1(JavaFoldingRangeExtractor.scala:73)
	at scala.meta.internal.parsing.JavaFoldingRangeExtractor.gather$1(JavaFoldingRangeExtractor.scala:123)
	at scala.meta.internal.parsing.JavaFoldingRangeExtractor.extract(JavaFoldingRangeExtractor.scala:155)
	at scala.meta.internal.parsing.FoldingRangeProvider.$anonfun$getRangedForJava$2(FoldingRangeProvider.scala:54)
	at scala.Option$WithFilter.map(Option.scala:242)
	at scala.meta.internal.parsing.FoldingRangeProvider.getRangedForJava(FoldingRangeProvider.scala:49)
	at scala.meta.internal.metals.MetalsLanguageServer.$anonfun$foldingRange$3(MetalsLanguageServer.scala:1809)
	at scala.concurrent.Future$.$anonfun$apply$1(Future.scala:678)
	at scala.concurrent.impl.Promise$Transformation.run(Promise.scala:467)
	... 3 more

2023.02.25 18:09:44 WARN  Running javac-semanticdb failed for file:///Users/harshagudise/Documents/JavaSE/DataType.java. Output:
/Users/harshagudise/Documents/JavaSE/DataType.java:1: error: cannot find symbol
import java.lang.Inte;
                ^
  symbol:   class Inte
  location: package java.lang
1 error
Feb 25, 2023 6:09:44 PM org.eclipse.lsp4j.jsonrpc.RemoteEndpoint fallbackResponseError
SEVERE: Internal error: java.lang.ArrayIndexOutOfBoundsException: arraycopy: last source index 26 out of bounds for char[25]
java.util.concurrent.CompletionException: java.lang.ArrayIndexOutOfBoundsException: arraycopy: last source index 26 out of bounds for char[25]
	at java.base/java.util.concurrent.CompletableFuture.encodeThrowable(CompletableFuture.java:331)
	at java.base/java.util.concurrent.CompletableFuture.completeThrowable(CompletableFuture.java:346)
	at java.base/java.util.concurrent.CompletableFuture$UniAccept.tryFire(CompletableFuture.java:704)
	at java.base/java.util.concurrent.CompletableFuture.postComplete(CompletableFuture.java:506)
	at java.base/java.util.concurrent.CompletableFuture.completeExceptionally(CompletableFuture.java:2088)
	at scala.meta.internal.metals.CancelTokens$.$anonfun$future$1(CancelTokens.scala:40)
	at scala.meta.internal.metals.CancelTokens$.$anonfun$future$1$adapted(CancelTokens.scala:38)
	at scala.concurrent.impl.Promise$Transformation.run(Promise.scala:484)
	at java.base/java.util.concurrent.ThreadPoolExecutor.runWorker(ThreadPoolExecutor.java:1128)
	at java.base/java.util.concurrent.ThreadPoolExecutor$Worker.run(ThreadPoolExecutor.java:628)
	at java.base/java.lang.Thread.run(Thread.java:834)
Caused by: java.lang.ArrayIndexOutOfBoundsException: arraycopy: last source index 26 out of bounds for char[25]
	at java.base/java.lang.System.arraycopy(Native Method)
	at org.eclipse.jdt.internal.core.util.PublicScanner.getRawTokenSource(PublicScanner.java:597)
	at scala.meta.internal.parsing.JavaFoldingRangeExtractor.gatherImportLines$1(JavaFoldingRangeExtractor.scala:73)
	at scala.meta.internal.parsing.JavaFoldingRangeExtractor.gather$1(JavaFoldingRangeExtractor.scala:123)
	at scala.meta.internal.parsing.JavaFoldingRangeExtractor.extract(JavaFoldingRangeExtractor.scala:155)
	at scala.meta.internal.parsing.FoldingRangeProvider.$anonfun$getRangedForJava$2(FoldingRangeProvider.scala:54)
	at scala.Option$WithFilter.map(Option.scala:242)
	at scala.meta.internal.parsing.FoldingRangeProvider.getRangedForJava(FoldingRangeProvider.scala:49)
	at scala.meta.internal.metals.MetalsLanguageServer.$anonfun$foldingRange$3(MetalsLanguageServer.scala:1809)
	at scala.concurrent.Future$.$anonfun$apply$1(Future.scala:678)
	at scala.concurrent.impl.Promise$Transformation.run(Promise.scala:467)
	... 3 more

2023.02.25 18:09:45 WARN  no build target for: /Users/harshagudise/Documents/JavaSE/DataType.java
Feb 25, 2023 6:09:45 PM org.eclipse.lsp4j.jsonrpc.RemoteEndpoint fallbackResponseError
SEVERE: Internal error: java.lang.ArrayIndexOutOfBoundsException: arraycopy: last source index 27 out of bounds for char[26]
java.util.concurrent.CompletionException: java.lang.ArrayIndexOutOfBoundsException: arraycopy: last source index 27 out of bounds for char[26]
	at java.base/java.util.concurrent.CompletableFuture.encodeThrowable(CompletableFuture.java:331)
	at java.base/java.util.concurrent.CompletableFuture.completeThrowable(CompletableFuture.java:346)
	at java.base/java.util.concurrent.CompletableFuture$UniAccept.tryFire(CompletableFuture.java:704)
	at java.base/java.util.concurrent.CompletableFuture.postComplete(CompletableFuture.java:506)
	at java.base/java.util.concurrent.CompletableFuture.completeExceptionally(CompletableFuture.java:2088)
	at scala.meta.internal.metals.CancelTokens$.$anonfun$future$1(CancelTokens.scala:40)
	at scala.meta.internal.metals.CancelTokens$.$anonfun$future$1$adapted(CancelTokens.scala:38)
	at scala.concurrent.impl.Promise$Transformation.run(Promise.scala:484)
	at java.base/java.util.concurrent.ThreadPoolExecutor.runWorker(ThreadPoolExecutor.java:1128)
	at java.base/java.util.concurrent.ThreadPoolExecutor$Worker.run(ThreadPoolExecutor.java:628)
	at java.base/java.lang.Thread.run(Thread.java:834)
Caused by: java.lang.ArrayIndexOutOfBoundsException: arraycopy: last source index 27 out of bounds for char[26]
	at java.base/java.lang.System.arraycopy(Native Method)
	at org.eclipse.jdt.internal.core.util.PublicScanner.getRawTokenSource(PublicScanner.java:597)
	at scala.meta.internal.parsing.JavaFoldingRangeExtractor.gatherImportLines$1(JavaFoldingRangeExtractor.scala:83)
	at scala.meta.internal.parsing.JavaFoldingRangeExtractor.gather$1(JavaFoldingRangeExtractor.scala:123)
	at scala.meta.internal.parsing.JavaFoldingRangeExtractor.extract(JavaFoldingRangeExtractor.scala:155)
	at scala.meta.internal.parsing.FoldingRangeProvider.$anonfun$getRangedForJava$2(FoldingRangeProvider.scala:54)
	at scala.Option$WithFilter.map(Option.scala:242)
	at scala.meta.internal.parsing.FoldingRangeProvider.getRangedForJava(FoldingRangeProvider.scala:49)
	at scala.meta.internal.metals.MetalsLanguageServer.$anonfun$foldingRange$3(MetalsLanguageServer.scala:1809)
	at scala.concurrent.Future$.$anonfun$apply$1(Future.scala:678)
	at scala.concurrent.impl.Promise$Transformation.run(Promise.scala:467)
	... 3 more

Feb 25, 2023 6:09:46 PM org.eclipse.lsp4j.jsonrpc.RemoteEndpoint fallbackResponseError
SEVERE: Internal error: java.lang.ArrayIndexOutOfBoundsException: arraycopy: last source index 28 out of bounds for char[27]
java.util.concurrent.CompletionException: java.lang.ArrayIndexOutOfBoundsException: arraycopy: last source index 28 out of bounds for char[27]
	at java.base/java.util.concurrent.CompletableFuture.encodeThrowable(CompletableFuture.java:331)
	at java.base/java.util.concurrent.CompletableFuture.completeThrowable(CompletableFuture.java:346)
	at java.base/java.util.concurrent.CompletableFuture$UniAccept.tryFire(CompletableFuture.java:704)
	at java.base/java.util.concurrent.CompletableFuture.postComplete(CompletableFuture.java:506)
	at java.base/java.util.concurrent.CompletableFuture.completeExceptionally(CompletableFuture.java:2088)
	at scala.meta.internal.metals.CancelTokens$.$anonfun$future$1(CancelTokens.scala:40)
	at scala.meta.internal.metals.CancelTokens$.$anonfun$future$1$adapted(CancelTokens.scala:38)
	at scala.concurrent.impl.Promise$Transformation.run(Promise.scala:484)
	at java.base/java.util.concurrent.ThreadPoolExecutor.runWorker(ThreadPoolExecutor.java:1128)
	at java.base/java.util.concurrent.ThreadPoolExecutor$Worker.run(ThreadPoolExecutor.java:628)
	at java.base/java.lang.Thread.run(Thread.java:834)
Caused by: java.lang.ArrayIndexOutOfBoundsException: arraycopy: last source index 28 out of bounds for char[27]
	at java.base/java.lang.System.arraycopy(Native Method)
	at org.eclipse.jdt.internal.core.util.PublicScanner.getRawTokenSource(PublicScanner.java:597)
	at scala.meta.internal.parsing.JavaFoldingRangeExtractor.gatherImportLines$1(JavaFoldingRangeExtractor.scala:83)
	at scala.meta.internal.parsing.JavaFoldingRangeExtractor.gather$1(JavaFoldingRangeExtractor.scala:123)
	at scala.meta.internal.parsing.JavaFoldingRangeExtractor.extract(JavaFoldingRangeExtractor.scala:155)
	at scala.meta.internal.parsing.FoldingRangeProvider.$anonfun$getRangedForJava$2(FoldingRangeProvider.scala:54)
	at scala.Option$WithFilter.map(Option.scala:242)
	at scala.meta.internal.parsing.FoldingRangeProvider.getRangedForJava(FoldingRangeProvider.scala:49)
	at scala.meta.internal.metals.MetalsLanguageServer.$anonfun$foldingRange$3(MetalsLanguageServer.scala:1809)
	at scala.concurrent.Future$.$anonfun$apply$1(Future.scala:678)
	at scala.concurrent.impl.Promise$Transformation.run(Promise.scala:467)
	... 3 more

2023.02.25 18:09:48 WARN  no build target for: /Users/harshagudise/Documents/JavaSE/DataType.java
2023.02.25 18:09:49 WARN  Running javac-semanticdb failed for file:///Users/harshagudise/Documents/JavaSE/DataType.java. Output:
/Users/harshagudise/Documents/JavaSE/DataType.java:3: error: reached end of file while parsing
p
^
1 error
2023.02.25 18:09:49 WARN  no build target for: /Users/harshagudise/Documents/JavaSE/DataType.java
2023.02.25 18:09:50 WARN  no build target for: /Users/harshagudise/Documents/JavaSE/DataType.java
2023.02.25 18:09:50 WARN  Running javac-semanticdb failed for file:///Users/harshagudise/Documents/JavaSE/DataType.java. Output:
/Users/harshagudise/Documents/JavaSE/DataType.java:3: error: reached end of file while parsing
ps
^
1 error
2023.02.25 18:09:51 WARN  Running javac-semanticdb failed for file:///Users/harshagudise/Documents/JavaSE/DataType.java. Output:
/Users/harshagudise/Documents/JavaSE/DataType.java:3: error: class, interface, or enum expected
public static void main(String[] args) {
              ^
1 error
2023.02.25 18:09:51 INFO  time: code lens generation in 1.86s
2023.02.25 18:10:02 WARN  no build target for: /Users/harshagudise/Documents/JavaSE/DataType.java
2023.02.25 18:10:03 WARN  Running javac-semanticdb failed for file:///Users/harshagudise/Documents/JavaSE/DataType.java. Output:
/Users/harshagudise/Documents/JavaSE/DataType.java:3: error: class, interface, or enum expected
public static void main(String[] args) {
              ^
/Users/harshagudise/Documents/JavaSE/DataType.java:5: error: class, interface, or enum expected
}
^
2 errors
2023.02.25 18:10:11 WARN  no build target for: /Users/harshagudise/Documents/JavaSE/DataType.java
2023.02.25 18:10:12 WARN  Running javac-semanticdb failed for file:///Users/harshagudise/Documents/JavaSE/DataType.java. Output:
/Users/harshagudise/Documents/JavaSE/DataType.java:3: error: class, interface, or enum expected
public static void main(String[] args) {
              ^
/Users/harshagudise/Documents/JavaSE/DataType.java:5: error: class, interface, or enum expected
}
^
2 errors
2023.02.25 18:10:16 WARN  no build target for: /Users/harshagudise/Documents/JavaSE/DataType.java
2023.02.25 18:10:17 WARN  Running javac-semanticdb failed for file:///Users/harshagudise/Documents/JavaSE/DataType.java. Output:
/Users/harshagudise/Documents/JavaSE/DataType.java:3: error: class, interface, or enum expected
public static void main(String[] args) {
              ^
/Users/harshagudise/Documents/JavaSE/DataType.java:5: error: class, interface, or enum expected
}
^
2 errors
2023.02.25 18:10:17 WARN  no build target for: /Users/harshagudise/Documents/JavaSE/DataType.java
2023.02.25 18:10:19 WARN  Running javac-semanticdb failed for file:///Users/harshagudise/Documents/JavaSE/DataType.java. Output:
/Users/harshagudise/Documents/JavaSE/DataType.java:3: error: class, interface, or enum expected
public static void main(String[] args) {
              ^
/Users/harshagudise/Documents/JavaSE/DataType.java:5: error: class, interface, or enum expected
}
^
2 errors
2023.02.25 18:10:20 WARN  no build target for: /Users/harshagudise/Documents/JavaSE/DataType.java
2023.02.25 18:10:21 WARN  Running javac-semanticdb failed for file:///Users/harshagudise/Documents/JavaSE/DataType.java. Output:
/Users/harshagudise/Documents/JavaSE/DataType.java:3: error: class, interface, or enum expected
public static void main(String[] args) {
              ^
/Users/harshagudise/Documents/JavaSE/DataType.java:5: error: class, interface, or enum expected
}
^
2 errors
2023.02.25 18:10:22 WARN  no build target for: /Users/harshagudise/Documents/JavaSE/DataType.java
2023.02.25 18:10:23 WARN  Running javac-semanticdb failed for file:///Users/harshagudise/Documents/JavaSE/DataType.java. Output:
/Users/harshagudise/Documents/JavaSE/DataType.java:3: error: class, interface, or enum expected
public static void main(String[] args) {
              ^
/Users/harshagudise/Documents/JavaSE/DataType.java:5: error: class, interface, or enum expected
}
^
2 errors
2023.02.25 18:10:27 WARN  no build target for: /Users/harshagudise/Documents/JavaSE/DataType.java
2023.02.25 18:10:29 WARN  Running javac-semanticdb failed for file:///Users/harshagudise/Documents/JavaSE/DataType.java. Output:
/Users/harshagudise/Documents/JavaSE/DataType.java:3: error: class, interface, or enum expected
public static void main(String[] args) {
              ^
/Users/harshagudise/Documents/JavaSE/DataType.java:5: error: class, interface, or enum expected
}
^
2 errors
2023.02.25 18:10:30 WARN  no build target for: /Users/harshagudise/Documents/JavaSE/DataType.java
2023.02.25 18:10:31 WARN  Running javac-semanticdb failed for file:///Users/harshagudise/Documents/JavaSE/DataType.java. Output:
/Users/harshagudise/Documents/JavaSE/DataType.java:3: error: class, interface, or enum expected
public static void main(String[] args) {
              ^
/Users/harshagudise/Documents/JavaSE/DataType.java:5: error: class, interface, or enum expected
}
^
2 errors
2023.02.25 18:10:31 INFO  time: code lens generation in 1.11s
2023.02.25 18:10:32 WARN  no build target for: /Users/harshagudise/Documents/JavaSE/DataType.java
2023.02.25 18:10:33 WARN  Running javac-semanticdb failed for file:///Users/harshagudise/Documents/JavaSE/DataType.java. Output:
/Users/harshagudise/Documents/JavaSE/DataType.java:3: error: class, interface, or enum expected
public static void main(String[] args) {
              ^
/Users/harshagudise/Documents/JavaSE/DataType.java:5: error: class, interface, or enum expected
}
^
2 errors
2023.02.25 18:10:38 WARN  no build target for: /Users/harshagudise/Documents/JavaSE/DataType.java
2023.02.25 18:10:43 WARN  Running javac-semanticdb failed for file:///Users/harshagudise/Documents/JavaSE/DataType.java. Output:
/Users/harshagudise/Documents/JavaSE/DataType.java:3: error: class, interface, or enum expected
public static void main(String[] args) {
              ^
/Users/harshagudise/Documents/JavaSE/DataType.java:5: error: class, interface, or enum expected
}
^
2 errors
2023.02.25 18:10:58 WARN  no build target for: /Users/harshagudise/Documents/JavaSE/DataType.java
2023.02.25 18:11:00 WARN  Running javac-semanticdb failed for file:///Users/harshagudise/Documents/JavaSE/DataType.java. Output:
/Users/harshagudise/Documents/JavaSE/DataType.java:3: error: class, interface, or enum expected
public static void main(String[] args) {
              ^
/Users/harshagudise/Documents/JavaSE/DataType.java:5: error: class, interface, or enum expected
}
^
2 errors
2023.02.25 18:11:03 WARN  no build target for: /Users/harshagudise/Documents/JavaSE/DataType.java
2023.02.25 18:11:04 WARN  Running javac-semanticdb failed for file:///Users/harshagudise/Documents/JavaSE/DataType.java. Output:
/Users/harshagudise/Documents/JavaSE/DataType.java:3: error: class, interface, or enum expected
public static void main(String[] args) {
              ^
/Users/harshagudise/Documents/JavaSE/DataType.java:5: error: class, interface, or enum expected
}
^
2 errors
2023.02.25 18:11:06 WARN  no build target for: /Users/harshagudise/Documents/JavaSE/DataType.java
2023.02.25 18:11:07 WARN  Running javac-semanticdb failed for file:///Users/harshagudise/Documents/JavaSE/DataType.java. Output:
/Users/harshagudise/Documents/JavaSE/DataType.java:3: error: class, interface, or enum expected
public static void main(String[] args) {
              ^
/Users/harshagudise/Documents/JavaSE/DataType.java:6: error: class, interface, or enum expected
}
^
2 errors
Feb 25, 2023 6:11:15 PM org.eclipse.lsp4j.jsonrpc.RemoteEndpoint fallbackResponseError
SEVERE: Internal error: java.lang.ArrayIndexOutOfBoundsException: arraycopy: last source index 28 out of bounds for char[27]
java.util.concurrent.CompletionException: java.lang.ArrayIndexOutOfBoundsException: arraycopy: last source index 28 out of bounds for char[27]
	at java.base/java.util.concurrent.CompletableFuture.encodeThrowable(CompletableFuture.java:331)
	at java.base/java.util.concurrent.CompletableFuture.completeThrowable(CompletableFuture.java:346)
	at java.base/java.util.concurrent.CompletableFuture$UniAccept.tryFire(CompletableFuture.java:704)
	at java.base/java.util.concurrent.CompletableFuture.postComplete(CompletableFuture.java:506)
	at java.base/java.util.concurrent.CompletableFuture.completeExceptionally(CompletableFuture.java:2088)
	at scala.meta.internal.metals.CancelTokens$.$anonfun$future$1(CancelTokens.scala:40)
	at scala.meta.internal.metals.CancelTokens$.$anonfun$future$1$adapted(CancelTokens.scala:38)
	at scala.concurrent.impl.Promise$Transformation.run(Promise.scala:484)
	at java.base/java.util.concurrent.ThreadPoolExecutor.runWorker(ThreadPoolExecutor.java:1128)
	at java.base/java.util.concurrent.ThreadPoolExecutor$Worker.run(ThreadPoolExecutor.java:628)
	at java.base/java.lang.Thread.run(Thread.java:834)
Caused by: java.lang.ArrayIndexOutOfBoundsException: arraycopy: last source index 28 out of bounds for char[27]
	at java.base/java.lang.System.arraycopy(Native Method)
	at org.eclipse.jdt.internal.core.util.PublicScanner.getRawTokenSource(PublicScanner.java:597)
	at scala.meta.internal.parsing.JavaFoldingRangeExtractor.gatherImportLines$1(JavaFoldingRangeExtractor.scala:83)
	at scala.meta.internal.parsing.JavaFoldingRangeExtractor.gather$1(JavaFoldingRangeExtractor.scala:123)
	at scala.meta.internal.parsing.JavaFoldingRangeExtractor.extract(JavaFoldingRangeExtractor.scala:155)
	at scala.meta.internal.parsing.FoldingRangeProvider.$anonfun$getRangedForJava$2(FoldingRangeProvider.scala:54)
	at scala.Option$WithFilter.map(Option.scala:242)
	at scala.meta.internal.parsing.FoldingRangeProvider.getRangedForJava(FoldingRangeProvider.scala:49)
	at scala.meta.internal.metals.MetalsLanguageServer.$anonfun$foldingRange$3(MetalsLanguageServer.scala:1809)
	at scala.concurrent.Future$.$anonfun$apply$1(Future.scala:678)
	at scala.concurrent.impl.Promise$Transformation.run(Promise.scala:467)
	... 3 more

2023.02.25 18:11:17 WARN  no build target for: /Users/harshagudise/Documents/JavaSE/DataType.java
2023.02.25 18:11:19 WARN  Running javac-semanticdb failed for file:///Users/harshagudise/Documents/JavaSE/DataType.java. Output:
/Users/harshagudise/Documents/JavaSE/DataType.java:3: error: reached end of file while parsing
class 
     ^
1 error
2023.02.25 18:11:19 WARN  no build target for: /Users/harshagudise/Documents/JavaSE/DataType.java
2023.02.25 18:11:21 WARN  Running javac-semanticdb failed for file:///Users/harshagudise/Documents/JavaSE/DataType.java. Output:
/Users/harshagudise/Documents/JavaSE/DataType.java:3: error: reached end of file while parsing
class Data
          ^
1 error
2023.02.25 18:11:24 WARN  no build target for: /Users/harshagudise/Documents/JavaSE/DataType.java
2023.02.25 18:11:30 WARN  no build target for: /Users/harshagudise/Documents/JavaSE/DataType.java
2023.02.25 18:11:39 WARN  no build target for: /Users/harshagudise/Documents/JavaSE/DataType.java
2023.02.25 18:11:40 WARN  no build target for: /Users/harshagudise/Documents/JavaSE/DataType.java
2023.02.25 18:11:43 WARN  Running javac-semanticdb failed for file:///Users/harshagudise/Documents/JavaSE/DataType.java. Output:
/Users/harshagudise/Documents/JavaSE/DataType.java:6: error: illegal start of expression
        System.out.println("Integer min value "+);
                                                ^
1 error
2023.02.25 18:11:43 INFO  time: code lens generation in 1.36s
2023.02.25 18:11:43 INFO  time: code lens generation in 3.18s
2023.02.25 18:11:43 INFO  time: code lens generation in 1.07s
2023.02.25 18:11:45 WARN  no build target for: /Users/harshagudise/Documents/JavaSE/DataType.java
2023.02.25 18:11:47 WARN  no build target for: /Users/harshagudise/Documents/JavaSE/DataType.java
2023.02.25 18:11:49 WARN  no build target for: /Users/harshagudise/Documents/JavaSE/DataType.java
2023.02.25 18:11:51 WARN  no build target for: /Users/harshagudise/Documents/JavaSE/DataType.java
2023.02.25 18:11:53 INFO  time: code lens generation in 2.4s
2023.02.25 18:11:53 INFO  time: code lens generation in 3.48s
2023.02.25 18:11:55 WARN  no build target for: /Users/harshagudise/Documents/JavaSE/DataType.java
2023.02.25 18:12:03 WARN  no build target for: /Users/harshagudise/Documents/JavaSE/DataType.java
2023.02.25 18:12:05 WARN  no build target for: /Users/harshagudise/Documents/JavaSE/DataType.java
2023.02.25 18:12:06 WARN  no build target for: /Users/harshagudise/Documents/JavaSE/DataType.java
2023.02.25 18:12:08 INFO  time: code lens generation in 2.02s
2023.02.25 18:12:09 WARN  no build target for: /Users/harshagudise/Documents/JavaSE/DataType.java
2023.02.25 18:12:10 WARN  no build target for: /Users/harshagudise/Documents/JavaSE/DataType.java
2023.02.25 18:12:12 INFO  time: code lens generation in 7.38s
2023.02.25 18:12:12 WARN  no build target for: /Users/harshagudise/Documents/JavaSE/DataType.java
2023.02.25 18:12:14 INFO  time: code lens generation in 2.05s
2023.02.25 18:12:16 INFO  time: code lens generation in 6.42s
2023.02.25 18:12:16 INFO  time: code lens generation in 5.9s
2023.02.25 18:12:16 INFO  time: code lens generation in 7.63s
2023.02.25 18:12:16 INFO  time: code lens generation in 1.12s
2023.02.25 18:12:16 INFO  time: code lens generation in 2.09s
2023.02.25 18:12:16 WARN  no build target for: /Users/harshagudise/Documents/JavaSE/DataType.java
2023.02.25 18:12:24 WARN  no build target for: /Users/harshagudise/Documents/JavaSE/DataType.java
2023.02.25 18:12:26 INFO  time: code lens generation in 1.29s
2023.02.25 18:12:26 WARN  no build target for: /Users/harshagudise/Documents/JavaSE/DataType.java
2023.02.25 18:12:27 WARN  Running javac-semanticdb failed for file:///Users/harshagudise/Documents/JavaSE/DataType.java. Output:
/Users/harshagudise/Documents/JavaSE/DataType.java:8: error: illegal start of expression
        System.out.println("Integer in bytes "+ );
                                                ^
1 error
2023.02.25 18:12:27 WARN  no build target for: /Users/harshagudise/Documents/JavaSE/DataType.java
2023.02.25 18:12:32 WARN  no build target for: /Users/harshagudise/Documents/JavaSE/DataType.java
2023.02.25 18:14:01 WARN  no build target for: /Users/harshagudise/Documents/JavaSE/DataType.java
2023.02.25 18:14:06 WARN  no build target for: /Users/harshagudise/Documents/JavaSE/DataType.java
2023.02.25 18:14:13 WARN  no build target for: /Users/harshagudise/Documents/JavaSE/DataType.java
2023.02.25 18:14:14 WARN  Running javac-semanticdb failed for file:///Users/harshagudise/Documents/JavaSE/DataType.java. Output:
/Users/harshagudise/Documents/JavaSE/DataType.java:9: error: illegal start of expression
        System.out.println("Byte min value "+);
                                             ^
1 error
2023.02.25 18:14:14 INFO  time: code lens generation in 1.2s
2023.02.25 18:14:24 WARN  no build target for: /Users/harshagudise/Documents/JavaSE/DataType.java
2023.02.25 18:14:26 INFO  time: code lens generation in 2.36s
2023.02.25 18:14:26 INFO  time: code lens generation in 1.21s
2023.02.25 18:14:26 INFO  time: code lens generation in 1.68s
2023.02.25 18:14:28 WARN  no build target for: /Users/harshagudise/Documents/JavaSE/DataType.java
2023.02.25 18:14:34 WARN  no build target for: /Users/harshagudise/Documents/JavaSE/DataType.java
2023.02.25 18:14:36 WARN  no build target for: /Users/harshagudise/Documents/JavaSE/DataType.java
2023.02.25 18:14:38 WARN  Running javac-semanticdb failed for file:///Users/harshagudise/Documents/JavaSE/DataType.java. Output:
/Users/harshagudise/Documents/JavaSE/DataType.java:10: error: illegal start of expression
        System.out.println("Byte max value"+);
                                            ^
1 error
2023.02.25 18:14:38 INFO  time: code lens generation in 2.71s
2023.02.25 18:14:40 WARN  no build target for: /Users/harshagudise/Documents/JavaSE/DataType.java
2023.02.25 18:14:42 WARN  no build target for: /Users/harshagudise/Documents/JavaSE/DataType.java
2023.02.25 18:14:44 INFO  time: code lens generation in 2.77s
2023.02.25 18:14:44 INFO  time: code lens generation in 1.37s
2023.02.25 18:14:44 WARN  no build target for: /Users/harshagudise/Documents/JavaSE/DataType.java
2023.02.25 18:14:51 WARN  no build target for: /Users/harshagudise/Documents/JavaSE/DataType.java
2023.02.25 18:14:53 INFO  time: code lens generation in 1.53s
2023.02.25 18:14:55 WARN  no build target for: /Users/harshagudise/Documents/JavaSE/DataType.java
2023.02.25 18:14:56 WARN  Running javac-semanticdb failed for file:///Users/harshagudise/Documents/JavaSE/DataType.java. Output:
/Users/harshagudise/Documents/JavaSE/DataType.java:11: error: <identifier> expected
        System.out.println("Byte in bytes"+Byte.);
                                                ^
1 error
2023.02.25 18:14:59 WARN  no build target for: /Users/harshagudise/Documents/JavaSE/DataType.java
2023.02.25 18:15:00 WARN  no build target for: /Users/harshagudise/Documents/JavaSE/DataType.java
2023.02.25 18:15:04 INFO  time: code lens generation in 4.63s
2023.02.25 18:37:24 WARN  no build target for: /Users/harshagudise/Documents/JavaSE/DataType.java
2023.02.25 18:37:26 WARN  Running javac-semanticdb failed for file:///Users/harshagudise/Documents/JavaSE/DataType.java. Output:
/Users/harshagudise/Documents/JavaSE/DataType.java:14: error: illegal start of expression
        /
        ^
/Users/harshagudise/Documents/JavaSE/DataType.java:15: error: illegal start of expression
    }
    ^
2 errors
2023.02.25 18:37:26 INFO  time: code lens generation in 1.47s
2023.02.25 18:37:27 WARN  no build target for: /Users/harshagudise/Documents/JavaSE/DataType.java
2023.02.25 18:37:29 WARN  no build target for: /Users/harshagudise/Documents/JavaSE/DataType.java
2023.02.25 18:37:32 INFO  time: code lens generation in 2.17s
2023.02.25 18:37:32 INFO  time: code lens generation in 1.35s
2023.02.25 18:37:35 WARN  no build target for: /Users/harshagudise/Documents/JavaSE/DataType.java
2023.02.25 18:37:37 INFO  time: code lens generation in 1.22s
2023.02.25 18:37:38 WARN  no build target for: /Users/harshagudise/Documents/JavaSE/DataType.java
2023.02.25 18:37:42 WARN  no build target for: /Users/harshagudise/Documents/JavaSE/DataType.java
2023.02.25 18:37:44 WARN  no build target for: /Users/harshagudise/Documents/JavaSE/DataType.java
2023.02.25 18:37:45 WARN  Running javac-semanticdb failed for file:///Users/harshagudise/Documents/JavaSE/DataType.java. Output:
/Users/harshagudise/Documents/JavaSE/DataType.java:17: error: ';' expected
        System.out.println("");
              ^
1 error
2023.02.25 18:37:45 INFO  time: code lens generation in 2.29s
2023.02.25 18:37:49 WARN  no build target for: /Users/harshagudise/Documents/JavaSE/DataType.java
Feb 25, 2023 6:37:50 PM org.eclipse.lsp4j.jsonrpc.RemoteEndpoint handleCancellation
WARNING: Unmatched cancel notification for request id 1399
2023.02.25 18:37:58 WARN  no build target for: /Users/harshagudise/Documents/JavaSE/DataType.java
2023.02.25 18:38:01 WARN  no build target for: /Users/harshagudise/Documents/JavaSE/DataType.java
2023.02.25 18:38:06 WARN  no build target for: /Users/harshagudise/Documents/JavaSE/DataType.java
2023.02.25 18:38:08 WARN  Running javac-semanticdb failed for file:///Users/harshagudise/Documents/JavaSE/DataType.java. Output:
/Users/harshagudise/Documents/JavaSE/DataType.java:18: error: not a statement
        System.out.println);
                  ^
/Users/harshagudise/Documents/JavaSE/DataType.java:18: error: ';' expected
        System.out.println);
                          ^
2 errors
2023.02.25 18:38:08 INFO  time: code lens generation in 1.21s
2023.02.25 18:38:08 WARN  no build target for: /Users/harshagudise/Documents/JavaSE/DataType.java
2023.02.25 18:38:11 WARN  no build target for: /Users/harshagudise/Documents/JavaSE/DataType.java
2023.02.25 18:38:14 WARN  no build target for: /Users/harshagudise/Documents/JavaSE/DataType.java
2023.02.25 18:38:16 WARN  no build target for: /Users/harshagudise/Documents/JavaSE/DataType.java
2023.02.25 18:38:17 WARN  no build target for: /Users/harshagudise/Documents/JavaSE/DataType.java
2023.02.25 18:38:18 WARN  Running javac-semanticdb failed for file:///Users/harshagudise/Documents/JavaSE/DataType.java. Output:
/Users/harshagudise/Documents/JavaSE/DataType.java:18: error: illegal start of expression
        System.out.println(x+" "+);
                                 ^
1 error
2023.02.25 18:38:18 INFO  time: code lens generation in 1.79s
2023.02.25 18:38:18 WARN  no build target for: /Users/harshagudise/Documents/JavaSE/DataType.java
2023.02.25 18:38:23 INFO  time: code lens generation in 7.96s
2023.02.25 18:38:23 INFO  time: code lens generation in 5.22s
2023.02.25 18:38:46 WARN  no build target for: /Users/harshagudise/Documents/JavaSE/DataType.java
2023.02.25 18:38:49 WARN  no build target for: /Users/harshagudise/Documents/JavaSE/DataType.java
2023.02.25 18:39:00 WARN  no build target for: /Users/harshagudise/Documents/JavaSE/DataType.java
2023.02.25 18:39:02 WARN  no build target for: /Users/harshagudise/Documents/JavaSE/DataType.java
2023.02.25 18:39:04 INFO  time: code lens generation in 3.13s
2023.02.25 18:39:05 WARN  no build target for: /Users/harshagudise/Documents/JavaSE/DataType.java
2023.02.25 18:39:07 WARN  no build target for: /Users/harshagudise/Documents/JavaSE/DataType.java
2023.02.25 18:39:07 WARN  Running javac-semanticdb failed for file:///Users/harshagudise/Documents/JavaSE/DataType.java. Output:
com.sourcegraph.semanticdb_javac.CompilationUnitException: file:///Users/harshagudise/Documents/JavaSE/DataType.java
Caused by: java.lang.StringIndexOutOfBoundsException: String index out of range: 0
	at java.base/java.lang.StringLatin1.charAt(StringLatin1.java:47)
	at java.base/java.lang.String.charAt(String.java:693)
	at com.sourcegraph.semanticdb_javac.SemanticdbVisitor.correctForTabs(SemanticdbVisitor.java:323)
	at com.sourcegraph.semanticdb_javac.SemanticdbVisitor.semanticdbRange(SemanticdbVisitor.java:307)
	at com.sourcegraph.semanticdb_javac.SemanticdbVisitor.semanticdbOccurrence(SemanticdbVisitor.java:339)
	at com.sourcegraph.semanticdb_javac.SemanticdbVisitor.emitSymbolOccurrence(SemanticdbVisitor.java:84)
	at com.sourcegraph.semanticdb_javac.SemanticdbVisitor.visitMemberSelect(SemanticdbVisitor.java:235)
	at com.sourcegraph.semanticdb_javac.SemanticdbVisitor.visitMemberSelect(SemanticdbVisitor.java:30)
	at jdk.compiler/com.sun.tools.javac.tree.JCTree$JCFieldAccess.accept(JCTree.java:2138)
	at jdk.compiler/com.sun.source.util.TreePathScanner.scan(TreePathScanner.java:82)
	at jdk.compiler/com.sun.source.util.TreeScanner.visitMemberSelect(TreeScanner.java:680)
	at com.sourcegraph.semanticdb_javac.SemanticdbVisitor.visitMemberSelect(SemanticdbVisitor.java:238)
	at com.sourcegraph.semanticdb_javac.SemanticdbVisitor.visitMemberSelect(SemanticdbVisitor.java:30)
	at jdk.compiler/com.sun.tools.javac.tree.JCTree$JCFieldAccess.accept(JCTree.java:2138)
	at jdk.compiler/com.sun.source.util.TreePathScanner.scan(TreePathScanner.java:82)
	at jdk.compiler/com.sun.source.util.TreeScanner.visitImport(TreeScanner.java:171)
	at jdk.compiler/com.sun.tools.javac.tree.JCTree$JCImport.accept(JCTree.java:660)
	at jdk.compiler/com.sun.source.util.TreePathScanner.scan(TreePathScanner.java:82)
	at jdk.compiler/com.sun.source.util.TreeScanner.scan(TreeScanner.java:105)
	at jdk.compiler/com.sun.source.util.TreeScanner.scanAndReduce(TreeScanner.java:113)
	at jdk.compiler/com.sun.source.util.TreeScanner.visitCompilationUnit(TreeScanner.java:143)
	at jdk.compiler/com.sun.tools.javac.tree.JCTree$JCCompilationUnit.accept(JCTree.java:591)
	at jdk.compiler/com.sun.source.util.TreePathScanner.scan(TreePathScanner.java:82)
	at com.sourcegraph.semanticdb_javac.SemanticdbVisitor.buildTextDocument(SemanticdbVisitor.java:68)
	at com.sourcegraph.semanticdb_javac.SemanticdbTaskListener.onFinishedAnalyze(SemanticdbTaskListener.java:66)
	at com.sourcegraph.semanticdb_javac.SemanticdbTaskListener.finished(SemanticdbTaskListener.java:46)
	at jdk.compiler/com.sun.tools.javac.api.ClientCodeWrapper$WrappedTaskListener.finished(ClientCodeWrapper.java:828)
	at jdk.compiler/com.sun.tools.javac.api.MultiTaskListener.finished(MultiTaskListener.java:132)
	at jdk.compiler/com.sun.tools.javac.main.JavaCompiler.flow(JavaCompiler.java:1414)
	at jdk.compiler/com.sun.tools.javac.main.JavaCompiler.flow(JavaCompiler.java:1371)
	at jdk.compiler/com.sun.tools.javac.main.JavaCompiler.compile(JavaCompiler.java:973)
	at jdk.compiler/com.sun.tools.javac.main.Main.compile(Main.java:311)
	at jdk.compiler/com.sun.tools.javac.main.Main.compile(Main.java:170)
	at jdk.compiler/com.sun.tools.javac.Main.compile(Main.java:57)
	at jdk.compiler/com.sun.tools.javac.Main.main(Main.java:43)
Please report a bug to https://github.com/sourcegraph/semanticdb-java with the stack trace above.
2023.02.25 18:39:08 WARN  Running javac-semanticdb failed for file:///Users/harshagudise/Documents/JavaSE/DataType.java. Output:
/Users/harshagudise/Documents/JavaSE/DataType.java:20: error: not a statement
        int 
        ^
/Users/harshagudise/Documents/JavaSE/DataType.java:20: error: ';' expected
        int 
           ^
2 errors
2023.02.25 18:39:08 INFO  time: code lens generation in 1.93s
2023.02.25 18:39:15 WARN  no build target for: /Users/harshagudise/Documents/JavaSE/DataType.java
2023.02.25 18:39:16 WARN  Running javac-semanticdb failed for file:///Users/harshagudise/Documents/JavaSE/DataType.java. Output:
/Users/harshagudise/Documents/JavaSE/DataType.java:20: error: ';' expected
        int R
             ^
1 error
2023.02.25 18:39:17 WARN  no build target for: /Users/harshagudise/Documents/JavaSE/DataType.java
2023.02.25 18:39:18 WARN  Running javac-semanticdb failed for file:///Users/harshagudise/Documents/JavaSE/DataType.java. Output:
/Users/harshagudise/Documents/JavaSE/DataType.java:20: error: ';' expected
        int roll
                ^
1 error
2023.02.25 18:39:20 WARN  no build target for: /Users/harshagudise/Documents/JavaSE/DataType.java
2023.02.25 18:39:21 WARN  Running javac-semanticdb failed for file:///Users/harshagudise/Documents/JavaSE/DataType.java. Output:
/Users/harshagudise/Documents/JavaSE/DataType.java:20: error: ';' expected
        int roll_Number
                       ^
1 error
2023.02.25 18:39:22 WARN  no build target for: /Users/harshagudise/Documents/JavaSE/DataType.java
2023.02.25 18:39:23 WARN  Running javac-semanticdb failed for file:///Users/harshagudise/Documents/JavaSE/DataType.java. Output:
/Users/harshagudise/Documents/JavaSE/DataType.java:20: error: ';' expected
        int roll_Number_
                        ^
1 error
2023.02.25 18:39:24 WARN  no build target for: /Users/harshagudise/Documents/JavaSE/DataType.java
2023.02.25 18:39:25 WARN  Running javac-semanticdb failed for file:///Users/harshagudise/Documents/JavaSE/DataType.java. Output:
/Users/harshagudise/Documents/JavaSE/DataType.java:20: error: ';' expected
        int roll_Number
                       ^
1 error
2023.02.25 18:39:29 WARN  no build target for: /Users/harshagudise/Documents/JavaSE/DataType.java
2023.02.25 18:39:30 WARN  Running javac-semanticdb failed for file:///Users/harshagudise/Documents/JavaSE/DataType.java. Output:
/Users/harshagudise/Documents/JavaSE/DataType.java:20: error: ';' expected
        int roll_Number$class1
                              ^
1 error
2023.02.25 18:39:31 WARN  no build target for: /Users/harshagudise/Documents/JavaSE/DataType.java
2023.02.25 18:39:43 WARN  no build target for: /Users/harshagudise/Documents/JavaSE/DataType.java
Feb 25, 2023 6:39:57 PM org.eclipse.lsp4j.jsonrpc.RemoteEndpoint handleCancellation
WARNING: Unmatched cancel notification for request id 1668
2023.02.25 18:40:03 WARN  no build target for: /Users/harshagudise/Documents/JavaSE/DataType.java
2023.02.25 18:40:06 WARN  no build target for: /Users/harshagudise/Documents/JavaSE/DataType.java
2023.02.25 18:40:08 INFO  time: code lens generation in 1.53s
2023.02.25 18:40:08 WARN  no build target for: /Users/harshagudise/Documents/JavaSE/DataType.java
2023.02.25 18:40:10 INFO  time: code lens generation in 1.55s
2023.02.25 18:40:14 WARN  no build target for: /Users/harshagudise/Documents/JavaSE/DataType.java
2023.02.25 18:40:16 WARN  no build target for: /Users/harshagudise/Documents/JavaSE/DataType.java
2023.02.25 18:40:19 INFO  time: code lens generation in 4.55s
2023.02.25 18:40:19 INFO  time: code lens generation in 5.29s
2023.02.25 18:40:31 WARN  no build target for: /Users/harshagudise/Documents/JavaSE/DataType.java
2023.02.25 18:40:32 WARN  no build target for: /Users/harshagudise/Documents/JavaSE/DataType.java
2023.02.25 18:40:35 INFO  time: code lens generation in 3.25s
2023.02.25 18:40:36 WARN  no build target for: /Users/harshagudise/Documents/JavaSE/DataType.java
Feb 25, 2023 6:41:04 PM org.eclipse.lsp4j.jsonrpc.RemoteEndpoint handleCancellation
WARNING: Unmatched cancel notification for request id 1802
2023.02.25 18:41:08 WARN  no build target for: /Users/harshagudise/Documents/JavaSE/DataType.java
2023.02.25 18:41:10 INFO  time: code lens generation in 1.12s
2023.02.25 18:41:14 WARN  no build target for: /Users/harshagudise/Documents/JavaSE/DataType.java
2023.02.25 18:41:17 WARN  no build target for: /Users/harshagudise/Documents/JavaSE/DataType.java
2023.02.25 18:41:25 WARN  no build target for: /Users/harshagudise/Documents/JavaSE/DataType.java
2023.02.25 21:31:38 WARN  no build target for: /Users/harshagudise/Documents/JavaSE/DataType.java
2023.02.25 22:04:27 WARN  no build target for: /Users/harshagudise/Documents/JavaSE/DataType.java
2023.02.25 22:04:28 WARN  Running javac-semanticdb failed for file:///Users/harshagudise/Documents/JavaSE/DataType.java. Output:
/Users/harshagudise/Documents/JavaSE/DataType.java:23: error: ';' expected
        char x = O
                  ^
1 error
2023.02.25 22:04:32 WARN  no build target for: /Users/harshagudise/Documents/JavaSE/DataType.java
2023.02.25 22:04:33 WARN  Cannot tokenize Java file file:///Users/harshagudise/Documents/JavaSE/DataType.javaorg.eclipse.jdt.core.compiler.InvalidInputException: Invalid_Hexa_Literal
	at org.eclipse.jdt.internal.core.util.PublicScanner.scanNumber(PublicScanner.java:3740)
	at org.eclipse.jdt.internal.core.util.PublicScanner.getNextToken(PublicScanner.java:1854)
	at scala.meta.internal.parsing.JavaTokens$.loop$1(JavaTokens.scala:71)
	at scala.meta.internal.parsing.JavaTokens$.$anonfun$tokenize$1(JavaTokens.scala:75)
	at scala.util.Try$.apply(Try.scala:210)
	at scala.meta.internal.parsing.JavaTokens$.tokenize(JavaTokens.scala:35)
	at scala.meta.internal.parsing.TokenEditDistance$.apply(TokenEditDistance.scala:370)
	at scala.meta.internal.metals.Diagnostics.publishDiagnostics(Diagnostics.scala:226)
	at scala.meta.internal.metals.Diagnostics.publishDiagnostics(Diagnostics.scala:188)
	at scala.meta.internal.metals.Diagnostics.didChange(Diagnostics.scala:136)
	at scala.meta.internal.metals.MetalsLanguageServer.didChange(MetalsLanguageServer.scala:1275)
	at jdk.internal.reflect.GeneratedMethodAccessor1.invoke(null)
	at jdk.internal.reflect.DelegatingMethodAccessorImpl.invoke(DelegatingMethodAccessorImpl.java:43)
	at java.lang.reflect.Method.invoke(Method.java:566)
	at org.eclipse.lsp4j.jsonrpc.services.GenericEndpoint.lambda$null$0(GenericEndpoint.java:65)
	at org.eclipse.lsp4j.jsonrpc.services.GenericEndpoint.notify(GenericEndpoint.java:152)
	at org.eclipse.lsp4j.jsonrpc.RemoteEndpoint.handleNotification(RemoteEndpoint.java:220)
	at org.eclipse.lsp4j.jsonrpc.RemoteEndpoint.consume(RemoteEndpoint.java:187)
	at org.eclipse.lsp4j.jsonrpc.json.StreamMessageProducer.handleMessage(StreamMessageProducer.java:194)
	at org.eclipse.lsp4j.jsonrpc.json.StreamMessageProducer.listen(StreamMessageProducer.java:94)
	at org.eclipse.lsp4j.jsonrpc.json.ConcurrentMessageProcessor.run(ConcurrentMessageProcessor.java:113)
	at java.util.concurrent.Executors$RunnableAdapter.call(Executors.java:515)
	at java.util.concurrent.FutureTask.run(FutureTask.java:264)
	at java.util.concurrent.ThreadPoolExecutor.runWorker(ThreadPoolExecutor.java:1128)
	at java.util.concurrent.ThreadPoolExecutor$Worker.run(ThreadPoolExecutor.java:628)
	at java.lang.Thread.run(Thread.java:834)

Feb 25, 2023 10:04:33 PM org.eclipse.lsp4j.jsonrpc.RemoteEndpoint fallbackResponseError
SEVERE: Internal error: org.eclipse.jdt.core.compiler.InvalidInputException: Invalid_Hexa_Literal
java.util.concurrent.CompletionException: org.eclipse.jdt.core.compiler.InvalidInputException: Invalid_Hexa_Literal
	at java.base/java.util.concurrent.CompletableFuture.encodeThrowable(CompletableFuture.java:331)
	at java.base/java.util.concurrent.CompletableFuture.completeThrowable(CompletableFuture.java:346)
	at java.base/java.util.concurrent.CompletableFuture$UniAccept.tryFire(CompletableFuture.java:704)
	at java.base/java.util.concurrent.CompletableFuture.postComplete(CompletableFuture.java:506)
	at java.base/java.util.concurrent.CompletableFuture.completeExceptionally(CompletableFuture.java:2088)
	at scala.meta.internal.metals.CancelTokens$.$anonfun$future$1(CancelTokens.scala:40)
	at scala.meta.internal.metals.CancelTokens$.$anonfun$future$1$adapted(CancelTokens.scala:38)
	at scala.concurrent.impl.Promise$Transformation.run(Promise.scala:484)
	at java.base/java.util.concurrent.ThreadPoolExecutor.runWorker(ThreadPoolExecutor.java:1128)
	at java.base/java.util.concurrent.ThreadPoolExecutor$Worker.run(ThreadPoolExecutor.java:628)
	at java.base/java.lang.Thread.run(Thread.java:834)
Caused by: org.eclipse.jdt.core.compiler.InvalidInputException: Invalid_Hexa_Literal
	at org.eclipse.jdt.internal.core.util.PublicScanner.scanNumber(PublicScanner.java:3740)
	at org.eclipse.jdt.internal.core.util.PublicScanner.getNextToken(PublicScanner.java:1854)
	at scala.meta.internal.parsing.JavaFoldingRangeExtractor.next$1(JavaFoldingRangeExtractor.scala:100)
	at scala.meta.internal.parsing.JavaFoldingRangeExtractor.gather$1(JavaFoldingRangeExtractor.scala:145)
	at scala.meta.internal.parsing.JavaFoldingRangeExtractor.extract(JavaFoldingRangeExtractor.scala:155)
	at scala.meta.internal.parsing.FoldingRangeProvider.$anonfun$getRangedForJava$2(FoldingRangeProvider.scala:54)
	at scala.Option$WithFilter.map(Option.scala:242)
	at scala.meta.internal.parsing.FoldingRangeProvider.getRangedForJava(FoldingRangeProvider.scala:49)
	at scala.meta.internal.metals.MetalsLanguageServer.$anonfun$foldingRange$3(MetalsLanguageServer.scala:1809)
	at scala.concurrent.Future$.$anonfun$apply$1(Future.scala:678)
	at scala.concurrent.impl.Promise$Transformation.run(Promise.scala:467)
	... 3 more

2023.02.25 22:04:34 WARN  Running javac-semanticdb failed for file:///Users/harshagudise/Documents/JavaSE/DataType.java. Output:
/Users/harshagudise/Documents/JavaSE/DataType.java:23: error: ';' expected
        char x = 0
                  ^
1 error
2023.02.25 22:04:35 WARN  no build target for: /Users/harshagudise/Documents/JavaSE/DataType.java
2023.02.25 22:04:36 WARN  Running javac-semanticdb failed for file:///Users/harshagudise/Documents/JavaSE/DataType.java. Output:
/Users/harshagudise/Documents/JavaSE/DataType.java:23: error: ';' expected
        char x = 0x0c
                     ^
1 error
2023.02.25 22:04:39 WARN  no build target for: /Users/harshagudise/Documents/JavaSE/DataType.java
2023.02.25 22:04:41 WARN  Running javac-semanticdb failed for file:///Users/harshagudise/Documents/JavaSE/DataType.java. Output:
/Users/harshagudise/Documents/JavaSE/DataType.java:23: error: ';' expected
        char x = 0x0C
                     ^
1 error
2023.02.25 22:04:41 WARN  no build target for: /Users/harshagudise/Documents/JavaSE/DataType.java
2023.02.25 22:04:42 WARN  Running javac-semanticdb failed for file:///Users/harshagudise/Documents/JavaSE/DataType.java. Output:
/Users/harshagudise/Documents/JavaSE/DataType.java:23: error: ';' expected
        char x = 0x0C31
                       ^
1 error
2023.02.25 22:04:43 WARN  no build target for: /Users/harshagudise/Documents/JavaSE/DataType.java
2023.02.25 22:04:45 WARN  no build target for: /Users/harshagudise/Documents/JavaSE/DataType.java
2023.02.25 22:04:47 INFO  time: code lens generation in 2.83s
2023.02.25 22:04:47 INFO  time: code lens generation in 2.45s
2023.02.25 22:04:48 WARN  no build target for: /Users/harshagudise/Documents/JavaSE/DataType.java
2023.02.25 22:04:49 WARN  Cannot tokenize Java file file:///Users/harshagudise/Documents/JavaSE/DataType.javaorg.eclipse.jdt.core.compiler.InvalidInputException: Invalid_Char_In_String
	at org.eclipse.jdt.internal.core.util.PublicScanner.getNextToken(PublicScanner.java:1564)
	at scala.meta.internal.parsing.JavaTokens$.loop$1(JavaTokens.scala:71)
	at scala.meta.internal.parsing.JavaTokens$.$anonfun$tokenize$1(JavaTokens.scala:75)
	at scala.util.Try$.apply(Try.scala:210)
	at scala.meta.internal.parsing.JavaTokens$.tokenize(JavaTokens.scala:35)
	at scala.meta.internal.parsing.TokenEditDistance$.apply(TokenEditDistance.scala:370)
	at scala.meta.internal.metals.Diagnostics.publishDiagnostics(Diagnostics.scala:226)
	at scala.meta.internal.metals.Diagnostics.publishDiagnostics(Diagnostics.scala:188)
	at scala.meta.internal.metals.Diagnostics.didChange(Diagnostics.scala:136)
	at scala.meta.internal.metals.MetalsLanguageServer.didChange(MetalsLanguageServer.scala:1275)
	at jdk.internal.reflect.GeneratedMethodAccessor1.invoke(null)
	at jdk.internal.reflect.DelegatingMethodAccessorImpl.invoke(DelegatingMethodAccessorImpl.java:43)
	at java.lang.reflect.Method.invoke(Method.java:566)
	at org.eclipse.lsp4j.jsonrpc.services.GenericEndpoint.lambda$null$0(GenericEndpoint.java:65)
	at org.eclipse.lsp4j.jsonrpc.services.GenericEndpoint.notify(GenericEndpoint.java:152)
	at org.eclipse.lsp4j.jsonrpc.RemoteEndpoint.handleNotification(RemoteEndpoint.java:220)
	at org.eclipse.lsp4j.jsonrpc.RemoteEndpoint.consume(RemoteEndpoint.java:187)
	at org.eclipse.lsp4j.jsonrpc.json.StreamMessageProducer.handleMessage(StreamMessageProducer.java:194)
	at org.eclipse.lsp4j.jsonrpc.json.StreamMessageProducer.listen(StreamMessageProducer.java:94)
	at org.eclipse.lsp4j.jsonrpc.json.ConcurrentMessageProcessor.run(ConcurrentMessageProcessor.java:113)
	at java.util.concurrent.Executors$RunnableAdapter.call(Executors.java:515)
	at java.util.concurrent.FutureTask.run(FutureTask.java:264)
	at java.util.concurrent.ThreadPoolExecutor.runWorker(ThreadPoolExecutor.java:1128)
	at java.util.concurrent.ThreadPoolExecutor$Worker.run(ThreadPoolExecutor.java:628)
	at java.lang.Thread.run(Thread.java:834)

2023.02.25 22:04:50 INFO  time: code lens generation in 1.14s
2023.02.25 22:04:51 WARN  no build target for: /Users/harshagudise/Documents/JavaSE/DataType.java
2023.02.25 22:05:02 WARN  no build target for: /Users/harshagudise/Documents/JavaSE/DataType.java
2023.02.25 22:05:05 WARN  no build target for: /Users/harshagudise/Documents/JavaSE/DataType.java
2023.02.25 22:05:08 INFO  time: code lens generation in 3.84s
2023.02.25 22:05:08 INFO  time: code lens generation in 4.43s
Feb 28, 2023 7:14:47 PM org.eclipse.lsp4j.jsonrpc.RemoteEndpoint handleCancellation
WARNING: Unmatched cancel notification for request id 1999
2023.02.28 19:14:59 WARN  no build target for: /Users/harshagudise/Documents/JavaSE/DataType.java
2023.02.28 19:15:03 WARN  Running javac-semanticdb failed for file:///Users/harshagudise/Documents/JavaSE/DataType.java. Output:
/Users/harshagudise/Documents/JavaSE/DataType.java:2: error: <identifier> expected
import java.
            ^
1 error
2023.02.28 19:15:03 INFO  time: code lens generation in 2.1s
2023.02.28 19:15:03 INFO  time: code lens generation in 1.02s
2023.02.28 19:15:03 INFO  time: code lens generation in 1.58s
2023.02.28 19:15:04 WARN  no build target for: /Users/harshagudise/Documents/JavaSE/DataType.java
2023.02.28 19:15:06 WARN  no build target for: /Users/harshagudise/Documents/JavaSE/DataType.java
2023.02.28 19:15:06 WARN  Running javac-semanticdb failed for file:///Users/harshagudise/Documents/JavaSE/DataType.java. Output:
/Users/harshagudise/Documents/JavaSE/DataType.java:2: error: <identifier> expected
import java.util.
                 ^
1 error
2023.02.28 19:15:07 WARN  Running javac-semanticdb failed for file:///Users/harshagudise/Documents/JavaSE/DataType.java. Output:
/Users/harshagudise/Documents/JavaSE/DataType.java:2: error: <identifier> expected
import java.util.
                 ^
1 error
2023.02.28 19:15:07 INFO  time: code lens generation in 1.41s
2023.02.28 19:15:07 INFO  time: code lens generation in 2.53s
2023.02.28 19:15:09 WARN  no build target for: /Users/harshagudise/Documents/JavaSE/DataType.java
2023.02.28 19:15:11 WARN  Running javac-semanticdb failed for file:///Users/harshagudise/Documents/JavaSE/DataType.java. Output:
/Users/harshagudise/Documents/JavaSE/DataType.java:2: error: ';' expected
import java.util.scann
                      ^
1 error
2023.02.28 19:15:11 WARN  no build target for: /Users/harshagudise/Documents/JavaSE/DataType.java
2023.02.28 19:15:13 INFO  time: code lens generation in 1.5s
2023.02.28 19:15:16 WARN  no build target for: /Users/harshagudise/Documents/JavaSE/DataType.java
2023.02.28 19:15:18 WARN  Running javac-semanticdb failed for file:///Users/harshagudise/Documents/JavaSE/DataType.java. Output:
/Users/harshagudise/Documents/JavaSE/DataType.java:2: error: <identifier> expected
import java.util.
                 ^
1 error
2023.02.28 19:15:23 WARN  no build target for: /Users/harshagudise/Documents/JavaSE/DataType.java
2023.02.28 19:15:24 WARN  Running javac-semanticdb failed for file:///Users/harshagudise/Documents/JavaSE/DataType.java. Output:
/Users/harshagudise/Documents/JavaSE/DataType.java:3: error: ';' expected
import java.ut
              ^
1 error
2023.02.28 19:15:25 WARN  no build target for: /Users/harshagudise/Documents/JavaSE/DataType.java
2023.02.28 19:15:27 WARN  Running javac-semanticdb failed for file:///Users/harshagudise/Documents/JavaSE/DataType.java. Output:
/Users/harshagudise/Documents/JavaSE/DataType.java:3: error: <identifier> expected
import java.util.
                 ^
1 error
2023.02.28 19:15:28 WARN  no build target for: /Users/harshagudise/Documents/JavaSE/DataType.java
2023.02.28 19:15:36 WARN  no build target for: /Users/harshagudise/Documents/JavaSE/DataType.java
2023.02.28 19:15:39 INFO  time: code lens generation in 1.87s
2023.02.28 19:15:39 INFO  time: code lens generation in 2.83s
2023.02.28 19:15:41 WARN  no build target for: /Users/harshagudise/Documents/JavaSE/DataType.java
Mar 01, 2023 3:30:56 PM org.eclipse.lsp4j.jsonrpc.RemoteEndpoint handleCancellation
WARNING: Unmatched cancel notification for request id 2225
2023.03.01 15:36:45 WARN  no build target for: /Users/harshagudise/Documents/JavaSE/DataType.java
2023.03.01 15:36:47 WARN  Running javac-semanticdb failed for file:///Users/harshagudise/Documents/JavaSE/DataType.java. Output:
/Users/harshagudise/Documents/JavaSE/DataType.java:20: error: not a statement
        int
        ^
/Users/harshagudise/Documents/JavaSE/DataType.java:20: error: ';' expected
        int
           ^
2 errors
2023.03.01 15:36:48 WARN  no build target for: /Users/harshagudise/Documents/JavaSE/DataType.java
2023.03.01 15:37:12 WARN  no build target for: /Users/harshagudise/Documents/JavaSE/AreaOfTraingle.java
2023.03.01 15:37:14 WARN  no build target for: /Users/harshagudise/Documents/JavaSE/AreaOfTraingle.java
2023.03.01 15:37:15 INFO  time: code lens generation in 2.23s
2023.03.01 15:37:15 INFO  time: code lens generation in 3.04s
2023.03.01 15:37:17 WARN  no build target for: /Users/harshagudise/Documents/JavaSE/AreaOfTraingle.java
2023.03.01 15:37:28 WARN  no build target for: /Users/harshagudise/Documents/JavaSE/AreaOfTraingle.java
2023.03.01 15:37:30 INFO  time: code lens generation in 1.93s
2023.03.01 15:37:30 WARN  no build target for: /Users/harshagudise/Documents/JavaSE/AreaOfTraingle.java
Mar 01, 2023 3:37:32 PM org.eclipse.lsp4j.jsonrpc.RemoteEndpoint fallbackResponseError
SEVERE: Internal error: java.lang.ArrayIndexOutOfBoundsException: arraycopy: last source index 51 out of bounds for char[50]
java.util.concurrent.CompletionException: java.lang.ArrayIndexOutOfBoundsException: arraycopy: last source index 51 out of bounds for char[50]
	at java.base/java.util.concurrent.CompletableFuture.encodeThrowable(CompletableFuture.java:331)
	at java.base/java.util.concurrent.CompletableFuture.completeThrowable(CompletableFuture.java:346)
	at java.base/java.util.concurrent.CompletableFuture$UniAccept.tryFire(CompletableFuture.java:704)
	at java.base/java.util.concurrent.CompletableFuture.postComplete(CompletableFuture.java:506)
	at java.base/java.util.concurrent.CompletableFuture.completeExceptionally(CompletableFuture.java:2088)
	at scala.meta.internal.metals.CancelTokens$.$anonfun$future$1(CancelTokens.scala:40)
	at scala.meta.internal.metals.CancelTokens$.$anonfun$future$1$adapted(CancelTokens.scala:38)
	at scala.concurrent.impl.Promise$Transformation.run(Promise.scala:484)
	at java.base/java.util.concurrent.ThreadPoolExecutor.runWorker(ThreadPoolExecutor.java:1128)
	at java.base/java.util.concurrent.ThreadPoolExecutor$Worker.run(ThreadPoolExecutor.java:628)
	at java.base/java.lang.Thread.run(Thread.java:834)
Caused by: java.lang.ArrayIndexOutOfBoundsException: arraycopy: last source index 51 out of bounds for char[50]
	at org.eclipse.jdt.internal.core.util.PublicScanner.getCurrentTokenSource(PublicScanner.java:496)
	at scala.meta.internal.parsing.JavaFoldingRangeExtractor.swallowUntilSemicolon$1(JavaFoldingRangeExtractor.scala:52)
	at scala.meta.internal.parsing.JavaFoldingRangeExtractor.gatherImportLines$1(JavaFoldingRangeExtractor.scala:76)
	at scala.meta.internal.parsing.JavaFoldingRangeExtractor.gather$1(JavaFoldingRangeExtractor.scala:123)
	at scala.meta.internal.parsing.JavaFoldingRangeExtractor.extract(JavaFoldingRangeExtractor.scala:155)
	at scala.meta.internal.parsing.FoldingRangeProvider.$anonfun$getRangedForJava$2(FoldingRangeProvider.scala:54)
	at scala.Option$WithFilter.map(Option.scala:242)
	at scala.meta.internal.parsing.FoldingRangeProvider.getRangedForJava(FoldingRangeProvider.scala:49)
	at scala.meta.internal.metals.MetalsLanguageServer.$anonfun$foldingRange$3(MetalsLanguageServer.scala:1809)
	at scala.concurrent.Future$.$anonfun$apply$1(Future.scala:678)
	at scala.concurrent.impl.Promise$Transformation.run(Promise.scala:467)
	... 3 more

2023.03.01 15:37:32 INFO  time: code lens generation in 1.81s
Mar 01, 2023 3:37:33 PM org.eclipse.lsp4j.jsonrpc.RemoteEndpoint fallbackResponseError
SEVERE: Internal error: java.lang.ArrayIndexOutOfBoundsException: arraycopy: last source index 55 out of bounds for char[54]
java.util.concurrent.CompletionException: java.lang.ArrayIndexOutOfBoundsException: arraycopy: last source index 55 out of bounds for char[54]
	at java.base/java.util.concurrent.CompletableFuture.encodeThrowable(CompletableFuture.java:331)
	at java.base/java.util.concurrent.CompletableFuture.completeThrowable(CompletableFuture.java:346)
	at java.base/java.util.concurrent.CompletableFuture$UniAccept.tryFire(CompletableFuture.java:704)
	at java.base/java.util.concurrent.CompletableFuture.postComplete(CompletableFuture.java:506)
	at java.base/java.util.concurrent.CompletableFuture.completeExceptionally(CompletableFuture.java:2088)
	at scala.meta.internal.metals.CancelTokens$.$anonfun$future$1(CancelTokens.scala:40)
	at scala.meta.internal.metals.CancelTokens$.$anonfun$future$1$adapted(CancelTokens.scala:38)
	at scala.concurrent.impl.Promise$Transformation.run(Promise.scala:484)
	at java.base/java.util.concurrent.ThreadPoolExecutor.runWorker(ThreadPoolExecutor.java:1128)
	at java.base/java.util.concurrent.ThreadPoolExecutor$Worker.run(ThreadPoolExecutor.java:628)
	at java.base/java.lang.Thread.run(Thread.java:834)
Caused by: java.lang.ArrayIndexOutOfBoundsException: arraycopy: last source index 55 out of bounds for char[54]
	at org.eclipse.jdt.internal.core.util.PublicScanner.getCurrentTokenSource(PublicScanner.java:496)
	at scala.meta.internal.parsing.JavaFoldingRangeExtractor.swallowUntilSemicolon$1(JavaFoldingRangeExtractor.scala:52)
	at scala.meta.internal.parsing.JavaFoldingRangeExtractor.gatherImportLines$1(JavaFoldingRangeExtractor.scala:76)
	at scala.meta.internal.parsing.JavaFoldingRangeExtractor.gather$1(JavaFoldingRangeExtractor.scala:123)
	at scala.meta.internal.parsing.JavaFoldingRangeExtractor.extract(JavaFoldingRangeExtractor.scala:155)
	at scala.meta.internal.parsing.FoldingRangeProvider.$anonfun$getRangedForJava$2(FoldingRangeProvider.scala:54)
	at scala.Option$WithFilter.map(Option.scala:242)
	at scala.meta.internal.parsing.FoldingRangeProvider.getRangedForJava(FoldingRangeProvider.scala:49)
	at scala.meta.internal.metals.MetalsLanguageServer.$anonfun$foldingRange$3(MetalsLanguageServer.scala:1809)
	at scala.concurrent.Future$.$anonfun$apply$1(Future.scala:678)
	at scala.concurrent.impl.Promise$Transformation.run(Promise.scala:467)
	... 3 more

2023.03.01 15:37:34 WARN  no build target for: /Users/harshagudise/Documents/JavaSE/AreaOfTraingle.java
2023.03.01 15:37:36 INFO  time: code lens generation in 1.65s
2023.03.01 15:37:40 WARN  no build target for: /Users/harshagudise/Documents/JavaSE/AreaOfTraingle.java
2023.03.01 15:37:42 WARN  no build target for: /Users/harshagudise/Documents/JavaSE/AreaOfTraingle.java
2023.03.01 15:37:43 WARN  Running javac-semanticdb failed for file:///Users/harshagudise/Documents/JavaSE/AreaOfTraingle.java. Output:
/Users/harshagudise/Documents/JavaSE/AreaOfTraingle.java:4: error: <identifier> expected
    s
     ^
1 error
2023.03.01 15:37:45 WARN  no build target for: /Users/harshagudise/Documents/JavaSE/AreaOfTraingle.java
2023.03.01 15:37:46 WARN  Running javac-semanticdb failed for file:///Users/harshagudise/Documents/JavaSE/AreaOfTraingle.java. Output:
/Users/harshagudise/Documents/JavaSE/AreaOfTraingle.java:4: error: <identifier> expected
    int 
       ^
1 error
2023.03.01 15:37:52 WARN  no build target for: /Users/harshagudise/Documents/JavaSE/AreaOfTraingle.java
2023.03.01 15:37:53 WARN  Running javac-semanticdb failed for file:///Users/harshagudise/Documents/JavaSE/AreaOfTraingle.java. Output:
/Users/harshagudise/Documents/JavaSE/AreaOfTraingle.java:4: error: <identifier> expected
    int x,
          ^
1 error
2023.03.01 15:37:57 WARN  no build target for: /Users/harshagudise/Documents/JavaSE/AreaOfTraingle.java
2023.03.01 15:37:58 WARN  Running javac-semanticdb failed for file:///Users/harshagudise/Documents/JavaSE/AreaOfTraingle.java. Output:
/Users/harshagudise/Documents/JavaSE/AreaOfTraingle.java:4: error: <identifier> expected
    float
         ^
1 error
2023.03.01 15:37:58 INFO  time: code lens generation in 1.03s
2023.03.01 15:38:04 WARN  no build target for: /Users/harshagudise/Documents/JavaSE/AreaOfTraingle.java
2023.03.01 15:38:06 INFO  time: code lens generation in 1.48s
Mar 01, 2023 3:38:07 PM org.eclipse.lsp4j.jsonrpc.RemoteEndpoint handleCancellation
WARNING: Unmatched cancel notification for request id 2374
2023.03.01 15:38:10 WARN  no build target for: /Users/harshagudise/Documents/JavaSE/AreaOfTraingle.java
2023.03.01 15:38:12 INFO  time: code lens generation in 1.71s
2023.03.01 15:38:21 WARN  no build target for: /Users/harshagudise/Documents/JavaSE/AreaOfTraingle.java
2023.03.01 15:38:23 WARN  no build target for: /Users/harshagudise/Documents/JavaSE/AreaOfTraingle.java
2023.03.01 15:38:26 WARN  no build target for: /Users/harshagudise/Documents/JavaSE/AreaOfTraingle.java
2023.03.01 15:38:26 INFO  time: code lens generation in 3.03s
2023.03.01 15:38:28 WARN  no build target for: /Users/harshagudise/Documents/JavaSE/AreaOfTraingle.java
2023.03.01 15:38:30 WARN  Running javac-semanticdb failed for file:///Users/harshagudise/Documents/JavaSE/AreaOfTraingle.java. Output:
/Users/harshagudise/Documents/JavaSE/AreaOfTraingle.java:6: error: <identifier> expected
    Sca
       ^
1 error
2023.03.01 15:38:32 WARN  Running javac-semanticdb failed for file:///Users/harshagudise/Documents/JavaSE/AreaOfTraingle.java. Output:
/Users/harshagudise/Documents/JavaSE/AreaOfTraingle.java:6: error: <identifier> expected
    Sca
       ^
1 error
2023.03.01 15:38:32 INFO  time: code lens generation in 10s
2023.03.01 15:38:32 INFO  time: code lens generation in 4.09s
2023.03.01 15:38:32 INFO  time: code lens generation in 5.88s
2023.03.01 15:38:35 WARN  no build target for: /Users/harshagudise/Documents/JavaSE/AreaOfTraingle.java
2023.03.01 15:38:37 WARN  Running javac-semanticdb failed for file:///Users/harshagudise/Documents/JavaSE/AreaOfTraingle.java. Output:
/Users/harshagudise/Documents/JavaSE/AreaOfTraingle.java:6: error: <identifier> expected
    Scanner sc = new 
                    ^
/Users/harshagudise/Documents/JavaSE/AreaOfTraingle.java:7: error: '(' or '[' expected
}
^
2 errors
2023.03.01 15:38:38 WARN  no build target for: /Users/harshagudise/Documents/JavaSE/AreaOfTraingle.java
2023.03.01 15:38:42 WARN  Running javac-semanticdb failed for file:///Users/harshagudise/Documents/JavaSE/AreaOfTraingle.java. Output:
/Users/harshagudise/Documents/JavaSE/AreaOfTraingle.java:6: error: ';' expected
    Scanner sc = new Scanner()
                              ^
1 error
2023.03.01 15:38:42 WARN  no build target for: /Users/harshagudise/Documents/JavaSE/AreaOfTraingle.java
2023.03.01 15:38:44 WARN  no build target for: /Users/harshagudise/Documents/JavaSE/AreaOfTraingle.java
2023.03.01 15:38:45 WARN  Running javac-semanticdb failed for file:///Users/harshagudise/Documents/JavaSE/AreaOfTraingle.java. Output:
/Users/harshagudise/Documents/JavaSE/AreaOfTraingle.java:7: error: '(' or '[' expected
}
^
1 error
2023.03.01 15:38:45 INFO  time: code lens generation in 6.33s
2023.03.01 15:38:45 WARN  no build target for: /Users/harshagudise/Documents/JavaSE/AreaOfTraingle.java
2023.03.01 15:38:46 WARN  Running javac-semanticdb failed for file:///Users/harshagudise/Documents/JavaSE/AreaOfTraingle.java. Output:
/Users/harshagudise/Documents/JavaSE/AreaOfTraingle.java:6: error: ';' expected
    Scanner sc = new Scanner(null)
                                  ^
1 error
2023.03.01 15:38:47 WARN  no build target for: /Users/harshagudise/Documents/JavaSE/AreaOfTraingle.java
2023.03.01 15:38:47 WARN  Running javac-semanticdb failed for file:///Users/harshagudise/Documents/JavaSE/AreaOfTraingle.java. Output:
/Users/harshagudise/Documents/JavaSE/AreaOfTraingle.java:6: error: ';' expected
    Scanner sc = new Scanner(null)
                                  ^
1 error
2023.03.01 15:38:49 INFO  time: code lens generation in 3.27s
2023.03.01 15:39:00 WARN  no build target for: /Users/harshagudise/Documents/JavaSE/AreaOfTraingle.java
2023.03.01 15:39:02 WARN  Running javac-semanticdb failed for file:///Users/harshagudise/Documents/JavaSE/AreaOfTraingle.java. Output:
/Users/harshagudise/Documents/JavaSE/AreaOfTraingle.java:6: error: '(' or '[' expected
    Scanner sc = new Scan);
                         ^
1 error
2023.03.01 15:39:03 WARN  no build target for: /Users/harshagudise/Documents/JavaSE/AreaOfTraingle.java
2023.03.01 15:39:05 WARN  Running javac-semanticdb failed for file:///Users/harshagudise/Documents/JavaSE/AreaOfTraingle.java. Output:
/Users/harshagudise/Documents/JavaSE/AreaOfTraingle.java:6: error: ';' expected
    Scanner sc = new Scanner(s));
                               ^
1 error
2023.03.01 15:39:07 WARN  no build target for: /Users/harshagudise/Documents/JavaSE/AreaOfTraingle.java
2023.03.01 15:39:08 WARN  no build target for: /Users/harshagudise/Documents/JavaSE/AreaOfTraingle.java
2023.03.01 15:39:08 WARN  Running javac-semanticdb failed for file:///Users/harshagudise/Documents/JavaSE/AreaOfTraingle.java. Output:
/Users/harshagudise/Documents/JavaSE/AreaOfTraingle.java:6: error: ';' expected
    Scanner sc = new Scanner(System.in));
                                       ^
1 error
2023.03.01 15:39:09 WARN  no build target for: /Users/harshagudise/Documents/JavaSE/AreaOfTraingle.java
2023.03.01 15:39:15 WARN  no build target for: /Users/harshagudise/Documents/JavaSE/AreaOfTraingle.java
2023.03.01 15:39:17 WARN  no build target for: /Users/harshagudise/Documents/JavaSE/AreaOfTraingle.java
2023.03.01 15:39:18 WARN  Running javac-semanticdb failed for file:///Users/harshagudise/Documents/JavaSE/AreaOfTraingle.java. Output:
/Users/harshagudise/Documents/JavaSE/AreaOfTraingle.java:7: error: <identifier> expected
    x = 
     ^
/Users/harshagudise/Documents/JavaSE/AreaOfTraingle.java:8: error: illegal start of expression
}
^
2 errors
2023.03.01 15:39:20 WARN  no build target for: /Users/harshagudise/Documents/JavaSE/AreaOfTraingle.java
2023.03.01 15:39:21 WARN  Running javac-semanticdb failed for file:///Users/harshagudise/Documents/JavaSE/AreaOfTraingle.java. Output:
/Users/harshagudise/Documents/JavaSE/AreaOfTraingle.java:7: error: <identifier> expected
    x = sc
     ^
/Users/harshagudise/Documents/JavaSE/AreaOfTraingle.java:7: error: ';' expected
    x = sc
          ^
2 errors
2023.03.01 15:39:21 WARN  no build target for: /Users/harshagudise/Documents/JavaSE/AreaOfTraingle.java
2023.03.01 15:39:22 WARN  Running javac-semanticdb failed for file:///Users/harshagudise/Documents/JavaSE/AreaOfTraingle.java. Output:
/Users/harshagudise/Documents/JavaSE/AreaOfTraingle.java:7: error: <identifier> expected
    x = sc.
     ^
/Users/harshagudise/Documents/JavaSE/AreaOfTraingle.java:7: error: <identifier> expected
    x = sc.
           ^
2 errors
2023.03.01 15:39:28 WARN  no build target for: /Users/harshagudise/Documents/JavaSE/AreaOfTraingle.java
2023.03.01 15:39:29 WARN  Running javac-semanticdb failed for file:///Users/harshagudise/Documents/JavaSE/AreaOfTraingle.java. Output:
/Users/harshagudise/Documents/JavaSE/AreaOfTraingle.java:8: error: <identifier> expected
    x = sc.
     ^
/Users/harshagudise/Documents/JavaSE/AreaOfTraingle.java:8: error: <identifier> expected
    x = sc.
           ^
2 errors
2023.03.01 15:39:31 WARN  no build target for: /Users/harshagudise/Documents/JavaSE/AreaOfTraingle.java
2023.03.01 15:39:31 WARN  Running javac-semanticdb failed for file:///Users/harshagudise/Documents/JavaSE/AreaOfTraingle.java. Output:
/Users/harshagudise/Documents/JavaSE/AreaOfTraingle.java:7: error: <identifier> expected
    System.out.println("");
                      ^
/Users/harshagudise/Documents/JavaSE/AreaOfTraingle.java:7: error: illegal start of type
    System.out.println("");
                       ^
/Users/harshagudise/Documents/JavaSE/AreaOfTraingle.java:8: error: <identifier> expected
    x = sc.
     ^
/Users/harshagudise/Documents/JavaSE/AreaOfTraingle.java:8: error: <identifier> expected
    x = sc.
           ^
4 errors
2023.03.01 15:39:35 WARN  no build target for: /Users/harshagudise/Documents/JavaSE/AreaOfTraingle.java
2023.03.01 15:39:36 WARN  Running javac-semanticdb failed for file:///Users/harshagudise/Documents/JavaSE/AreaOfTraingle.java. Output:
/Users/harshagudise/Documents/JavaSE/AreaOfTraingle.java:7: error: <identifier> expected
    System.out.println("Enter the ");
                      ^
/Users/harshagudise/Documents/JavaSE/AreaOfTraingle.java:7: error: illegal start of type
    System.out.println("Enter the ");
                       ^
/Users/harshagudise/Documents/JavaSE/AreaOfTraingle.java:8: error: <identifier> expected
    x = sc.
     ^
/Users/harshagudise/Documents/JavaSE/AreaOfTraingle.java:8: error: <identifier> expected
    x = sc.
           ^
4 errors
2023.03.01 15:39:40 WARN  no build target for: /Users/harshagudise/Documents/JavaSE/AreaOfTraingle.java
2023.03.01 15:39:42 WARN  Running javac-semanticdb failed for file:///Users/harshagudise/Documents/JavaSE/AreaOfTraingle.java. Output:
/Users/harshagudise/Documents/JavaSE/AreaOfTraingle.java:7: error: <identifier> expected
    System.out.println("Enter the length of traingle");
                      ^
/Users/harshagudise/Documents/JavaSE/AreaOfTraingle.java:7: error: illegal start of type
    System.out.println("Enter the length of traingle");
                       ^
/Users/harshagudise/Documents/JavaSE/AreaOfTraingle.java:8: error: <identifier> expected
    x = sc.
     ^
/Users/harshagudise/Documents/JavaSE/AreaOfTraingle.java:8: error: <identifier> expected
    x = sc.
           ^
4 errors
2023.03.01 15:39:43 WARN  no build target for: /Users/harshagudise/Documents/JavaSE/AreaOfTraingle.java
2023.03.01 15:39:44 WARN  Running javac-semanticdb failed for file:///Users/harshagudise/Documents/JavaSE/AreaOfTraingle.java. Output:
/Users/harshagudise/Documents/JavaSE/AreaOfTraingle.java:7: error: <identifier> expected
    System.out.println("Enter the length of traingle: ");
                      ^
/Users/harshagudise/Documents/JavaSE/AreaOfTraingle.java:7: error: illegal start of type
    System.out.println("Enter the length of traingle: ");
                       ^
/Users/harshagudise/Documents/JavaSE/AreaOfTraingle.java:8: error: <identifier> expected
    x = sc.
     ^
/Users/harshagudise/Documents/JavaSE/AreaOfTraingle.java:8: error: <identifier> expected
    x = sc.
           ^
4 errors
2023.03.01 15:40:00 WARN  no build target for: /Users/harshagudise/Documents/JavaSE/AreaOfTraingle.java
2023.03.01 15:40:01 WARN  Running javac-semanticdb failed for file:///Users/harshagudise/Documents/JavaSE/AreaOfTraingle.java. Output:
/Users/harshagudise/Documents/JavaSE/AreaOfTraingle.java:7: error: <identifier> expected
    System.out.println("Enter the length of traingle: ");
                      ^
/Users/harshagudise/Documents/JavaSE/AreaOfTraingle.java:7: error: illegal start of type
    System.out.println("Enter the length of traingle: ");
                       ^
/Users/harshagudise/Documents/JavaSE/AreaOfTraingle.java:8: error: <identifier> expected
    x = sc.ne
     ^
/Users/harshagudise/Documents/JavaSE/AreaOfTraingle.java:8: error: ';' expected
    x = sc.ne
             ^
4 errors
2023.03.01 15:40:06 WARN  no build target for: /Users/harshagudise/Documents/JavaSE/AreaOfTraingle.java
2023.03.01 15:40:07 WARN  Running javac-semanticdb failed for file:///Users/harshagudise/Documents/JavaSE/AreaOfTraingle.java. Output:
/Users/harshagudise/Documents/JavaSE/AreaOfTraingle.java:7: error: <identifier> expected
    System.out.println("Enter the length of traingle: ");
                      ^
/Users/harshagudise/Documents/JavaSE/AreaOfTraingle.java:7: error: illegal start of type
    System.out.println("Enter the length of traingle: ");
                       ^
/Users/harshagudise/Documents/JavaSE/AreaOfTraingle.java:8: error: <identifier> expected
    x = sc
     ^
/Users/harshagudise/Documents/JavaSE/AreaOfTraingle.java:8: error: ';' expected
    x = sc
          ^
4 errors
2023.03.01 15:40:07 WARN  no build target for: /Users/harshagudise/Documents/JavaSE/AreaOfTraingle.java
2023.03.01 15:40:08 WARN  Running javac-semanticdb failed for file:///Users/harshagudise/Documents/JavaSE/AreaOfTraingle.java. Output:
/Users/harshagudise/Documents/JavaSE/AreaOfTraingle.java:7: error: <identifier> expected
    System.out.println("Enter the length of traingle: ");
                      ^
/Users/harshagudise/Documents/JavaSE/AreaOfTraingle.java:7: error: illegal start of type
    System.out.println("Enter the length of traingle: ");
                       ^
/Users/harshagudise/Documents/JavaSE/AreaOfTraingle.java:8: error: <identifier> expected
    x = sc.
     ^
/Users/harshagudise/Documents/JavaSE/AreaOfTraingle.java:8: error: <identifier> expected
    x = sc.
           ^
4 errors
2023.03.01 15:40:10 WARN  no build target for: /Users/harshagudise/Documents/JavaSE/AreaOfTraingle.java
2023.03.01 15:40:11 WARN  Running javac-semanticdb failed for file:///Users/harshagudise/Documents/JavaSE/AreaOfTraingle.java. Output:
/Users/harshagudise/Documents/JavaSE/AreaOfTraingle.java:7: error: <identifier> expected
    System.out.println("Enter the length of traingle: ");
                      ^
/Users/harshagudise/Documents/JavaSE/AreaOfTraingle.java:7: error: illegal start of type
    System.out.println("Enter the length of traingle: ");
                       ^
/Users/harshagudise/Documents/JavaSE/AreaOfTraingle.java:8: error: <identifier> expected
    x = sc.float
     ^
/Users/harshagudise/Documents/JavaSE/AreaOfTraingle.java:8: error: <identifier> expected
    x = sc.float
           ^
/Users/harshagudise/Documents/JavaSE/AreaOfTraingle.java:8: error: <identifier> expected
    x = sc.float
                ^
5 errors
2023.03.01 15:40:11 WARN  no build target for: /Users/harshagudise/Documents/JavaSE/AreaOfTraingle.java
2023.03.01 15:40:12 WARN  Running javac-semanticdb failed for file:///Users/harshagudise/Documents/JavaSE/AreaOfTraingle.java. Output:
/Users/harshagudise/Documents/JavaSE/AreaOfTraingle.java:7: error: <identifier> expected
    System.out.println("Enter the length of traingle: ");
                      ^
/Users/harshagudise/Documents/JavaSE/AreaOfTraingle.java:7: error: illegal start of type
    System.out.println("Enter the length of traingle: ");
                       ^
/Users/harshagudise/Documents/JavaSE/AreaOfTraingle.java:8: error: <identifier> expected
    x = sc.float()
     ^
/Users/harshagudise/Documents/JavaSE/AreaOfTraingle.java:8: error: <identifier> expected
    x = sc.float()
           ^
/Users/harshagudise/Documents/JavaSE/AreaOfTraingle.java:8: error: <identifier> expected
    x = sc.float()
                ^
/Users/harshagudise/Documents/JavaSE/AreaOfTraingle.java:8: error: ';' expected
    x = sc.float()
                  ^
6 errors
2023.03.01 15:40:15 WARN  no build target for: /Users/harshagudise/Documents/JavaSE/AreaOfTraingle.java
2023.03.01 15:40:16 WARN  Running javac-semanticdb failed for file:///Users/harshagudise/Documents/JavaSE/AreaOfTraingle.java. Output:
/Users/harshagudise/Documents/JavaSE/AreaOfTraingle.java:7: error: <identifier> expected
    System.out.println("Enter the length of traingle: ");
                      ^
/Users/harshagudise/Documents/JavaSE/AreaOfTraingle.java:7: error: illegal start of type
    System.out.println("Enter the length of traingle: ");
                       ^
/Users/harshagudise/Documents/JavaSE/AreaOfTraingle.java:8: error: <identifier> expected
    x = sc.float();
     ^
/Users/harshagudise/Documents/JavaSE/AreaOfTraingle.java:8: error: <identifier> expected
    x = sc.float();
           ^
/Users/harshagudise/Documents/JavaSE/AreaOfTraingle.java:8: error: <identifier> expected
    x = sc.float();
                ^
5 errors
2023.03.01 15:40:36 WARN  no build target for: /Users/harshagudise/Documents/JavaSE/AreaOfTraingle.java
2023.03.01 15:40:37 WARN  no build target for: /Users/harshagudise/Documents/JavaSE/AreaOfTraingle.java
2023.03.01 15:40:37 WARN  Running javac-semanticdb failed for file:///Users/harshagudise/Documents/JavaSE/AreaOfTraingle.java. Output:
/Users/harshagudise/Documents/JavaSE/AreaOfTraingle.java:7: error: <identifier> expected
    System.outprintln("Enter the length of traingle: ");
                     ^
/Users/harshagudise/Documents/JavaSE/AreaOfTraingle.java:7: error: illegal start of type
    System.outprintln("Enter the length of traingle: ");
                      ^
/Users/harshagudise/Documents/JavaSE/AreaOfTraingle.java:8: error: <identifier> expected
    x = sc.float();
     ^
/Users/harshagudise/Documents/JavaSE/AreaOfTraingle.java:8: error: <identifier> expected
    x = sc.float();
           ^
/Users/harshagudise/Documents/JavaSE/AreaOfTraingle.java:8: error: <identifier> expected
    x = sc.float();
                ^
5 errors
2023.03.01 15:40:38 WARN  Running javac-semanticdb failed for file:///Users/harshagudise/Documents/JavaSE/AreaOfTraingle.java. Output:
/Users/harshagudise/Documents/JavaSE/AreaOfTraingle.java:7: error: <identifier> expected
    System.out.println("Enter the length of traingle: ");
                      ^
/Users/harshagudise/Documents/JavaSE/AreaOfTraingle.java:7: error: illegal start of type
    System.out.println("Enter the length of traingle: ");
                       ^
/Users/harshagudise/Documents/JavaSE/AreaOfTraingle.java:8: error: <identifier> expected
    x = sc.float();
     ^
/Users/harshagudise/Documents/JavaSE/AreaOfTraingle.java:8: error: <identifier> expected
    x = sc.float();
           ^
/Users/harshagudise/Documents/JavaSE/AreaOfTraingle.java:8: error: <identifier> expected
    x = sc.float();
                ^
5 errors
2023.03.01 15:40:38 INFO  time: code lens generation in 2.14s
2023.03.01 15:40:39 WARN  no build target for: /Users/harshagudise/Documents/JavaSE/AreaOfTraingle.java
2023.03.01 15:40:56 WARN  no build target for: /Users/harshagudise/Documents/JavaSE/AreaOfTraingle.java
2023.03.01 15:40:58 WARN  Running javac-semanticdb failed for file:///Users/harshagudise/Documents/JavaSE/AreaOfTraingle.java. Output:
/Users/harshagudise/Documents/JavaSE/AreaOfTraingle.java:7: error: <identifier> expected
    System.out.println("Enter the length of traingle: ");
                      ^
/Users/harshagudise/Documents/JavaSE/AreaOfTraingle.java:7: error: illegal start of type
    System.out.println("Enter the length of traingle: ");
                       ^
/Users/harshagudise/Documents/JavaSE/AreaOfTraingle.java:8: error: <identifier> expected
    x = sc.ne
     ^
/Users/harshagudise/Documents/JavaSE/AreaOfTraingle.java:8: error: ';' expected
    x = sc.ne
             ^
4 errors
2023.03.01 15:40:58 WARN  no build target for: /Users/harshagudise/Documents/JavaSE/AreaOfTraingle.java
2023.03.01 15:40:59 WARN  Running javac-semanticdb failed for file:///Users/harshagudise/Documents/JavaSE/AreaOfTraingle.java. Output:
/Users/harshagudise/Documents/JavaSE/AreaOfTraingle.java:7: error: <identifier> expected
    System.out.println("Enter the length of traingle: ");
                      ^
/Users/harshagudise/Documents/JavaSE/AreaOfTraingle.java:7: error: illegal start of type
    System.out.println("Enter the length of traingle: ");
                       ^
/Users/harshagudise/Documents/JavaSE/AreaOfTraingle.java:8: error: <identifier> expected
    x = sc.next
     ^
/Users/harshagudise/Documents/JavaSE/AreaOfTraingle.java:8: error: ';' expected
    x = sc.next
               ^
4 errors
2023.03.01 15:41:02 WARN  no build target for: /Users/harshagudise/Documents/JavaSE/AreaOfTraingle.java
2023.03.01 15:41:02 WARN  Running javac-semanticdb failed for file:///Users/harshagudise/Documents/JavaSE/AreaOfTraingle.java. Output:
/Users/harshagudise/Documents/JavaSE/AreaOfTraingle.java:7: error: <identifier> expected
    System.out.println("Enter the length of traingle: ");
                      ^
/Users/harshagudise/Documents/JavaSE/AreaOfTraingle.java:7: error: illegal start of type
    System.out.println("Enter the length of traingle: ");
                       ^
/Users/harshagudise/Documents/JavaSE/AreaOfTraingle.java:8: error: <identifier> expected
    x = sc.
     ^
/Users/harshagudise/Documents/JavaSE/AreaOfTraingle.java:8: error: <identifier> expected
    x = sc.
           ^
4 errors
2023.03.01 15:41:25 WARN  no build target for: /Users/harshagudise/Documents/JavaSE/AreaOfTraingle.java
2023.03.01 15:41:26 WARN  Running javac-semanticdb failed for file:///Users/harshagudise/Documents/JavaSE/AreaOfTraingle.java. Output:
/Users/harshagudise/Documents/JavaSE/AreaOfTraingle.java:7: error: <identifier> expected
    System.out.println("Enter the length of traingle: ");
                      ^
/Users/harshagudise/Documents/JavaSE/AreaOfTraingle.java:7: error: illegal start of type
    System.out.println("Enter the length of traingle: ");
                       ^
/Users/harshagudise/Documents/JavaSE/AreaOfTraingle.java:8: error: <identifier> expected
    x = sc.next
     ^
/Users/harshagudise/Documents/JavaSE/AreaOfTraingle.java:8: error: ';' expected
    x = sc.next
               ^
4 errors
2023.03.01 15:41:32 WARN  no build target for: /Users/harshagudise/Documents/JavaSE/AreaOfTraingle.java
2023.03.01 15:41:33 WARN  Running javac-semanticdb failed for file:///Users/harshagudise/Documents/JavaSE/AreaOfTraingle.java. Output:
/Users/harshagudise/Documents/JavaSE/AreaOfTraingle.java:7: error: <identifier> expected
    System.out.println("Enter the length of traingle: ");
                      ^
/Users/harshagudise/Documents/JavaSE/AreaOfTraingle.java:7: error: illegal start of type
    System.out.println("Enter the length of traingle: ");
                       ^
/Users/harshagudise/Documents/JavaSE/AreaOfTraingle.java:8: error: <identifier> expected
    x = sc.nextFloat()
     ^
/Users/harshagudise/Documents/JavaSE/AreaOfTraingle.java:8: error: ';' expected
    x = sc.nextFloat()
                      ^
4 errors
2023.03.01 15:41:33 WARN  no build target for: /Users/harshagudise/Documents/JavaSE/AreaOfTraingle.java
2023.03.01 15:41:35 WARN  Running javac-semanticdb failed for file:///Users/harshagudise/Documents/JavaSE/AreaOfTraingle.java. Output:
/Users/harshagudise/Documents/JavaSE/AreaOfTraingle.java:7: error: <identifier> expected
    System.out.println("Enter the length of traingle: ");
                      ^
/Users/harshagudise/Documents/JavaSE/AreaOfTraingle.java:7: error: illegal start of type
    System.out.println("Enter the length of traingle: ");
                       ^
/Users/harshagudise/Documents/JavaSE/AreaOfTraingle.java:8: error: <identifier> expected
    x = sc.nextFloat();
     ^
3 errors
2023.03.01 15:41:35 WARN  no build target for: /Users/harshagudise/Documents/JavaSE/AreaOfTraingle.java
2023.03.01 15:41:36 WARN  Running javac-semanticdb failed for file:///Users/harshagudise/Documents/JavaSE/AreaOfTraingle.java. Output:
/Users/harshagudise/Documents/JavaSE/AreaOfTraingle.java:7: error: <identifier> expected
    System.out.println("Enter the length of traingle: ");
                      ^
/Users/harshagudise/Documents/JavaSE/AreaOfTraingle.java:7: error: illegal start of type
    System.out.println("Enter the length of traingle: ");
                       ^
/Users/harshagudise/Documents/JavaSE/AreaOfTraingle.java:8: error: <identifier> expected
    x = sc.nextFloat();
     ^
3 errors
2023.03.01 15:41:36 INFO  time: code lens generation in 1.92s
2023.03.01 15:41:38 WARN  no build target for: /Users/harshagudise/Documents/JavaSE/AreaOfTraingle.java
2023.03.01 15:41:40 WARN  Running javac-semanticdb failed for file:///Users/harshagudise/Documents/JavaSE/AreaOfTraingle.java. Output:
/Users/harshagudise/Documents/JavaSE/AreaOfTraingle.java:7: error: <identifier> expected
    System.out.println("Enter the length of traingle: ");
                      ^
/Users/harshagudise/Documents/JavaSE/AreaOfTraingle.java:7: error: illegal start of type
    System.out.println("Enter the length of traingle: ");
                       ^
/Users/harshagudise/Documents/JavaSE/AreaOfTraingle.java:8: error: <identifier> expected
    x = sc.nextFloat();
     ^
/Users/harshagudise/Documents/JavaSE/AreaOfTraingle.java:9: error: <identifier> expected
    S
     ^
4 errors
2023.03.01 15:41:41 WARN  no build target for: /Users/harshagudise/Documents/JavaSE/AreaOfTraingle.java
2023.03.01 15:41:42 WARN  Running javac-semanticdb failed for file:///Users/harshagudise/Documents/JavaSE/AreaOfTraingle.java. Output:
/Users/harshagudise/Documents/JavaSE/AreaOfTraingle.java:7: error: <identifier> expected
    System.out.println("Enter the length of traingle: ");
                      ^
/Users/harshagudise/Documents/JavaSE/AreaOfTraingle.java:7: error: illegal start of type
    System.out.println("Enter the length of traingle: ");
                       ^
/Users/harshagudise/Documents/JavaSE/AreaOfTraingle.java:8: error: <identifier> expected
    x = sc.nextFloat();
     ^
/Users/harshagudise/Documents/JavaSE/AreaOfTraingle.java:9: error: <identifier> expected
    System.out.println("");
                      ^
/Users/harshagudise/Documents/JavaSE/AreaOfTraingle.java:9: error: illegal start of type
    System.out.println("");
                       ^
5 errors
2023.03.01 15:41:58 WARN  no build target for: /Users/harshagudise/Documents/JavaSE/AreaOfTraingle.java
2023.03.01 15:41:59 WARN  Running javac-semanticdb failed for file:///Users/harshagudise/Documents/JavaSE/AreaOfTraingle.java. Output:
/Users/harshagudise/Documents/JavaSE/AreaOfTraingle.java:7: error: <identifier> expected
    System.out.println("Enter the length of traingle: ");
                      ^
/Users/harshagudise/Documents/JavaSE/AreaOfTraingle.java:7: error: illegal start of type
    System.out.println("Enter the length of traingle: ");
                       ^
/Users/harshagudise/Documents/JavaSE/AreaOfTraingle.java:8: error: <identifier> expected
    x = sc.nextFloat();
     ^
/Users/harshagudise/Documents/JavaSE/AreaOfTraingle.java:9: error: <identifier> expected
    System.out.println("Enter the breadth of traingle ");
                      ^
/Users/harshagudise/Documents/JavaSE/AreaOfTraingle.java:9: error: illegal start of type
    System.out.println("Enter the breadth of traingle ");
                       ^
5 errors
2023.03.01 15:42:03 WARN  no build target for: /Users/harshagudise/Documents/JavaSE/AreaOfTraingle.java
2023.03.01 15:42:04 WARN  Running javac-semanticdb failed for file:///Users/harshagudise/Documents/JavaSE/AreaOfTraingle.java. Output:
/Users/harshagudise/Documents/JavaSE/AreaOfTraingle.java:7: error: <identifier> expected
    System.out.println("Enter the length of traingle: ");
                      ^
/Users/harshagudise/Documents/JavaSE/AreaOfTraingle.java:7: error: illegal start of type
    System.out.println("Enter the length of traingle: ");
                       ^
/Users/harshagudise/Documents/JavaSE/AreaOfTraingle.java:8: error: <identifier> expected
    x = sc.nextFloat();
     ^
/Users/harshagudise/Documents/JavaSE/AreaOfTraingle.java:9: error: <identifier> expected
    System.out.println("Enter the breadth of traingle: ");
                      ^
/Users/harshagudise/Documents/JavaSE/AreaOfTraingle.java:9: error: illegal start of type
    System.out.println("Enter the breadth of traingle: ");
                       ^
5 errors
2023.03.01 15:42:10 WARN  no build target for: /Users/harshagudise/Documents/JavaSE/AreaOfTraingle.java
2023.03.01 15:42:11 WARN  Running javac-semanticdb failed for file:///Users/harshagudise/Documents/JavaSE/AreaOfTraingle.java. Output:
/Users/harshagudise/Documents/JavaSE/AreaOfTraingle.java:7: error: <identifier> expected
    System.out.println("Enter the length of traingle: ");
                      ^
/Users/harshagudise/Documents/JavaSE/AreaOfTraingle.java:7: error: illegal start of type
    System.out.println("Enter the length of traingle: ");
                       ^
/Users/harshagudise/Documents/JavaSE/AreaOfTraingle.java:8: error: <identifier> expected
    x = sc.nextFloat();
     ^
/Users/harshagudise/Documents/JavaSE/AreaOfTraingle.java:9: error: <identifier> expected
    System.out.println("Enter the breadth of traingle: ");
                      ^
/Users/harshagudise/Documents/JavaSE/AreaOfTraingle.java:9: error: illegal start of type
    System.out.println("Enter the breadth of traingle: ");
                       ^
/Users/harshagudise/Documents/JavaSE/AreaOfTraingle.java:10: error: <identifier> expected
    y = sc.
     ^
/Users/harshagudise/Documents/JavaSE/AreaOfTraingle.java:10: error: <identifier> expected
    y = sc.
           ^
7 errors
2023.03.01 15:42:13 WARN  no build target for: /Users/harshagudise/Documents/JavaSE/AreaOfTraingle.java
2023.03.01 15:42:14 WARN  Running javac-semanticdb failed for file:///Users/harshagudise/Documents/JavaSE/AreaOfTraingle.java. Output:
/Users/harshagudise/Documents/JavaSE/AreaOfTraingle.java:7: error: <identifier> expected
    System.out.println("Enter the length of traingle: ");
                      ^
/Users/harshagudise/Documents/JavaSE/AreaOfTraingle.java:7: error: illegal start of type
    System.out.println("Enter the length of traingle: ");
                       ^
/Users/harshagudise/Documents/JavaSE/AreaOfTraingle.java:8: error: <identifier> expected
    x = sc.nextFloat();
     ^
/Users/harshagudise/Documents/JavaSE/AreaOfTraingle.java:9: error: <identifier> expected
    System.out.println("Enter the breadth of traingle: ");
                      ^
/Users/harshagudise/Documents/JavaSE/AreaOfTraingle.java:9: error: illegal start of type
    System.out.println("Enter the breadth of traingle: ");
                       ^
/Users/harshagudise/Documents/JavaSE/AreaOfTraingle.java:10: error: <identifier> expected
    y = sc.nextFloat
     ^
/Users/harshagudise/Documents/JavaSE/AreaOfTraingle.java:10: error: ';' expected
    y = sc.nextFloat
                    ^
7 errors
2023.03.01 15:42:16 WARN  no build target for: /Users/harshagudise/Documents/JavaSE/AreaOfTraingle.java
2023.03.01 15:42:17 WARN  Running javac-semanticdb failed for file:///Users/harshagudise/Documents/JavaSE/AreaOfTraingle.java. Output:
/Users/harshagudise/Documents/JavaSE/AreaOfTraingle.java:7: error: <identifier> expected
    System.out.println("Enter the length of traingle: ");
                      ^
/Users/harshagudise/Documents/JavaSE/AreaOfTraingle.java:7: error: illegal start of type
    System.out.println("Enter the length of traingle: ");
                       ^
/Users/harshagudise/Documents/JavaSE/AreaOfTraingle.java:8: error: <identifier> expected
    x = sc.nextFloat();
     ^
/Users/harshagudise/Documents/JavaSE/AreaOfTraingle.java:9: error: <identifier> expected
    System.out.println("Enter the breadth of traingle: ");
                      ^
/Users/harshagudise/Documents/JavaSE/AreaOfTraingle.java:9: error: illegal start of type
    System.out.println("Enter the breadth of traingle: ");
                       ^
/Users/harshagudise/Documents/JavaSE/AreaOfTraingle.java:10: error: <identifier> expected
    y = sc.nextFloat();
     ^
6 errors
2023.03.01 15:42:21 WARN  no build target for: /Users/harshagudise/Documents/JavaSE/AreaOfTraingle.java
2023.03.01 15:42:22 WARN  Running javac-semanticdb failed for file:///Users/harshagudise/Documents/JavaSE/AreaOfTraingle.java. Output:
/Users/harshagudise/Documents/JavaSE/AreaOfTraingle.java:7: error: <identifier> expected
    System.out.println("Enter the length of traingle: ");
                      ^
/Users/harshagudise/Documents/JavaSE/AreaOfTraingle.java:7: error: illegal start of type
    System.out.println("Enter the length of traingle: ");
                       ^
/Users/harshagudise/Documents/JavaSE/AreaOfTraingle.java:8: error: <identifier> expected
    x = sc.nextFloat();
     ^
/Users/harshagudise/Documents/JavaSE/AreaOfTraingle.java:9: error: <identifier> expected
    System.out.println("Enter the breadth of traingle: ");
                      ^
/Users/harshagudise/Documents/JavaSE/AreaOfTraingle.java:9: error: illegal start of type
    System.out.println("Enter the breadth of traingle: ");
                       ^
/Users/harshagudise/Documents/JavaSE/AreaOfTraingle.java:10: error: <identifier> expected
    y = sc.nextFloat();
     ^
/Users/harshagudise/Documents/JavaSE/AreaOfTraingle.java:11: error: <identifier> expected
    sop
       ^
7 errors
2023.03.01 15:42:23 WARN  no build target for: /Users/harshagudise/Documents/JavaSE/AreaOfTraingle.java
2023.03.01 15:42:24 WARN  Running javac-semanticdb failed for file:///Users/harshagudise/Documents/JavaSE/AreaOfTraingle.java. Output:
/Users/harshagudise/Documents/JavaSE/AreaOfTraingle.java:7: error: <identifier> expected
    System.out.println("Enter the length of traingle: ");
                      ^
/Users/harshagudise/Documents/JavaSE/AreaOfTraingle.java:7: error: illegal start of type
    System.out.println("Enter the length of traingle: ");
                       ^
/Users/harshagudise/Documents/JavaSE/AreaOfTraingle.java:8: error: <identifier> expected
    x = sc.nextFloat();
     ^
/Users/harshagudise/Documents/JavaSE/AreaOfTraingle.java:9: error: <identifier> expected
    System.out.println("Enter the breadth of traingle: ");
                      ^
/Users/harshagudise/Documents/JavaSE/AreaOfTraingle.java:9: error: illegal start of type
    System.out.println("Enter the breadth of traingle: ");
                       ^
/Users/harshagudise/Documents/JavaSE/AreaOfTraingle.java:10: error: <identifier> expected
    y = sc.nextFloat();
     ^
/Users/harshagudise/Documents/JavaSE/AreaOfTraingle.java:11: error: <identifier> expected
    System.out.println("");
                      ^
/Users/harshagudise/Documents/JavaSE/AreaOfTraingle.java:11: error: illegal start of type
    System.out.println("");
                       ^
8 errors
Mar 01, 2023 3:42:40 PM org.eclipse.lsp4j.jsonrpc.RemoteEndpoint handleCancellation
WARNING: Unmatched cancel notification for request id 3012
2023.03.01 15:42:41 WARN  no build target for: /Users/harshagudise/Documents/JavaSE/AreaOfTraingle.java
2023.03.01 15:42:43 WARN  Running javac-semanticdb failed for file:///Users/harshagudise/Documents/JavaSE/AreaOfTraingle.java. Output:
/Users/harshagudise/Documents/JavaSE/AreaOfTraingle.java:7: error: <identifier> expected
    System.out.println("Enter the length of traingle: ");
                      ^
/Users/harshagudise/Documents/JavaSE/AreaOfTraingle.java:7: error: illegal start of type
    System.out.println("Enter the length of traingle: ");
                       ^
/Users/harshagudise/Documents/JavaSE/AreaOfTraingle.java:8: error: <identifier> expected
    x = sc.nextFloat();
     ^
/Users/harshagudise/Documents/JavaSE/AreaOfTraingle.java:9: error: <identifier> expected
    System.out.println("Enter the breadth of traingle: ");
                      ^
/Users/harshagudise/Documents/JavaSE/AreaOfTraingle.java:9: error: illegal start of type
    System.out.println("Enter the breadth of traingle: ");
                       ^
/Users/harshagudise/Documents/JavaSE/AreaOfTraingle.java:10: error: <identifier> expected
    y = sc.nextFloat();
     ^
/Users/harshagudise/Documents/JavaSE/AreaOfTraingle.java:11: error: <identifier> expected
    System.out.println("Area of the traingle ");
                      ^
/Users/harshagudise/Documents/JavaSE/AreaOfTraingle.java:11: error: illegal start of type
    System.out.println("Area of the traingle ");
                       ^
8 errors
2023.03.01 15:42:43 WARN  no build target for: /Users/harshagudise/Documents/JavaSE/AreaOfTraingle.java
2023.03.01 15:42:45 WARN  Running javac-semanticdb failed for file:///Users/harshagudise/Documents/JavaSE/AreaOfTraingle.java. Output:
/Users/harshagudise/Documents/JavaSE/AreaOfTraingle.java:7: error: <identifier> expected
    System.out.println("Enter the length of traingle: ");
                      ^
/Users/harshagudise/Documents/JavaSE/AreaOfTraingle.java:7: error: illegal start of type
    System.out.println("Enter the length of traingle: ");
                       ^
/Users/harshagudise/Documents/JavaSE/AreaOfTraingle.java:8: error: <identifier> expected
    x = sc.nextFloat();
     ^
/Users/harshagudise/Documents/JavaSE/AreaOfTraingle.java:9: error: <identifier> expected
    System.out.println("Enter the breadth of traingle: ");
                      ^
/Users/harshagudise/Documents/JavaSE/AreaOfTraingle.java:9: error: illegal start of type
    System.out.println("Enter the breadth of traingle: ");
                       ^
/Users/harshagudise/Documents/JavaSE/AreaOfTraingle.java:10: error: <identifier> expected
    y = sc.nextFloat();
     ^
/Users/harshagudise/Documents/JavaSE/AreaOfTraingle.java:11: error: <identifier> expected
    System.out.println("Area of the traingle %d");
                      ^
/Users/harshagudise/Documents/JavaSE/AreaOfTraingle.java:11: error: illegal start of type
    System.out.println("Area of the traingle %d");
                       ^
8 errors
2023.03.01 15:42:45 WARN  no build target for: /Users/harshagudise/Documents/JavaSE/AreaOfTraingle.java
2023.03.01 15:42:46 WARN  Running javac-semanticdb failed for file:///Users/harshagudise/Documents/JavaSE/AreaOfTraingle.java. Output:
/Users/harshagudise/Documents/JavaSE/AreaOfTraingle.java:7: error: <identifier> expected
    System.out.println("Enter the length of traingle: ");
                      ^
/Users/harshagudise/Documents/JavaSE/AreaOfTraingle.java:7: error: illegal start of type
    System.out.println("Enter the length of traingle: ");
                       ^
/Users/harshagudise/Documents/JavaSE/AreaOfTraingle.java:8: error: <identifier> expected
    x = sc.nextFloat();
     ^
/Users/harshagudise/Documents/JavaSE/AreaOfTraingle.java:9: error: <identifier> expected
    System.out.println("Enter the breadth of traingle: ");
                      ^
/Users/harshagudise/Documents/JavaSE/AreaOfTraingle.java:9: error: illegal start of type
    System.out.println("Enter the breadth of traingle: ");
                       ^
/Users/harshagudise/Documents/JavaSE/AreaOfTraingle.java:10: error: <identifier> expected
    y = sc.nextFloat();
     ^
/Users/harshagudise/Documents/JavaSE/AreaOfTraingle.java:11: error: <identifier> expected
    System.out.println("Area of the traingle ");
                      ^
/Users/harshagudise/Documents/JavaSE/AreaOfTraingle.java:11: error: illegal start of type
    System.out.println("Area of the traingle ");
                       ^
8 errors
2023.03.01 15:43:22 WARN  no build target for: /Users/harshagudise/Documents/JavaSE/AreaOfTraingle.java
2023.03.01 15:43:23 WARN  Running javac-semanticdb failed for file:///Users/harshagudise/Documents/JavaSE/AreaOfTraingle.java. Output:
/Users/harshagudise/Documents/JavaSE/AreaOfTraingle.java:7: error: <identifier> expected
    System.out.println("Enter the length of traingle: ");
                      ^
/Users/harshagudise/Documents/JavaSE/AreaOfTraingle.java:7: error: illegal start of type
    System.out.println("Enter the length of traingle: ");
                       ^
/Users/harshagudise/Documents/JavaSE/AreaOfTraingle.java:8: error: <identifier> expected
    x = sc.nextFloat();
     ^
/Users/harshagudise/Documents/JavaSE/AreaOfTraingle.java:9: error: <identifier> expected
    System.out.println("Enter the breadth of traingle: ");
                      ^
/Users/harshagudise/Documents/JavaSE/AreaOfTraingle.java:9: error: illegal start of type
    System.out.println("Enter the breadth of traingle: ");
                       ^
/Users/harshagudise/Documents/JavaSE/AreaOfTraingle.java:10: error: <identifier> expected
    y = sc.nextFloat();
     ^
/Users/harshagudise/Documents/JavaSE/AreaOfTraingle.java:11: error: <identifier> expected
    System.out.println("Area of the traingle %f");
                      ^
/Users/harshagudise/Documents/JavaSE/AreaOfTraingle.java:11: error: illegal start of type
    System.out.println("Area of the traingle %f");
                       ^
8 errors
2023.03.01 15:43:24 WARN  no build target for: /Users/harshagudise/Documents/JavaSE/AreaOfTraingle.java
2023.03.01 15:43:25 WARN  Running javac-semanticdb failed for file:///Users/harshagudise/Documents/JavaSE/AreaOfTraingle.java. Output:
/Users/harshagudise/Documents/JavaSE/AreaOfTraingle.java:7: error: <identifier> expected
    System.out.println("Enter the length of traingle: ");
                      ^
/Users/harshagudise/Documents/JavaSE/AreaOfTraingle.java:7: error: illegal start of type
    System.out.println("Enter the length of traingle: ");
                       ^
/Users/harshagudise/Documents/JavaSE/AreaOfTraingle.java:8: error: <identifier> expected
    x = sc.nextFloat();
     ^
/Users/harshagudise/Documents/JavaSE/AreaOfTraingle.java:9: error: <identifier> expected
    System.out.println("Enter the breadth of traingle: ");
                      ^
/Users/harshagudise/Documents/JavaSE/AreaOfTraingle.java:9: error: illegal start of type
    System.out.println("Enter the breadth of traingle: ");
                       ^
/Users/harshagudise/Documents/JavaSE/AreaOfTraingle.java:10: error: <identifier> expected
    y = sc.nextFloat();
     ^
/Users/harshagudise/Documents/JavaSE/AreaOfTraingle.java:11: error: <identifier> expected
    System.out.println("Area of the traingle %f ");
                      ^
/Users/harshagudise/Documents/JavaSE/AreaOfTraingle.java:11: error: illegal start of type
    System.out.println("Area of the traingle %f ");
                       ^
8 errors
2023.03.01 15:43:27 WARN  no build target for: /Users/harshagudise/Documents/JavaSE/AreaOfTraingle.java
2023.03.01 15:43:27 WARN  Running javac-semanticdb failed for file:///Users/harshagudise/Documents/JavaSE/AreaOfTraingle.java. Output:
/Users/harshagudise/Documents/JavaSE/AreaOfTraingle.java:7: error: <identifier> expected
    System.out.println("Enter the length of traingle: ");
                      ^
/Users/harshagudise/Documents/JavaSE/AreaOfTraingle.java:7: error: illegal start of type
    System.out.println("Enter the length of traingle: ");
                       ^
/Users/harshagudise/Documents/JavaSE/AreaOfTraingle.java:8: error: <identifier> expected
    x = sc.nextFloat();
     ^
/Users/harshagudise/Documents/JavaSE/AreaOfTraingle.java:9: error: <identifier> expected
    System.out.println("Enter the breadth of traingle: ");
                      ^
/Users/harshagudise/Documents/JavaSE/AreaOfTraingle.java:9: error: illegal start of type
    System.out.println("Enter the breadth of traingle: ");
                       ^
/Users/harshagudise/Documents/JavaSE/AreaOfTraingle.java:10: error: <identifier> expected
    y = sc.nextFloat();
     ^
/Users/harshagudise/Documents/JavaSE/AreaOfTraingle.java:11: error: <identifier> expected
    System.out.println("Area of the traingle %f %f");
                      ^
/Users/harshagudise/Documents/JavaSE/AreaOfTraingle.java:11: error: illegal start of type
    System.out.println("Area of the traingle %f %f");
                       ^
8 errors
2023.03.01 15:43:30 WARN  no build target for: /Users/harshagudise/Documents/JavaSE/AreaOfTraingle.java
2023.03.01 15:43:31 WARN  no build target for: /Users/harshagudise/Documents/JavaSE/AreaOfTraingle.java
2023.03.01 15:43:31 WARN  Running javac-semanticdb failed for file:///Users/harshagudise/Documents/JavaSE/AreaOfTraingle.java. Output:
/Users/harshagudise/Documents/JavaSE/AreaOfTraingle.java:7: error: <identifier> expected
    System.out.println("Enter the length of traingle: ");
                      ^
/Users/harshagudise/Documents/JavaSE/AreaOfTraingle.java:7: error: illegal start of type
    System.out.println("Enter the length of traingle: ");
                       ^
/Users/harshagudise/Documents/JavaSE/AreaOfTraingle.java:8: error: <identifier> expected
    x = sc.nextFloat();
     ^
/Users/harshagudise/Documents/JavaSE/AreaOfTraingle.java:9: error: <identifier> expected
    System.out.println("Enter the breadth of traingle: ");
                      ^
/Users/harshagudise/Documents/JavaSE/AreaOfTraingle.java:9: error: illegal start of type
    System.out.println("Enter the breadth of traingle: ");
                       ^
/Users/harshagudise/Documents/JavaSE/AreaOfTraingle.java:10: error: <identifier> expected
    y = sc.nextFloat();
     ^
/Users/harshagudise/Documents/JavaSE/AreaOfTraingle.java:11: error: <identifier> expected
    System.out.println("Area of the traingle %f %f ");
                      ^
/Users/harshagudise/Documents/JavaSE/AreaOfTraingle.java:11: error: illegal start of type
    System.out.println("Area of the traingle %f %f ");
                       ^
8 errors
2023.03.01 15:43:32 WARN  Running javac-semanticdb failed for file:///Users/harshagudise/Documents/JavaSE/AreaOfTraingle.java. Output:
/Users/harshagudise/Documents/JavaSE/AreaOfTraingle.java:7: error: <identifier> expected
    System.out.println("Enter the length of traingle: ");
                      ^
/Users/harshagudise/Documents/JavaSE/AreaOfTraingle.java:7: error: illegal start of type
    System.out.println("Enter the length of traingle: ");
                       ^
/Users/harshagudise/Documents/JavaSE/AreaOfTraingle.java:8: error: <identifier> expected
    x = sc.nextFloat();
     ^
/Users/harshagudise/Documents/JavaSE/AreaOfTraingle.java:9: error: <identifier> expected
    System.out.println("Enter the breadth of traingle: ");
                      ^
/Users/harshagudise/Documents/JavaSE/AreaOfTraingle.java:9: error: illegal start of type
    System.out.println("Enter the breadth of traingle: ");
                       ^
/Users/harshagudise/Documents/JavaSE/AreaOfTraingle.java:10: error: <identifier> expected
    y = sc.nextFloat();
     ^
/Users/harshagudise/Documents/JavaSE/AreaOfTraingle.java:11: error: <identifier> expected
    System.out.println("Area of the traingle %f %f ",);
                      ^
/Users/harshagudise/Documents/JavaSE/AreaOfTraingle.java:11: error: illegal start of type
    System.out.println("Area of the traingle %f %f ",);
                       ^
8 errors
2023.03.01 15:43:32 INFO  time: code lens generation in 1.87s
2023.03.01 15:43:35 WARN  no build target for: /Users/harshagudise/Documents/JavaSE/AreaOfTraingle.java
2023.03.01 15:43:36 WARN  Running javac-semanticdb failed for file:///Users/harshagudise/Documents/JavaSE/AreaOfTraingle.java. Output:
/Users/harshagudise/Documents/JavaSE/AreaOfTraingle.java:7: error: <identifier> expected
    System.out.println("Enter the length of traingle: ");
                      ^
/Users/harshagudise/Documents/JavaSE/AreaOfTraingle.java:7: error: illegal start of type
    System.out.println("Enter the length of traingle: ");
                       ^
/Users/harshagudise/Documents/JavaSE/AreaOfTraingle.java:8: error: <identifier> expected
    x = sc.nextFloat();
     ^
/Users/harshagudise/Documents/JavaSE/AreaOfTraingle.java:9: error: <identifier> expected
    System.out.println("Enter the breadth of traingle: ");
                      ^
/Users/harshagudise/Documents/JavaSE/AreaOfTraingle.java:9: error: illegal start of type
    System.out.println("Enter the breadth of traingle: ");
                       ^
/Users/harshagudise/Documents/JavaSE/AreaOfTraingle.java:10: error: <identifier> expected
    y = sc.nextFloat();
     ^
/Users/harshagudise/Documents/JavaSE/AreaOfTraingle.java:11: error: <identifier> expected
    System.out.println("Area of the traingle %f %f ",x,y,);
                      ^
/Users/harshagudise/Documents/JavaSE/AreaOfTraingle.java:11: error: illegal start of type
    System.out.println("Area of the traingle %f %f ",x,y,);
                       ^
8 errors
2023.03.01 15:43:38 WARN  no build target for: /Users/harshagudise/Documents/JavaSE/AreaOfTraingle.java
2023.03.01 15:43:40 WARN  Running javac-semanticdb failed for file:///Users/harshagudise/Documents/JavaSE/AreaOfTraingle.java. Output:
/Users/harshagudise/Documents/JavaSE/AreaOfTraingle.java:7: error: <identifier> expected
    System.out.println("Enter the length of traingle: ");
                      ^
/Users/harshagudise/Documents/JavaSE/AreaOfTraingle.java:7: error: illegal start of type
    System.out.println("Enter the length of traingle: ");
                       ^
/Users/harshagudise/Documents/JavaSE/AreaOfTraingle.java:8: error: <identifier> expected
    x = sc.nextFloat();
     ^
/Users/harshagudise/Documents/JavaSE/AreaOfTraingle.java:9: error: <identifier> expected
    System.out.println("Enter the breadth of traingle: ");
                      ^
/Users/harshagudise/Documents/JavaSE/AreaOfTraingle.java:9: error: illegal start of type
    System.out.println("Enter the breadth of traingle: ");
                       ^
/Users/harshagudise/Documents/JavaSE/AreaOfTraingle.java:10: error: <identifier> expected
    y = sc.nextFloat();
     ^
/Users/harshagudise/Documents/JavaSE/AreaOfTraingle.java:11: error: <identifier> expected
    System.out.println("Area of the traingle %f %f is ",x,y,);
                      ^
/Users/harshagudise/Documents/JavaSE/AreaOfTraingle.java:11: error: illegal start of type
    System.out.println("Area of the traingle %f %f is ",x,y,);
                       ^
8 errors
2023.03.01 15:43:40 WARN  no build target for: /Users/harshagudise/Documents/JavaSE/AreaOfTraingle.java
2023.03.01 15:43:41 WARN  Running javac-semanticdb failed for file:///Users/harshagudise/Documents/JavaSE/AreaOfTraingle.java. Output:
/Users/harshagudise/Documents/JavaSE/AreaOfTraingle.java:7: error: <identifier> expected
    System.out.println("Enter the length of traingle: ");
                      ^
/Users/harshagudise/Documents/JavaSE/AreaOfTraingle.java:7: error: illegal start of type
    System.out.println("Enter the length of traingle: ");
                       ^
/Users/harshagudise/Documents/JavaSE/AreaOfTraingle.java:8: error: <identifier> expected
    x = sc.nextFloat();
     ^
/Users/harshagudise/Documents/JavaSE/AreaOfTraingle.java:9: error: <identifier> expected
    System.out.println("Enter the breadth of traingle: ");
                      ^
/Users/harshagudise/Documents/JavaSE/AreaOfTraingle.java:9: error: illegal start of type
    System.out.println("Enter the breadth of traingle: ");
                       ^
/Users/harshagudise/Documents/JavaSE/AreaOfTraingle.java:10: error: <identifier> expected
    y = sc.nextFloat();
     ^
/Users/harshagudise/Documents/JavaSE/AreaOfTraingle.java:11: error: <identifier> expected
    System.out.println("Area of the traingle %f %f is %f",x,y,);
                      ^
/Users/harshagudise/Documents/JavaSE/AreaOfTraingle.java:11: error: illegal start of type
    System.out.println("Area of the traingle %f %f is %f",x,y,);
                       ^
8 errors
2023.03.01 15:43:49 WARN  no build target for: /Users/harshagudise/Documents/JavaSE/AreaOfTraingle.java
2023.03.01 15:43:50 WARN  Running javac-semanticdb failed for file:///Users/harshagudise/Documents/JavaSE/AreaOfTraingle.java. Output:
/Users/harshagudise/Documents/JavaSE/AreaOfTraingle.java:7: error: <identifier> expected
    System.out.println("Enter the length of traingle: ");
                      ^
/Users/harshagudise/Documents/JavaSE/AreaOfTraingle.java:7: error: illegal start of type
    System.out.println("Enter the length of traingle: ");
                       ^
/Users/harshagudise/Documents/JavaSE/AreaOfTraingle.java:8: error: <identifier> expected
    x = sc.nextFloat();
     ^
/Users/harshagudise/Documents/JavaSE/AreaOfTraingle.java:9: error: <identifier> expected
    System.out.println("Enter the breadth of traingle: ");
                      ^
/Users/harshagudise/Documents/JavaSE/AreaOfTraingle.java:9: error: illegal start of type
    System.out.println("Enter the breadth of traingle: ");
                       ^
/Users/harshagudise/Documents/JavaSE/AreaOfTraingle.java:10: error: <identifier> expected
    y = sc.nextFloat();
     ^
/Users/harshagudise/Documents/JavaSE/AreaOfTraingle.java:11: error: <identifier> expected
    System.out.println("Area of the traingle %f %f is %f",x,y,1/2);
                      ^
/Users/harshagudise/Documents/JavaSE/AreaOfTraingle.java:11: error: illegal start of type
    System.out.println("Area of the traingle %f %f is %f",x,y,1/2);
                       ^
8 errors
2023.03.01 15:43:52 WARN  no build target for: /Users/harshagudise/Documents/JavaSE/AreaOfTraingle.java
2023.03.01 15:43:54 WARN  no build target for: /Users/harshagudise/Documents/JavaSE/AreaOfTraingle.java
2023.03.01 15:43:54 WARN  Running javac-semanticdb failed for file:///Users/harshagudise/Documents/JavaSE/AreaOfTraingle.java. Output:
/Users/harshagudise/Documents/JavaSE/AreaOfTraingle.java:7: error: <identifier> expected
    System.out.println("Enter the length of traingle: ");
                      ^
/Users/harshagudise/Documents/JavaSE/AreaOfTraingle.java:7: error: illegal start of type
    System.out.println("Enter the length of traingle: ");
                       ^
/Users/harshagudise/Documents/JavaSE/AreaOfTraingle.java:8: error: <identifier> expected
    x = sc.nextFloat();
     ^
/Users/harshagudise/Documents/JavaSE/AreaOfTraingle.java:9: error: <identifier> expected
    System.out.println("Enter the breadth of traingle: ");
                      ^
/Users/harshagudise/Documents/JavaSE/AreaOfTraingle.java:9: error: illegal start of type
    System.out.println("Enter the breadth of traingle: ");
                       ^
/Users/harshagudise/Documents/JavaSE/AreaOfTraingle.java:10: error: <identifier> expected
    y = sc.nextFloat();
     ^
/Users/harshagudise/Documents/JavaSE/AreaOfTraingle.java:11: error: <identifier> expected
    System.out.println("Area of the traingle %f %f is %f",x,y,0.5);
                      ^
/Users/harshagudise/Documents/JavaSE/AreaOfTraingle.java:11: error: illegal start of type
    System.out.println("Area of the traingle %f %f is %f",x,y,0.5);
                       ^
8 errors
2023.03.01 15:43:55 WARN  no build target for: /Users/harshagudise/Documents/JavaSE/AreaOfTraingle.java
2023.03.01 15:43:55 WARN  Running javac-semanticdb failed for file:///Users/harshagudise/Documents/JavaSE/AreaOfTraingle.java. Output:
/Users/harshagudise/Documents/JavaSE/AreaOfTraingle.java:7: error: <identifier> expected
    System.out.println("Enter the length of traingle: ");
                      ^
/Users/harshagudise/Documents/JavaSE/AreaOfTraingle.java:7: error: illegal start of type
    System.out.println("Enter the length of traingle: ");
                       ^
/Users/harshagudise/Documents/JavaSE/AreaOfTraingle.java:8: error: <identifier> expected
    x = sc.nextFloat();
     ^
/Users/harshagudise/Documents/JavaSE/AreaOfTraingle.java:9: error: <identifier> expected
    System.out.println("Enter the breadth of traingle: ");
                      ^
/Users/harshagudise/Documents/JavaSE/AreaOfTraingle.java:9: error: illegal start of type
    System.out.println("Enter the breadth of traingle: ");
                       ^
/Users/harshagudise/Documents/JavaSE/AreaOfTraingle.java:10: error: <identifier> expected
    y = sc.nextFloat();
     ^
/Users/harshagudise/Documents/JavaSE/AreaOfTraingle.java:11: error: <identifier> expected
    System.out.println("Area of the traingle %f %f is %f",x,y,0.5*);
                      ^
/Users/harshagudise/Documents/JavaSE/AreaOfTraingle.java:11: error: illegal start of type
    System.out.println("Area of the traingle %f %f is %f",x,y,0.5*);
                       ^
8 errors
2023.03.01 15:43:56 WARN  Running javac-semanticdb failed for file:///Users/harshagudise/Documents/JavaSE/AreaOfTraingle.java. Output:
/Users/harshagudise/Documents/JavaSE/AreaOfTraingle.java:7: error: <identifier> expected
    System.out.println("Enter the length of traingle: ");
                      ^
/Users/harshagudise/Documents/JavaSE/AreaOfTraingle.java:7: error: illegal start of type
    System.out.println("Enter the length of traingle: ");
                       ^
/Users/harshagudise/Documents/JavaSE/AreaOfTraingle.java:8: error: <identifier> expected
    x = sc.nextFloat();
     ^
/Users/harshagudise/Documents/JavaSE/AreaOfTraingle.java:9: error: <identifier> expected
    System.out.println("Enter the breadth of traingle: ");
                      ^
/Users/harshagudise/Documents/JavaSE/AreaOfTraingle.java:9: error: illegal start of type
    System.out.println("Enter the breadth of traingle: ");
                       ^
/Users/harshagudise/Documents/JavaSE/AreaOfTraingle.java:10: error: <identifier> expected
    y = sc.nextFloat();
     ^
/Users/harshagudise/Documents/JavaSE/AreaOfTraingle.java:11: error: <identifier> expected
    System.out.println("Area of the traingle %f %f is %f",x,y,0.5*());
                      ^
/Users/harshagudise/Documents/JavaSE/AreaOfTraingle.java:11: error: illegal start of type
    System.out.println("Area of the traingle %f %f is %f",x,y,0.5*());
                       ^
8 errors
2023.03.01 15:43:56 INFO  time: code lens generation in 3.21s
2023.03.01 15:43:56 INFO  time: code lens generation in 2.03s
2023.03.01 15:43:58 WARN  no build target for: /Users/harshagudise/Documents/JavaSE/AreaOfTraingle.java
2023.03.01 15:43:59 WARN  Running javac-semanticdb failed for file:///Users/harshagudise/Documents/JavaSE/AreaOfTraingle.java. Output:
/Users/harshagudise/Documents/JavaSE/AreaOfTraingle.java:7: error: <identifier> expected
    System.out.println("Enter the length of traingle: ");
                      ^
/Users/harshagudise/Documents/JavaSE/AreaOfTraingle.java:7: error: illegal start of type
    System.out.println("Enter the length of traingle: ");
                       ^
/Users/harshagudise/Documents/JavaSE/AreaOfTraingle.java:8: error: <identifier> expected
    x = sc.nextFloat();
     ^
/Users/harshagudise/Documents/JavaSE/AreaOfTraingle.java:9: error: <identifier> expected
    System.out.println("Enter the breadth of traingle: ");
                      ^
/Users/harshagudise/Documents/JavaSE/AreaOfTraingle.java:9: error: illegal start of type
    System.out.println("Enter the breadth of traingle: ");
                       ^
/Users/harshagudise/Documents/JavaSE/AreaOfTraingle.java:10: error: <identifier> expected
    y = sc.nextFloat();
     ^
/Users/harshagudise/Documents/JavaSE/AreaOfTraingle.java:11: error: <identifier> expected
    System.out.println("Area of the traingle %f %f is %f",x,y,0.5*);
                      ^
/Users/harshagudise/Documents/JavaSE/AreaOfTraingle.java:11: error: illegal start of type
    System.out.println("Area of the traingle %f %f is %f",x,y,0.5*);
                       ^
8 errors
2023.03.01 15:44:01 WARN  no build target for: /Users/harshagudise/Documents/JavaSE/AreaOfTraingle.java
2023.03.01 15:44:02 WARN  Running javac-semanticdb failed for file:///Users/harshagudise/Documents/JavaSE/AreaOfTraingle.java. Output:
/Users/harshagudise/Documents/JavaSE/AreaOfTraingle.java:7: error: <identifier> expected
    System.out.println("Enter the length of traingle: ");
                      ^
/Users/harshagudise/Documents/JavaSE/AreaOfTraingle.java:7: error: illegal start of type
    System.out.println("Enter the length of traingle: ");
                       ^
/Users/harshagudise/Documents/JavaSE/AreaOfTraingle.java:8: error: <identifier> expected
    x = sc.nextFloat();
     ^
/Users/harshagudise/Documents/JavaSE/AreaOfTraingle.java:9: error: <identifier> expected
    System.out.println("Enter the breadth of traingle: ");
                      ^
/Users/harshagudise/Documents/JavaSE/AreaOfTraingle.java:9: error: illegal start of type
    System.out.println("Enter the breadth of traingle: ");
                       ^
/Users/harshagudise/Documents/JavaSE/AreaOfTraingle.java:10: error: <identifier> expected
    y = sc.nextFloat();
     ^
/Users/harshagudise/Documents/JavaSE/AreaOfTraingle.java:11: error: <identifier> expected
    System.out.println("Area of the traingle %f %f is %f",x,y,0.5*x*y);
                      ^
/Users/harshagudise/Documents/JavaSE/AreaOfTraingle.java:11: error: illegal start of type
    System.out.println("Area of the traingle %f %f is %f",x,y,0.5*x*y);
                       ^
8 errors
2023.03.01 15:44:13 WARN  no build target for: /Users/harshagudise/Documents/JavaSE/AreaOfTraingle.java
2023.03.01 15:44:15 WARN  Running javac-semanticdb failed for file:///Users/harshagudise/Documents/JavaSE/AreaOfTraingle.java. Output:
/Users/harshagudise/Documents/JavaSE/AreaOfTraingle.java:8: error: <identifier> expected
    System.out.println("Enter the length of traingle: ");
                      ^
/Users/harshagudise/Documents/JavaSE/AreaOfTraingle.java:8: error: illegal start of type
    System.out.println("Enter the length of traingle: ");
                       ^
/Users/harshagudise/Documents/JavaSE/AreaOfTraingle.java:9: error: <identifier> expected
    x = sc.nextFloat();
     ^
/Users/harshagudise/Documents/JavaSE/AreaOfTraingle.java:10: error: <identifier> expected
    System.out.println("Enter the breadth of traingle: ");
                      ^
/Users/harshagudise/Documents/JavaSE/AreaOfTraingle.java:10: error: illegal start of type
    System.out.println("Enter the breadth of traingle: ");
                       ^
/Users/harshagudise/Documents/JavaSE/AreaOfTraingle.java:11: error: <identifier> expected
    y = sc.nextFloat();
     ^
/Users/harshagudise/Documents/JavaSE/AreaOfTraingle.java:12: error: <identifier> expected
    System.out.println("Area of the traingle %f %f is %f",x,y,0.5*x*y);
                      ^
/Users/harshagudise/Documents/JavaSE/AreaOfTraingle.java:12: error: illegal start of type
    System.out.println("Area of the traingle %f %f is %f",x,y,0.5*x*y);
                       ^
8 errors
2023.03.01 15:44:17 WARN  no build target for: /Users/harshagudise/Documents/JavaSE/AreaOfTraingle.java
2023.03.01 15:44:18 WARN  Running javac-semanticdb failed for file:///Users/harshagudise/Documents/JavaSE/AreaOfTraingle.java. Output:
/Users/harshagudise/Documents/JavaSE/AreaOfTraingle.java:10: error: <identifier> expected
    System.out.println("Enter the length of traingle: ");
                      ^
/Users/harshagudise/Documents/JavaSE/AreaOfTraingle.java:10: error: illegal start of type
    System.out.println("Enter the length of traingle: ");
                       ^
/Users/harshagudise/Documents/JavaSE/AreaOfTraingle.java:11: error: <identifier> expected
    x = sc.nextFloat();
     ^
/Users/harshagudise/Documents/JavaSE/AreaOfTraingle.java:12: error: <identifier> expected
    System.out.println("Enter the breadth of traingle: ");
                      ^
/Users/harshagudise/Documents/JavaSE/AreaOfTraingle.java:12: error: illegal start of type
    System.out.println("Enter the breadth of traingle: ");
                       ^
/Users/harshagudise/Documents/JavaSE/AreaOfTraingle.java:13: error: <identifier> expected
    y = sc.nextFloat();
     ^
/Users/harshagudise/Documents/JavaSE/AreaOfTraingle.java:14: error: <identifier> expected
    System.out.println("Area of the traingle %f %f is %f",x,y,0.5*x*y);
                      ^
/Users/harshagudise/Documents/JavaSE/AreaOfTraingle.java:14: error: illegal start of type
    System.out.println("Area of the traingle %f %f is %f",x,y,0.5*x*y);
                       ^
8 errors
2023.03.01 15:44:22 WARN  no build target for: /Users/harshagudise/Documents/JavaSE/AreaOfTraingle.java
2023.03.01 15:44:24 WARN  no build target for: /Users/harshagudise/Documents/JavaSE/AreaOfTraingle.java
2023.03.01 15:44:26 INFO  time: code lens generation in 3.29s
2023.03.01 15:44:27 WARN  no build target for: /Users/harshagudise/Documents/JavaSE/AreaOfTraingle.java
2023.03.01 15:44:31 WARN  no build target for: /Users/harshagudise/Documents/JavaSE/AreaOfTraingle.java
2023.03.01 15:44:37 WARN  no build target for: /Users/harshagudise/Documents/JavaSE/AreaOfTraingle.java
2023.03.01 15:44:38 WARN  no build target for: /Users/harshagudise/Documents/JavaSE/AreaOfTraingle.java
2023.03.01 15:44:41 WARN  no build target for: /Users/harshagudise/Documents/JavaSE/AreaOfTraingle.java
2023.03.01 15:44:42 INFO  time: code lens generation in 2.21s
2023.03.01 15:44:44 INFO  time: code lens generation in 3.79s
2023.03.01 15:44:44 INFO  time: code lens generation in 6.58s
2023.03.01 15:44:51 WARN  no build target for: /Users/harshagudise/Documents/JavaSE/AreaOfTraingle.java
2023.03.01 15:44:53 WARN  Running javac-semanticdb failed for file:///Users/harshagudise/Documents/JavaSE/AreaOfTraingle.java. Output:
/Users/harshagudise/Documents/JavaSE/AreaOfTraingle.java:12: error: <identifier> expected
        System.out.("Area of the traingle %f %f is %f",x,y,0.5*x*y);
                   ^
1 error
2023.03.01 15:44:53 WARN  no build target for: /Users/harshagudise/Documents/JavaSE/AreaOfTraingle.java
2023.03.01 15:44:55 WARN  no build target for: /Users/harshagudise/Documents/JavaSE/AreaOfTraingle.java
2023.03.01 15:44:57 INFO  time: code lens generation in 3.5s
2023.03.01 15:44:58 WARN  no build target for: /Users/harshagudise/Documents/JavaSE/AreaOfTraingle.java
2023.03.01 15:45:00 WARN  Running javac-semanticdb failed for file:///Users/harshagudise/Documents/JavaSE/AreaOfTraingle.java. Output:
/Users/harshagudise/Documents/JavaSE/AreaOfTraingle.java:12: error: not a statement
        System.out.form"Area of the traingle %f %f is %f",x,y,0.5*x*y);
                  ^
/Users/harshagudise/Documents/JavaSE/AreaOfTraingle.java:12: error: ';' expected
        System.out.form"Area of the traingle %f %f is %f",x,y,0.5*x*y);
                       ^
/Users/harshagudise/Documents/JavaSE/AreaOfTraingle.java:12: error: not a statement
        System.out.form"Area of the traingle %f %f is %f",x,y,0.5*x*y);
                                                          ^
/Users/harshagudise/Documents/JavaSE/AreaOfTraingle.java:12: error: ';' expected
        System.out.form"Area of the traingle %f %f is %f",x,y,0.5*x*y);
                                                           ^
/Users/harshagudise/Documents/JavaSE/AreaOfTraingle.java:12: error: not a statement
        System.out.form"Area of the traingle %f %f is %f",x,y,0.5*x*y);
                                                            ^
/Users/harshagudise/Documents/JavaSE/AreaOfTraingle.java:12: error: ';' expected
        System.out.form"Area of the traingle %f %f is %f",x,y,0.5*x*y);
                                                             ^
/Users/harshagudise/Documents/JavaSE/AreaOfTraingle.java:12: error: not a statement
        System.out.form"Area of the traingle %f %f is %f",x,y,0.5*x*y);
                                                                   ^
/Users/harshagudise/Documents/JavaSE/AreaOfTraingle.java:12: error: ';' expected
        System.out.form"Area of the traingle %f %f is %f",x,y,0.5*x*y);
                                                                     ^
8 errors
2023.03.01 15:45:02 WARN  no build target for: /Users/harshagudise/Documents/JavaSE/AreaOfTraingle.java
2023.03.01 15:45:03 WARN  Cannot tokenize Java file file:///Users/harshagudise/Documents/JavaSE/AreaOfTraingle.javaorg.eclipse.jdt.core.compiler.InvalidInputException: Invalid_Char_In_String
	at org.eclipse.jdt.internal.core.util.PublicScanner.getNextToken(PublicScanner.java:1564)
	at scala.meta.internal.parsing.JavaTokens$.loop$1(JavaTokens.scala:71)
	at scala.meta.internal.parsing.JavaTokens$.$anonfun$tokenize$1(JavaTokens.scala:75)
	at scala.util.Try$.apply(Try.scala:210)
	at scala.meta.internal.parsing.JavaTokens$.tokenize(JavaTokens.scala:35)
	at scala.meta.internal.parsing.TokenEditDistance$.apply(TokenEditDistance.scala:370)
	at scala.meta.internal.metals.Diagnostics.publishDiagnostics(Diagnostics.scala:226)
	at scala.meta.internal.metals.Diagnostics.publishDiagnostics(Diagnostics.scala:188)
	at scala.meta.internal.metals.Diagnostics.didChange(Diagnostics.scala:136)
	at scala.meta.internal.metals.MetalsLanguageServer.didChange(MetalsLanguageServer.scala:1275)
	at jdk.internal.reflect.GeneratedMethodAccessor1.invoke(null)
	at jdk.internal.reflect.DelegatingMethodAccessorImpl.invoke(DelegatingMethodAccessorImpl.java:43)
	at java.lang.reflect.Method.invoke(Method.java:566)
	at org.eclipse.lsp4j.jsonrpc.services.GenericEndpoint.lambda$null$0(GenericEndpoint.java:65)
	at org.eclipse.lsp4j.jsonrpc.services.GenericEndpoint.notify(GenericEndpoint.java:152)
	at org.eclipse.lsp4j.jsonrpc.RemoteEndpoint.handleNotification(RemoteEndpoint.java:220)
	at org.eclipse.lsp4j.jsonrpc.RemoteEndpoint.consume(RemoteEndpoint.java:187)
	at org.eclipse.lsp4j.jsonrpc.json.StreamMessageProducer.handleMessage(StreamMessageProducer.java:194)
	at org.eclipse.lsp4j.jsonrpc.json.StreamMessageProducer.listen(StreamMessageProducer.java:94)
	at org.eclipse.lsp4j.jsonrpc.json.ConcurrentMessageProcessor.run(ConcurrentMessageProcessor.java:113)
	at java.util.concurrent.Executors$RunnableAdapter.call(Executors.java:515)
	at java.util.concurrent.FutureTask.run(FutureTask.java:264)
	at java.util.concurrent.ThreadPoolExecutor.runWorker(ThreadPoolExecutor.java:1128)
	at java.util.concurrent.ThreadPoolExecutor$Worker.run(ThreadPoolExecutor.java:628)
	at java.lang.Thread.run(Thread.java:834)

Mar 01, 2023 3:45:03 PM org.eclipse.lsp4j.jsonrpc.RemoteEndpoint fallbackResponseError
SEVERE: Internal error: org.eclipse.jdt.core.compiler.InvalidInputException: Invalid_Char_In_String
java.util.concurrent.CompletionException: org.eclipse.jdt.core.compiler.InvalidInputException: Invalid_Char_In_String
	at java.base/java.util.concurrent.CompletableFuture.encodeThrowable(CompletableFuture.java:331)
	at java.base/java.util.concurrent.CompletableFuture.completeThrowable(CompletableFuture.java:346)
	at java.base/java.util.concurrent.CompletableFuture$UniAccept.tryFire(CompletableFuture.java:704)
	at java.base/java.util.concurrent.CompletableFuture.postComplete(CompletableFuture.java:506)
	at java.base/java.util.concurrent.CompletableFuture.completeExceptionally(CompletableFuture.java:2088)
	at scala.meta.internal.metals.CancelTokens$.$anonfun$future$1(CancelTokens.scala:40)
	at scala.meta.internal.metals.CancelTokens$.$anonfun$future$1$adapted(CancelTokens.scala:38)
	at scala.concurrent.impl.Promise$Transformation.run(Promise.scala:484)
	at java.base/java.util.concurrent.ThreadPoolExecutor.runWorker(ThreadPoolExecutor.java:1128)
	at java.base/java.util.concurrent.ThreadPoolExecutor$Worker.run(ThreadPoolExecutor.java:628)
	at java.base/java.lang.Thread.run(Thread.java:834)
Caused by: org.eclipse.jdt.core.compiler.InvalidInputException: Invalid_Char_In_String
	at org.eclipse.jdt.internal.core.util.PublicScanner.getNextToken(PublicScanner.java:1564)
	at scala.meta.internal.parsing.JavaFoldingRangeExtractor.next$1(JavaFoldingRangeExtractor.scala:100)
	at scala.meta.internal.parsing.JavaFoldingRangeExtractor.gather$1(JavaFoldingRangeExtractor.scala:147)
	at scala.meta.internal.parsing.JavaFoldingRangeExtractor.extract(JavaFoldingRangeExtractor.scala:155)
	at scala.meta.internal.parsing.FoldingRangeProvider.$anonfun$getRangedForJava$2(FoldingRangeProvider.scala:54)
	at scala.Option$WithFilter.map(Option.scala:242)
	at scala.meta.internal.parsing.FoldingRangeProvider.getRangedForJava(FoldingRangeProvider.scala:49)
	at scala.meta.internal.metals.MetalsLanguageServer.$anonfun$foldingRange$3(MetalsLanguageServer.scala:1809)
	at scala.concurrent.Future$.$anonfun$apply$1(Future.scala:678)
	at scala.concurrent.impl.Promise$Transformation.run(Promise.scala:467)
	... 3 more

2023.03.01 15:45:04 WARN  no build target for: /Users/harshagudise/Documents/JavaSE/AreaOfTraingle.java
2023.03.01 15:45:04 WARN  Running javac-semanticdb failed for file:///Users/harshagudise/Documents/JavaSE/AreaOfTraingle.java. Output:
/Users/harshagudise/Documents/JavaSE/AreaOfTraingle.java:12: error: ';' expected
        System.out.format("")"Area of the traingle %f %f is %f",x,y,0.5*x*y);
                             ^
/Users/harshagudise/Documents/JavaSE/AreaOfTraingle.java:12: error: not a statement
        System.out.format("")"Area of the traingle %f %f is %f",x,y,0.5*x*y);
                                                                ^
/Users/harshagudise/Documents/JavaSE/AreaOfTraingle.java:12: error: ';' expected
        System.out.format("")"Area of the traingle %f %f is %f",x,y,0.5*x*y);
                                                                 ^
/Users/harshagudise/Documents/JavaSE/AreaOfTraingle.java:12: error: not a statement
        System.out.format("")"Area of the traingle %f %f is %f",x,y,0.5*x*y);
                                                                  ^
/Users/harshagudise/Documents/JavaSE/AreaOfTraingle.java:12: error: ';' expected
        System.out.format("")"Area of the traingle %f %f is %f",x,y,0.5*x*y);
                                                                   ^
/Users/harshagudise/Documents/JavaSE/AreaOfTraingle.java:12: error: not a statement
        System.out.format("")"Area of the traingle %f %f is %f",x,y,0.5*x*y);
                                                                         ^
/Users/harshagudise/Documents/JavaSE/AreaOfTraingle.java:12: error: ';' expected
        System.out.format("")"Area of the traingle %f %f is %f",x,y,0.5*x*y);
                                                                           ^
7 errors
2023.03.01 15:45:05 WARN  no build target for: /Users/harshagudise/Documents/JavaSE/AreaOfTraingle.java
2023.03.01 15:45:08 INFO  time: code lens generation in 5.23s
2023.03.01 15:45:08 INFO  time: code lens generation in 4.13s
2023.03.01 15:46:34 WARN  no build target for: /Users/harshagudise/Documents/JavaSE/AreaOfTraingle.java
2023.03.01 15:46:37 WARN  no build target for: /Users/harshagudise/Documents/JavaSE/AreaOfTraingle.java
2023.03.01 15:46:40 INFO  time: code lens generation in 2.54s
2023.03.01 15:46:40 INFO  time: code lens generation in 5.03s
2023.03.01 15:46:40 WARN  no build target for: /Users/harshagudise/Documents/JavaSE/AreaOfTraingle.java
2023.03.01 15:46:42 WARN  no build target for: /Users/harshagudise/Documents/JavaSE/AreaOfTraingle.java
2023.03.01 15:46:45 INFO  time: code lens generation in 2.42s
2023.03.01 15:46:45 INFO  time: code lens generation in 4.11s
2023.03.01 15:46:46 WARN  no build target for: /Users/harshagudise/Documents/JavaSE/AreaOfTraingle.java
2023.03.01 15:46:48 INFO  time: code lens generation in 1.61s
2023.03.01 15:46:52 WARN  no build target for: /Users/harshagudise/Documents/JavaSE/AreaOfTraingle.java
2023.03.01 15:46:54 INFO  time: code lens generation in 1.92s
2023.03.01 15:46:58 WARN  no build target for: /Users/harshagudise/Documents/JavaSE/AreaOfTraingle.java
2023.03.01 15:50:04 WARN  no build target for: /Users/harshagudise/Documents/JavaSE/AreaOfTraingleUsingSides.java
2023.03.01 15:50:06 INFO  time: code lens generation in 1.18s
2023.03.01 15:50:06 WARN  no build target for: /Users/harshagudise/Documents/JavaSE/AreaOfTraingleUsingSides.java
2023.03.01 15:50:11 WARN  no build target for: /Users/harshagudise/Documents/JavaSE/AreaOfTraingleUsingSides.java
2023.03.01 15:50:15 WARN  no build target for: /Users/harshagudise/Documents/JavaSE/AreaOfTraingleUsingSides.java
2023.03.01 15:50:16 WARN  Running javac-semanticdb failed for file:///Users/harshagudise/Documents/JavaSE/AreaOfTraingleUsingSides.java. Output:
/Users/harshagudise/Documents/JavaSE/AreaOfTraingleUsingSides.java:3: error: not a statement
        i
        ^
/Users/harshagudise/Documents/JavaSE/AreaOfTraingleUsingSides.java:3: error: ';' expected
        i
         ^
2 errors
2023.03.01 15:50:23 WARN  no build target for: /Users/harshagudise/Documents/JavaSE/AreaOfTraingleUsingSides.java
2023.03.01 15:50:27 WARN  no build target for: /Users/harshagudise/Documents/JavaSE/AreaOfTraingleUsingSides.java
2023.03.01 15:50:30 WARN  no build target for: /Users/harshagudise/Documents/JavaSE/AreaOfTraingleUsingSides.java
2023.03.01 15:50:32 WARN  Running javac-semanticdb failed for file:///Users/harshagudise/Documents/JavaSE/AreaOfTraingleUsingSides.java. Output:
/Users/harshagudise/Documents/JavaSE/AreaOfTraingleUsingSides.java:1: error: <identifier> expected
import 
      ^
1 error
2023.03.01 15:50:32 INFO  time: code lens generation in 1.18s
2023.03.01 15:50:33 WARN  no build target for: /Users/harshagudise/Documents/JavaSE/AreaOfTraingleUsingSides.java
2023.03.01 15:50:34 WARN  Running javac-semanticdb failed for file:///Users/harshagudise/Documents/JavaSE/AreaOfTraingleUsingSides.java. Output:
/Users/harshagudise/Documents/JavaSE/AreaOfTraingleUsingSides.java:1: error: <identifier> expected
import java.lang.
                 ^
1 error
2023.03.01 15:50:34 INFO  time: code lens generation in 1.1s
2023.03.01 15:50:38 WARN  no build target for: /Users/harshagudise/Documents/JavaSE/AreaOfTraingleUsingSides.java
2023.03.01 15:50:39 WARN  Running javac-semanticdb failed for file:///Users/harshagudise/Documents/JavaSE/AreaOfTraingleUsingSides.java. Output:
/Users/harshagudise/Documents/JavaSE/AreaOfTraingleUsingSides.java:2: error: <identifier> expected
import java.
            ^
1 error
2023.03.01 15:50:40 WARN  no build target for: /Users/harshagudise/Documents/JavaSE/AreaOfTraingleUsingSides.java
2023.03.01 15:50:41 WARN  Running javac-semanticdb failed for file:///Users/harshagudise/Documents/JavaSE/AreaOfTraingleUsingSides.java. Output:
/Users/harshagudise/Documents/JavaSE/AreaOfTraingleUsingSides.java:2: error: ';' expected
import java.uti
               ^
1 error
2023.03.01 15:50:42 WARN  no build target for: /Users/harshagudise/Documents/JavaSE/AreaOfTraingleUsingSides.java
2023.03.01 15:50:45 INFO  time: code lens generation in 1.61s
2023.03.01 15:50:45 INFO  time: code lens generation in 2.33s
2023.03.01 15:50:45 WARN  no build target for: /Users/harshagudise/Documents/JavaSE/AreaOfTraingleUsingSides.java
2023.03.01 15:50:47 INFO  time: code lens generation in 1.22s
2023.03.01 15:50:51 WARN  no build target for: /Users/harshagudise/Documents/JavaSE/AreaOfTraingleUsingSides.java
2023.03.01 15:50:55 WARN  no build target for: /Users/harshagudise/Documents/JavaSE/AreaOfTraingleUsingSides.java
2023.03.01 15:50:58 WARN  no build target for: /Users/harshagudise/Documents/JavaSE/AreaOfTraingleUsingSides.java
2023.03.01 15:51:01 WARN  no build target for: /Users/harshagudise/Documents/JavaSE/AreaOfTraingleUsingSides.java
2023.03.01 15:51:10 WARN  no build target for: /Users/harshagudise/Documents/JavaSE/AreaOfTraingleUsingSides.java
2023.03.01 15:51:21 WARN  no build target for: /Users/harshagudise/Documents/JavaSE/AreaOfTraingleUsingSides.java
2023.03.01 15:51:25 WARN  no build target for: /Users/harshagudise/Documents/JavaSE/AreaOfTraingleUsingSides.java
2023.03.01 15:51:27 INFO  time: code lens generation in 1.64s
2023.03.01 15:51:33 WARN  no build target for: /Users/harshagudise/Documents/JavaSE/AreaOfTraingleUsingSides.java
2023.03.01 15:51:35 WARN  Running javac-semanticdb failed for file:///Users/harshagudise/Documents/JavaSE/AreaOfTraingleUsingSides.java. Output:
/Users/harshagudise/Documents/JavaSE/AreaOfTraingleUsingSides.java:10: error: ';' expected
        Scanner sc = new Scanner(null)
                                      ^
1 error
2023.03.01 15:51:35 INFO  time: code lens generation in 1.76s
2023.03.01 15:51:37 WARN  no build target for: /Users/harshagudise/Documents/JavaSE/AreaOfTraingleUsingSides.java
2023.03.01 15:51:39 WARN  Running javac-semanticdb failed for file:///Users/harshagudise/Documents/JavaSE/AreaOfTraingleUsingSides.java. Output:
/Users/harshagudise/Documents/JavaSE/AreaOfTraingleUsingSides.java:10: error: ';' expected
        Scanner sc = new Scanner(System.in)
                                           ^
1 error
2023.03.01 15:51:39 WARN  no build target for: /Users/harshagudise/Documents/JavaSE/AreaOfTraingleUsingSides.java
2023.03.01 15:51:43 WARN  no build target for: /Users/harshagudise/Documents/JavaSE/AreaOfTraingleUsingSides.java
2023.03.01 15:51:45 WARN  Running javac-semanticdb failed for file:///Users/harshagudise/Documents/JavaSE/AreaOfTraingleUsingSides.java. Output:
/Users/harshagudise/Documents/JavaSE/AreaOfTraingleUsingSides.java:12: error: illegal start of expression
    }
    ^
1 error
2023.03.01 15:51:45 INFO  time: code lens generation in 1.31s
2023.03.01 15:51:46 WARN  no build target for: /Users/harshagudise/Documents/JavaSE/AreaOfTraingleUsingSides.java
2023.03.01 15:51:47 WARN  Running javac-semanticdb failed for file:///Users/harshagudise/Documents/JavaSE/AreaOfTraingleUsingSides.java. Output:
/Users/harshagudise/Documents/JavaSE/AreaOfTraingleUsingSides.java:11: error: ';' expected
        a = sc.nextInt(a)
                         ^
1 error
2023.03.01 15:51:49 WARN  no build target for: /Users/harshagudise/Documents/JavaSE/AreaOfTraingleUsingSides.java
2023.03.01 15:51:50 WARN  no build target for: /Users/harshagudise/Documents/JavaSE/AreaOfTraingleUsingSides.java
2023.03.01 15:51:52 WARN  no build target for: /Users/harshagudise/Documents/JavaSE/AreaOfTraingleUsingSides.java
2023.03.01 15:51:52 WARN  Running javac-semanticdb failed for file:///Users/harshagudise/Documents/JavaSE/AreaOfTraingleUsingSides.java. Output:
/Users/harshagudise/Documents/JavaSE/AreaOfTraingleUsingSides.java:12: error: ';' expected
        b=sc
            ^
1 error
2023.03.01 15:51:53 WARN  Running javac-semanticdb failed for file:///Users/harshagudise/Documents/JavaSE/AreaOfTraingleUsingSides.java. Output:
/Users/harshagudise/Documents/JavaSE/AreaOfTraingleUsingSides.java:12: error: ';' expected
        b=sc
            ^
1 error
2023.03.01 15:51:53 INFO  time: code lens generation in 3.61s
2023.03.01 15:51:53 INFO  time: code lens generation in 4.05s
2023.03.01 15:51:53 INFO  time: code lens generation in 2.14s
2023.03.01 15:51:58 WARN  no build target for: /Users/harshagudise/Documents/JavaSE/AreaOfTraingleUsingSides.java
2023.03.01 15:51:59 WARN  Running javac-semanticdb failed for file:///Users/harshagudise/Documents/JavaSE/AreaOfTraingleUsingSides.java. Output:
/Users/harshagudise/Documents/JavaSE/AreaOfTraingleUsingSides.java:12: error: ';' expected
        b = sc.nextInt()
                        ^
1 error
2023.03.01 15:52:04 WARN  no build target for: /Users/harshagudise/Documents/JavaSE/AreaOfTraingleUsingSides.java
2023.03.01 15:52:05 INFO  time: code lens generation in 1.6s
2023.03.01 15:52:07 WARN  no build target for: /Users/harshagudise/Documents/JavaSE/AreaOfTraingleUsingSides.java
2023.03.01 15:52:11 WARN  no build target for: /Users/harshagudise/Documents/JavaSE/AreaOfTraingleUsingSides.java
2023.03.01 15:52:18 WARN  no build target for: /Users/harshagudise/Documents/JavaSE/AreaOfTraingleUsingSides.java
2023.03.01 15:52:22 WARN  no build target for: /Users/harshagudise/Documents/JavaSE/AreaOfTraingleUsingSides.java
2023.03.01 15:52:42 WARN  no build target for: /Users/harshagudise/Documents/JavaSE/AreaOfTraingleUsingSides.java
2023.03.01 15:52:44 WARN  no build target for: /Users/harshagudise/Documents/JavaSE/AreaOfTraingleUsingSides.java
2023.03.01 15:52:50 WARN  no build target for: /Users/harshagudise/Documents/JavaSE/AreaOfTraingleUsingSides.java
2023.03.01 15:52:51 WARN  Running javac-semanticdb failed for file:///Users/harshagudise/Documents/JavaSE/AreaOfTraingleUsingSides.java. Output:
/Users/harshagudise/Documents/JavaSE/AreaOfTraingleUsingSides.java:15: error: illegal start of expression
        System.out.println("Value of S is ")+ ;
                                              ^
/Users/harshagudise/Documents/JavaSE/AreaOfTraingleUsingSides.java:15: error: not a statement
        System.out.println("Value of S is ")+ ;
                                            ^
2 errors
2023.03.01 15:52:53 WARN  no build target for: /Users/harshagudise/Documents/JavaSE/AreaOfTraingleUsingSides.java
2023.03.01 15:52:55 WARN  no build target for: /Users/harshagudise/Documents/JavaSE/AreaOfTraingleUsingSides.java
2023.03.01 15:52:56 WARN  Running javac-semanticdb failed for file:///Users/harshagudise/Documents/JavaSE/AreaOfTraingleUsingSides.java. Output:
/Users/harshagudise/Documents/JavaSE/AreaOfTraingleUsingSides.java:15: error: illegal start of expression
        System.out.println("Value of S is "+);
                                            ^
1 error
2023.03.01 15:52:56 INFO  time: code lens generation in 2.35s
2023.03.01 15:53:02 WARN  no build target for: /Users/harshagudise/Documents/JavaSE/AreaOfTraingleUsingSides.java
2023.03.01 15:53:04 WARN  Running javac-semanticdb failed for file:///Users/harshagudise/Documents/JavaSE/AreaOfTraingleUsingSides.java. Output:
/Users/harshagudise/Documents/JavaSE/AreaOfTraingleUsingSides.java:15: error: illegal start of expression
        System.out.println("Value of S is "+0.5*);
                                                ^
1 error
2023.03.01 15:53:07 WARN  no build target for: /Users/harshagudise/Documents/JavaSE/AreaOfTraingleUsingSides.java
2023.03.01 15:53:08 WARN  Running javac-semanticdb failed for file:///Users/harshagudise/Documents/JavaSE/AreaOfTraingleUsingSides.java. Output:
/Users/harshagudise/Documents/JavaSE/AreaOfTraingleUsingSides.java:15: error: -> expected
        System.out.println("Value of S is "+0.5*());
                                                  ^
1 error
2023.03.01 15:53:08 INFO  time: code lens generation in 1.38s
2023.03.01 15:53:10 WARN  no build target for: /Users/harshagudise/Documents/JavaSE/AreaOfTraingleUsingSides.java
2023.03.01 15:53:27 WARN  no build target for: /Users/harshagudise/Documents/JavaSE/AreaOfTraingleUsingSides.java
2023.03.01 15:53:31 WARN  no build target for: /Users/harshagudise/Documents/JavaSE/AreaOfTraingleUsingSides.java
2023.03.01 15:53:33 WARN  Running javac-semanticdb failed for file:///Users/harshagudise/Documents/JavaSE/AreaOfTraingleUsingSides.java. Output:
/Users/harshagudise/Documents/JavaSE/AreaOfTraingleUsingSides.java:15: error: -> expected
        s = 0.5*()
                  ^
1 error
2023.03.01 15:53:35 WARN  no build target for: /Users/harshagudise/Documents/JavaSE/AreaOfTraingleUsingSides.java
2023.03.01 15:53:36 WARN  no build target for: /Users/harshagudise/Documents/JavaSE/AreaOfTraingleUsingSides.java
2023.03.01 15:53:36 WARN  Running javac-semanticdb failed for file:///Users/harshagudise/Documents/JavaSE/AreaOfTraingleUsingSides.java. Output:
/Users/harshagudise/Documents/JavaSE/AreaOfTraingleUsingSides.java:15: error: ';' expected
        s = 0.5*(a+b+c)
                       ^
1 error
2023.03.01 15:53:38 INFO  time: code lens generation in 2.66s
2023.03.01 15:53:40 WARN  no build target for: /Users/harshagudise/Documents/JavaSE/AreaOfTraingleUsingSides.java
2023.03.01 15:53:42 INFO  time: code lens generation in 1.02s
2023.03.01 15:53:42 WARN  no build target for: /Users/harshagudise/Documents/JavaSE/AreaOfTraingleUsingSides.java
2023.03.01 15:53:44 INFO  time: code lens generation in 1.67s
2023.03.01 15:53:44 INFO  time: code lens generation in 1.37s
2023.03.01 15:53:47 WARN  no build target for: /Users/harshagudise/Documents/JavaSE/AreaOfTraingleUsingSides.java
2023.03.01 15:53:56 WARN  no build target for: /Users/harshagudise/Documents/JavaSE/AreaOfTraingleUsingSides.java
2023.03.01 15:54:04 WARN  no build target for: /Users/harshagudise/Documents/JavaSE/AreaOfTraingleUsingSides.java
2023.03.01 15:54:06 INFO  time: code lens generation in 1.24s
2023.03.01 15:54:07 WARN  no build target for: /Users/harshagudise/Documents/JavaSE/AreaOfTraingleUsingSides.java
2023.03.01 15:54:11 WARN  no build target for: /Users/harshagudise/Documents/JavaSE/AreaOfTraingleUsingSides.java
Mar 01, 2023 3:54:12 PM org.eclipse.lsp4j.jsonrpc.RemoteEndpoint handleCancellation
WARNING: Unmatched cancel notification for request id 4274
2023.03.01 15:54:13 INFO  time: code lens generation in 1.2s
2023.03.01 15:54:14 WARN  no build target for: /Users/harshagudise/Documents/JavaSE/AreaOfTraingleUsingSides.java
2023.03.01 15:54:16 WARN  no build target for: /Users/harshagudise/Documents/JavaSE/AreaOfTraingleUsingSides.java
2023.03.01 15:54:24 WARN  no build target for: /Users/harshagudise/Documents/JavaSE/AreaOfTraingleUsingSides.java
2023.03.01 15:54:28 WARN  no build target for: /Users/harshagudise/Documents/JavaSE/AreaOfTraingleUsingSides.java
2023.03.01 15:54:32 WARN  no build target for: /Users/harshagudise/Documents/JavaSE/AreaOfTraingleUsingSides.java
2023.03.01 15:54:36 WARN  no build target for: /Users/harshagudise/Documents/JavaSE/AreaOfTraingleUsingSides.java
2023.03.01 15:54:44 WARN  no build target for: /Users/harshagudise/Documents/JavaSE/AreaOfTraingleUsingSides.java
2023.03.01 15:54:47 WARN  no build target for: /Users/harshagudise/Documents/JavaSE/AreaOfTraingleUsingSides.java
2023.03.01 15:54:48 WARN  Running javac-semanticdb failed for file:///Users/harshagudise/Documents/JavaSE/AreaOfTraingleUsingSides.java. Output:
/Users/harshagudise/Documents/JavaSE/AreaOfTraingleUsingSides.java:19: error: illegal start of expression
        System.out.println("Area of given dimension traingle is "+);
                                                                  ^
1 error
2023.03.01 15:54:54 WARN  no build target for: /Users/harshagudise/Documents/JavaSE/AreaOfTraingleUsingSides.java
2023.03.01 15:54:57 WARN  no build target for: /Users/harshagudise/Documents/JavaSE/AreaOfTraingleUsingSides.java
2023.03.01 15:55:02 WARN  no build target for: /Users/harshagudise/Documents/JavaSE/AreaOfTraingleUsingSides.java
2023.03.01 15:55:05 INFO  time: code lens generation in 2.02s
2023.03.01 15:55:05 INFO  time: code lens generation in 1.36s
2023.03.01 15:55:05 WARN  no build target for: /Users/harshagudise/Documents/JavaSE/AreaOfTraingleUsingSides.java
2023.03.01 15:55:06 WARN  no build target for: /Users/harshagudise/Documents/JavaSE/AreaOfTraingleUsingSides.java
2023.03.01 15:55:08 WARN  Running javac-semanticdb failed for file:///Users/harshagudise/Documents/JavaSE/AreaOfTraingleUsingSides.java. Output:
/Users/harshagudise/Documents/JavaSE/AreaOfTraingleUsingSides.java:19: error: illegal start of expression
        System.out.println("Area of given dimension traingle is "+sqrt(s*(s-a)*));
                                                                               ^
1 error
2023.03.01 15:55:08 INFO  time: code lens generation in 1.32s
2023.03.01 15:55:08 INFO  time: code lens generation in 1.76s
2023.03.01 15:55:08 INFO  time: code lens generation in 2.88s
2023.03.01 15:55:09 WARN  no build target for: /Users/harshagudise/Documents/JavaSE/AreaOfTraingleUsingSides.java
2023.03.01 15:55:11 INFO  time: code lens generation in 1s
2023.03.01 15:55:11 WARN  no build target for: /Users/harshagudise/Documents/JavaSE/AreaOfTraingleUsingSides.java
2023.03.01 15:55:13 INFO  time: code lens generation in 1.35s
2023.03.01 15:55:14 WARN  no build target for: /Users/harshagudise/Documents/JavaSE/AreaOfTraingleUsingSides.java
2023.03.01 15:55:20 WARN  no build target for: /Users/harshagudise/Documents/JavaSE/AreaOfTraingleUsingSides.java
2023.03.01 15:55:24 WARN  no build target for: /Users/harshagudise/Documents/JavaSE/AreaOfTraingleUsingSides.java
2023.03.01 15:55:26 WARN  no build target for: /Users/harshagudise/Documents/JavaSE/AreaOfTraingleUsingSides.java
2023.03.01 15:55:28 INFO  time: code lens generation in 3.14s
2023.03.01 15:55:28 WARN  no build target for: /Users/harshagudise/Documents/JavaSE/AreaOfTraingleUsingSides.java
2023.03.01 15:55:42 WARN  no build target for: /Users/harshagudise/Documents/JavaSE/AreaOfTraingleUsingSides.java
2023.03.01 15:55:43 WARN  Running javac-semanticdb failed for file:///Users/harshagudise/Documents/JavaSE/AreaOfTraingleUsingSides.java. Output:
/Users/harshagudise/Documents/JavaSE/AreaOfTraingleUsingSides.java:3: error: <identifier> expected
import java.math.;
                 ^
1 error
2023.03.01 15:55:44 WARN  no build target for: /Users/harshagudise/Documents/JavaSE/AreaOfTraingleUsingSides.java
2023.03.01 15:56:04 WARN  no build target for: /Users/harshagudise/Documents/JavaSE/AreaOfTraingleUsingSides.java
2023.03.01 15:56:13 WARN  no build target for: /Users/harshagudise/Documents/JavaSE/AreaOfTraingleUsingSides.java
2023.03.01 15:56:18 WARN  no build target for: /Users/harshagudise/Documents/JavaSE/AreaOfTraingleUsingSides.java
2023.03.01 15:56:20 WARN  Running javac-semanticdb failed for file:///Users/harshagudise/Documents/JavaSE/AreaOfTraingleUsingSides.java. Output:
/Users/harshagudise/Documents/JavaSE/AreaOfTraingleUsingSides.java:19: error: ';' expected
        area = sq
                 ^
1 error
2023.03.01 15:56:20 WARN  no build target for: /Users/harshagudise/Documents/JavaSE/AreaOfTraingleUsingSides.java
2023.03.01 15:56:21 WARN  Running javac-semanticdb failed for file:///Users/harshagudise/Documents/JavaSE/AreaOfTraingleUsingSides.java. Output:
/Users/harshagudise/Documents/JavaSE/AreaOfTraingleUsingSides.java:19: error: ';' expected
        area = sqrt
                   ^
1 error
2023.03.01 15:56:30 WARN  no build target for: /Users/harshagudise/Documents/JavaSE/AreaOfTraingleUsingSides.java
2023.03.01 15:56:32 WARN  no build target for: /Users/harshagudise/Documents/JavaSE/AreaOfTraingleUsingSides.java
2023.03.01 15:56:33 WARN  Running javac-semanticdb failed for file:///Users/harshagudise/Documents/JavaSE/AreaOfTraingleUsingSides.java. Output:
/Users/harshagudise/Documents/JavaSE/AreaOfTraingleUsingSides.java:19: error: ';' expected
        area = java
                   ^
1 error
2023.03.01 15:56:33 INFO  time: code lens generation in 2.46s
2023.03.01 15:56:33 INFO  time: code lens generation in 1.08s
2023.03.01 15:56:35 WARN  no build target for: /Users/harshagudise/Documents/JavaSE/AreaOfTraingleUsingSides.java
2023.03.01 15:56:38 INFO  time: code lens generation in 2.71s
2023.03.01 15:56:38 INFO  time: code lens generation in 1.31s
2023.03.01 15:56:39 WARN  no build target for: /Users/harshagudise/Documents/JavaSE/AreaOfTraingleUsingSides.java
2023.03.01 15:56:40 WARN  Running javac-semanticdb failed for file:///Users/harshagudise/Documents/JavaSE/AreaOfTraingleUsingSides.java. Output:
/Users/harshagudise/Documents/JavaSE/AreaOfTraingleUsingSides.java:19: error: ';' expected
        area = java.math.sqrt
                             ^
1 error
2023.03.01 15:56:41 WARN  no build target for: /Users/harshagudise/Documents/JavaSE/AreaOfTraingleUsingSides.java
2023.03.01 15:56:42 WARN  Running javac-semanticdb failed for file:///Users/harshagudise/Documents/JavaSE/AreaOfTraingleUsingSides.java. Output:
/Users/harshagudise/Documents/JavaSE/AreaOfTraingleUsingSides.java:19: error: ';' expected
        area = java.math.sqrt()
                               ^
1 error
2023.03.01 15:56:50 WARN  no build target for: /Users/harshagudise/Documents/JavaSE/AreaOfTraingleUsingSides.java
2023.03.01 15:56:55 WARN  no build target for: /Users/harshagudise/Documents/JavaSE/AreaOfTraingleUsingSides.java
2023.03.01 15:56:56 WARN  Running javac-semanticdb failed for file:///Users/harshagudise/Documents/JavaSE/AreaOfTraingleUsingSides.java. Output:
/Users/harshagudise/Documents/JavaSE/AreaOfTraingleUsingSides.java:18: error: ';' expected
        System.out.println("Area of traingle using S is sqrt(s*(s-a)*(s-b)*(s-c)) ")
                                                                                    ^
1 error
2023.03.01 15:56:56 WARN  no build target for: /Users/harshagudise/Documents/JavaSE/AreaOfTraingleUsingSides.java
2023.03.01 15:57:15 WARN  no build target for: /Users/harshagudise/Documents/JavaSE/AreaOfTraingleUsingSides.java
2023.03.01 15:57:23 WARN  no build target for: /Users/harshagudise/Documents/JavaSE/AreaOfTraingleUsingSides.java
2023.03.01 15:57:44 WARN  no build target for: /Users/harshagudise/Documents/JavaSE/AreaOfTraingleUsingSides.java
2023.03.01 15:57:51 WARN  no build target for: /Users/harshagudise/Documents/JavaSE/AreaOfTraingleUsingSides.java
2023.03.01 15:57:56 WARN  no build target for: /Users/harshagudise/Documents/JavaSE/AreaOfTraingleUsingSides.java
2023.03.01 15:57:58 WARN  no build target for: /Users/harshagudise/Documents/JavaSE/AreaOfTraingleUsingSides.java
2023.03.01 15:57:59 INFO  time: code lens generation in 11s
2023.03.01 15:57:59 INFO  time: code lens generation in 10s
2023.03.01 15:57:59 INFO  time: code lens generation in 12s
2023.03.01 15:57:59 INFO  time: code lens generation in 1.79s
2023.03.01 15:57:59 INFO  time: code lens generation in 9.09s
2023.03.01 15:57:59 INFO  time: code lens generation in 4.73s
2023.03.01 16:00:06 WARN  no build target for: /Users/harshagudise/Documents/JavaSE/AreaOfTraingleUsingSides.java
2023.03.01 16:00:14 WARN  no build target for: /Users/harshagudise/Documents/JavaSE/AreaOfTraingleUsingSides.java
2023.03.01 16:00:15 WARN  Running javac-semanticdb failed for file:///Users/harshagudise/Documents/JavaSE/AreaOfTraingleUsingSides.java. Output:
/Users/harshagudise/Documents/JavaSE/AreaOfTraingleUsingSides.java:19: error: illegal start of expression
        System.out.println("Area of given dimension traingle is "+ );
                                                                   ^
1 error
2023.03.01 16:00:16 WARN  no build target for: /Users/harshagudise/Documents/JavaSE/AreaOfTraingleUsingSides.java
2023.03.01 16:00:21 WARN  no build target for: /Users/harshagudise/Documents/JavaSE/AreaOfTraingleUsingSides.java
2023.03.01 16:00:22 WARN  Running javac-semanticdb failed for file:///Users/harshagudise/Documents/JavaSE/AreaOfTraingleUsingSides.java. Output:
/Users/harshagudise/Documents/JavaSE/AreaOfTraingleUsingSides.java:18: error: ';' expected
        area = Math.sqrt(s*(s-a)*(s-b)*(s-c))
                                             ^
1 error
2023.03.01 16:00:29 WARN  no build target for: /Users/harshagudise/Documents/JavaSE/AreaOfTraingleUsingSides.java
2023.03.01 16:00:31 WARN  Running javac-semanticdb failed for file:///Users/harshagudise/Documents/JavaSE/AreaOfTraingleUsingSides.java. Output:
/Users/harshagudise/Documents/JavaSE/AreaOfTraingleUsingSides.java:19: error: ';' expected
        area = Math.sqrt(s*(s-a)*(s-b)*(s-c))
                                             ^
1 error
2023.03.01 16:00:32 WARN  no build target for: /Users/harshagudise/Documents/JavaSE/AreaOfTraingleUsingSides.java
2023.03.01 16:00:36 WARN  no build target for: /Users/harshagudise/Documents/JavaSE/AreaOfTraingleUsingSides.java
2023.03.03 15:37:19 WARN  no build target for: /Users/harshagudise/Documents/JavaSE/AreaOfTraingleUsingSides.java
